11-12-2022 19:51:36.072 [Gauge] [DEBUG] Attempting to connect to grpc server at port: 53005
11-12-2022 19:51:36.073 [Gauge] [DEBUG] Successfully made the connection with plugin with port: 53005
11-12-2022 19:51:36.075 [Gauge] [INFO] Initializing concepts cache with 0 concepts
11-12-2022 19:51:36.077 [Gauge] [INFO] Initializing specs cache with 1 specs
11-12-2022 19:51:36.077 [Gauge] [DEBUG] Adding specs from C:\Users\mmete\IdeaProjects\gaugeExample\specs\example.spec
11-12-2022 19:51:36.077 [Gauge] [INFO] Initializing steps cache with 1 steps
11-12-2022 19:51:36.077 [Gauge] [ERROR] Unable to add directory C:\Users\mmete\IdeaProjects\gaugeExample\C:\Users\mmete\IdeaProjects\gaugeExample\specs\example.spec to file watcher: GetFileAttributes: The filename, directory name, or volume label syntax is incorrect.
11-12-2022 19:51:36.081 [spectacle] [INFO] Succesfully converted specs to html => C:\Users\mmete\AppData\Local\Temp\gaugeExample\docs\html\index.html
11-12-2022 20:16:00.913 [Gauge] [DEBUG] Created gauge_screenshots_dir at C:\Users\mmete\IdeaProjects\gaugeExample\.gauge\screenshots
11-12-2022 20:16:00.914 [Gauge] [DEBUG] Plugin java is already installed.
11-12-2022 20:16:00.914 [Gauge] [INFO] Compatible version of plugin html-report not found. Installing plugin html-report...
11-12-2022 20:16:00.914 [Gauge] [DEBUG] Gathering metadata for html-report
11-12-2022 20:16:00.915 [Gauge] [DEBUG] Downloading https://downloads.gauge.org/plugin/html-report?l=java&p=java,spectacle&o=windows&a=amd64
11-12-2022 20:16:01.206 [Gauge] [DEBUG] Downloading https://github.com/getgauge/html-report/releases/download/v4.2.0/html-report-4.2.0-windows.x86_64.zip
11-12-2022 20:16:03.461 [Gauge] [DEBUG] Installing plugin html-report 4.2.0
11-12-2022 20:16:03.662 [Gauge] [INFO] Successfully installed plugin 'html-report' version 4.2.0
11-12-2022 20:16:03.662 [Gauge] [INFO] Installing required plugins.
11-12-2022 20:16:03.662 [Gauge] [DEBUG] Installing plugin 'screenshot'
11-12-2022 20:16:03.662 [Gauge] [DEBUG] Gathering metadata for screenshot
11-12-2022 20:16:03.663 [Gauge] [DEBUG] Downloading https://downloads.gauge.org/plugin/screenshot?l=java&p=html-report,java,spectacle&o=windows&a=amd64
11-12-2022 20:16:03.744 [Gauge] [DEBUG] Downloading https://github.com/getgauge/gauge_screenshot/releases/download/v0.1.0/screenshot-0.1.0-windows.x86_64.zip
11-12-2022 20:16:03.804 [Gauge] [DEBUG] Checking updates...
11-12-2022 20:16:03.804 [Gauge] [DEBUG] Downloading https://downloads.gauge.org/plugin/html-report?l=java&p=html-report,java,spectacle&o=windows&a=amd64
11-12-2022 20:16:03.889 [Gauge] [DEBUG] Downloading https://downloads.gauge.org/plugin/java?l=java&p=html-report,java,spectacle&o=windows&a=amd64
11-12-2022 20:16:03.971 [Gauge] [DEBUG] Downloading https://downloads.gauge.org/plugin/spectacle?l=java&p=html-report,java,spectacle&o=windows&a=amd64
11-12-2022 20:16:04.427 [Gauge] [DEBUG] Installing plugin screenshot 0.1.0
11-12-2022 20:16:04.696 [Gauge] [INFO] Successfully installed plugin 'screenshot' version 0.1.0
11-12-2022 20:16:04.696 [Gauge] [DEBUG] Parsing started.
11-12-2022 20:16:04.696 [Gauge] [DEBUG] Started concepts parsing.
11-12-2022 20:16:04.699 [Gauge] [DEBUG] 0 concepts parsing completed.
11-12-2022 20:16:04.699 [Gauge] [DEBUG] Started specifications parsing.
11-12-2022 20:16:04.699 [Gauge] [DEBUG] 1 specifications parsing completed.
11-12-2022 20:16:04.699 [Gauge] [DEBUG] Parsing completed.
11-12-2022 20:16:04.846 [java] [DEBUG] ***** Printing Properties/Env Values *****
11-12-2022 20:16:04.846 [java] [DEBUG] PATH: C:\Program Files\Common Files\Oracle\Java\javapath;C:\WINDOWS\system32;C:\WINDOWS;C:\WINDOWS\System32\Wbem;C:\WINDOWS\System32\WindowsPowerShell\v1.0\;C:\WINDOWS\System32\OpenSSH\;C:\Program Files\Git\cmd;C:\Program Files\Gauge\bin;C:\Users\mmete\AppData\Local\Microsoft\WindowsApps;;C:\Program Files\JetBrains\IntelliJ IDEA Community Edition 2022.2.3\bin;;C:\Users\mmete\AppData\Roaming\gauge\plugins\screenshot\0.1.0
11-12-2022 20:16:04.846 [java] [DEBUG] JAVA_HOME: 
11-12-2022 20:16:04.846 [java] [DEBUG] gauge_project_root: C:\Users\mmete\IdeaProjects\gaugeExample
11-12-2022 20:16:04.847 [java] [DEBUG] gauge_parallel_streams_count: 12
11-12-2022 20:16:04.847 [java] [DEBUG] gauge_reports_dir: reports
11-12-2022 20:16:04.847 [java] [DEBUG] overwrite_reports: true
11-12-2022 20:16:04.847 [java] [DEBUG] logs_directory: logs
11-12-2022 20:16:04.847 [java] [DEBUG] enable_multithreading: 
11-12-2022 20:16:04.847 [java] [DEBUG] gauge_specs_dir: specs
11-12-2022 20:16:04.847 [java] [DEBUG] csv_delimiter: ,
11-12-2022 20:16:04.847 [java] [DEBUG] gauge_java_home: 
11-12-2022 20:16:04.847 [java] [DEBUG] gauge_custom_build_path: 
11-12-2022 20:16:04.847 [java] [DEBUG] gauge_additional_libs: libs/*
11-12-2022 20:16:04.847 [java] [DEBUG] gauge_jvm_args: 
11-12-2022 20:16:04.847 [java] [DEBUG] gauge_custom_compile_dir: 
11-12-2022 20:16:04.847 [java] [DEBUG] gauge_clear_state_level: scenario
11-12-2022 20:16:04.847 [java] [DEBUG] ***** END *****
11-12-2022 20:16:04.849 [java] [ERROR] exec: "mvn": executable file not found in %!P(MISSING)ATH%!(NOVERB)
11-12-2022 20:16:04.849 [java] [ERROR] Installed version of gauge-java (0.9.1) does not match with dependency gauge-java () specified in pom.xml file
11-12-2022 20:16:04.849 [java] [DEBUG] classpath set to C:\Program Files\Java\jdk-19!\java.base;C:\Program Files\Java\jdk-19!\java.compiler;C:\Program Files\Java\jdk-19!\java.datatransfer;C:\Program Files\Java\jdk-19!\java.desktop;C:\Program Files\Java\jdk-19!\java.instrument;C:\Program Files\Java\jdk-19!\java.logging;C:\Program Files\Java\jdk-19!\java.management;C:\Program Files\Java\jdk-19!\java.management.rmi;C:\Program Files\Java\jdk-19!\java.naming;C:\Program Files\Java\jdk-19!\java.net.http;C:\Program Files\Java\jdk-19!\java.prefs;C:\Program Files\Java\jdk-19!\java.rmi;C:\Program Files\Java\jdk-19!\java.scripting;C:\Program Files\Java\jdk-19!\java.se;C:\Program Files\Java\jdk-19!\java.security.jgss;C:\Program Files\Java\jdk-19!\java.security.sasl;C:\Program Files\Java\jdk-19!\java.smartcardio;C:\Program Files\Java\jdk-19!\java.sql;C:\Program Files\Java\jdk-19!\java.sql.rowset;C:\Program Files\Java\jdk-19!\java.transaction.xa;C:\Program Files\Java\jdk-19!\java.xml;C:\Program Files\Java\jdk-19!\java.xml.crypto;C:\Program Files\Java\jdk-19!\jdk.accessibility;C:\Program Files\Java\jdk-19!\jdk.attach;C:\Program Files\Java\jdk-19!\jdk.charsets;C:\Program Files\Java\jdk-19!\jdk.compiler;C:\Program Files\Java\jdk-19!\jdk.crypto.cryptoki;C:\Program Files\Java\jdk-19!\jdk.crypto.ec;C:\Program Files\Java\jdk-19!\jdk.crypto.mscapi;C:\Program Files\Java\jdk-19!\jdk.dynalink;C:\Program Files\Java\jdk-19!\jdk.editpad;C:\Program Files\Java\jdk-19!\jdk.hotspot.agent;C:\Program Files\Java\jdk-19!\jdk.httpserver;C:\Program Files\Java\jdk-19!\jdk.incubator.concurrent;C:\Program Files\Java\jdk-19!\jdk.incubator.vector;C:\Program Files\Java\jdk-19!\jdk.internal.ed;C:\Program Files\Java\jdk-19!\jdk.internal.jvmstat;C:\Program Files\Java\jdk-19!\jdk.internal.le;C:\Program Files\Java\jdk-19!\jdk.internal.opt;C:\Program Files\Java\jdk-19!\jdk.internal.vm.ci;C:\Program Files\Java\jdk-19!\jdk.internal.vm.compiler;C:\Program Files\Java\jdk-19!\jdk.internal.vm.compiler.management;C:\Program Files\Java\jdk-19!\jdk.jartool;C:\Program Files\Java\jdk-19!\jdk.javadoc;C:\Program Files\Java\jdk-19!\jdk.jcmd;C:\Program Files\Java\jdk-19!\jdk.jconsole;C:\Program Files\Java\jdk-19!\jdk.jdeps;C:\Program Files\Java\jdk-19!\jdk.jdi;C:\Program Files\Java\jdk-19!\jdk.jdwp.agent;C:\Program Files\Java\jdk-19!\jdk.jfr;C:\Program Files\Java\jdk-19!\jdk.jlink;C:\Program Files\Java\jdk-19!\jdk.jpackage;C:\Program Files\Java\jdk-19!\jdk.jshell;C:\Program Files\Java\jdk-19!\jdk.jsobject;C:\Program Files\Java\jdk-19!\jdk.jstatd;C:\Program Files\Java\jdk-19!\jdk.localedata;C:\Program Files\Java\jdk-19!\jdk.management;C:\Program Files\Java\jdk-19!\jdk.management.agent;C:\Program Files\Java\jdk-19!\jdk.management.jfr;C:\Program Files\Java\jdk-19!\jdk.naming.dns;C:\Program Files\Java\jdk-19!\jdk.naming.rmi;C:\Program Files\Java\jdk-19!\jdk.net;C:\Program Files\Java\jdk-19!\jdk.nio.mapmode;C:\Program Files\Java\jdk-19!\jdk.random;C:\Program Files\Java\jdk-19!\jdk.sctp;C:\Program Files\Java\jdk-19!\jdk.security.auth;C:\Program Files\Java\jdk-19!\jdk.security.jgss;C:\Program Files\Java\jdk-19!\jdk.unsupported;C:\Program Files\Java\jdk-19!\jdk.unsupported.desktop;C:\Program Files\Java\jdk-19!\jdk.xml.dom;C:\Program Files\Java\jdk-19!\jdk.zipfs;C:\Users\mmete\IdeaProjects\gaugeExample\target\test-classes;C:\Users\mmete\.m2\repository\com\thoughtworks\gauge\gauge-java\0.6.0\gauge-java-0.6.0.jar;C:\Users\mmete\.m2\repository\junit\junit\4.12\junit-4.12.jar;C:\Users\mmete\.m2\repository\org\reflections\reflections\0.9.10\reflections-0.9.10.jar;C:\Users\mmete\.m2\repository\com\google\guava\guava\15.0\guava-15.0.jar;C:\Users\mmete\.m2\repository\org\javassist\javassist\3.19.0-GA\javassist-3.19.0-GA.jar;C:\Users\mmete\.m2\repository\com\google\code\findbugs\annotations\2.0.1\annotations-2.0.1.jar;C:\Users\mmete\.m2\repository\com\github\javaparser\javaparser-core\2.3.0\javaparser-core-2.3.0.jar;C:\Users\mmete\.m2\repository\org\hamcrest\hamcrest-core\1.3\hamcrest-core-1.3.jar;C:\Users\mmete\.m2\repository\org\hamcrest\hamcrest-library\1.3\hamcrest-library-1.3.jar;C:\Users\mmete\.m2\repository\commons-io\commons-io\2.4\commons-io-2.4.jar;C:\Users\mmete\.m2\repository\commons-lang\commons-lang\2.6\commons-lang-2.6.jar;C:\Users\mmete\.m2\repository\com\google\protobuf\protobuf-java\3.1.0\protobuf-java-3.1.0.jar;C:\Users\mmete\.m2\repository\org\seleniumhq\selenium\selenium-java\4.4.0\selenium-java-4.4.0.jar;C:\Users\mmete\.m2\repository\org\seleniumhq\selenium\selenium-api\4.4.0\selenium-api-4.4.0.jar;C:\Users\mmete\.m2\repository\org\seleniumhq\selenium\selenium-chrome-driver\4.4.0\selenium-chrome-driver-4.4.0.jar;C:\Users\mmete\.m2\repository\com\google\auto\service\auto-service-annotations\1.0.1\auto-service-annotations-1.0.1.jar;C:\Users\mmete\.m2\repository\com\google\auto\service\auto-service\1.0.1\auto-service-1.0.1.jar;C:\Users\mmete\.m2\repository\com\google\auto\auto-common\1.2\auto-common-1.2.jar;C:\Users\mmete\.m2\repository\org\seleniumhq\selenium\selenium-chromium-driver\4.4.0\selenium-chromium-driver-4.4.0.jar;C:\Users\mmete\.m2\repository\org\seleniumhq\selenium\selenium-json\4.4.0\selenium-json-4.4.0.jar;C:\Users\mmete\.m2\repository\org\seleniumhq\selenium\selenium-devtools-v102\4.4.0\selenium-devtools-v102-4.4.0.jar;C:\Users\mmete\.m2\repository\org\seleniumhq\selenium\selenium-devtools-v103\4.4.0\selenium-devtools-v103-4.4.0.jar;C:\Users\mmete\.m2\repository\org\seleniumhq\selenium\selenium-devtools-v104\4.4.0\selenium-devtools-v104-4.4.0.jar;C:\Users\mmete\.m2\repository\org\seleniumhq\selenium\selenium-devtools-v85\4.4.0\selenium-devtools-v85-4.4.0.jar;C:\Users\mmete\.m2\repository\org\seleniumhq\selenium\selenium-edge-driver\4.4.0\selenium-edge-driver-4.4.0.jar;C:\Users\mmete\.m2\repository\org\seleniumhq\selenium\selenium-firefox-driver\4.4.0\selenium-firefox-driver-4.4.0.jar;C:\Users\mmete\.m2\repository\org\seleniumhq\selenium\selenium-ie-driver\4.4.0\selenium-ie-driver-4.4.0.jar;C:\Users\mmete\.m2\repository\org\seleniumhq\selenium\selenium-opera-driver\4.4.0\selenium-opera-driver-4.4.0.jar;C:\Users\mmete\.m2\repository\org\seleniumhq\selenium\selenium-remote-driver\4.4.0\selenium-remote-driver-4.4.0.jar;C:\Users\mmete\.m2\repository\io\netty\netty-buffer\4.1.78.Final\netty-buffer-4.1.78.Final.jar;C:\Users\mmete\.m2\repository\io\netty\netty-codec-http\4.1.78.Final\netty-codec-http-4.1.78.Final.jar;C:\Users\mmete\.m2\repository\io\netty\netty-codec\4.1.78.Final\netty-codec-4.1.78.Final.jar;C:\Users\mmete\.m2\repository\io\netty\netty-handler\4.1.78.Final\netty-handler-4.1.78.Final.jar;C:\Users\mmete\.m2\repository\io\netty\netty-common\4.1.78.Final\netty-common-4.1.78.Final.jar;C:\Users\mmete\.m2\repository\io\netty\netty-transport-classes-epoll\4.1.78.Final\netty-transport-classes-epoll-4.1.78.Final.jar;C:\Users\mmete\.m2\repository\io\netty\netty-transport-classes-kqueue\4.1.78.Final\netty-transport-classes-kqueue-4.1.78.Final.jar;C:\Users\mmete\.m2\repository\io\netty\netty-transport-native-epoll\4.1.78.Final\netty-transport-native-epoll-4.1.78.Final.jar;C:\Users\mmete\.m2\repository\io\netty\netty-transport-native-kqueue\4.1.78.Final\netty-transport-native-kqueue-4.1.78.Final.jar;C:\Users\mmete\.m2\repository\io\netty\netty-transport-native-unix-common\4.1.78.Final\netty-transport-native-unix-common-4.1.78.Final.jar;C:\Users\mmete\.m2\repository\io\netty\netty-transport\4.1.78.Final\netty-transport-4.1.78.Final.jar;C:\Users\mmete\.m2\repository\io\netty\netty-resolver\4.1.78.Final\netty-resolver-4.1.78.Final.jar;C:\Users\mmete\.m2\repository\io\opentelemetry\opentelemetry-api\1.16.0\opentelemetry-api-1.16.0.jar;C:\Users\mmete\.m2\repository\io\opentelemetry\opentelemetry-context\1.16.0\opentelemetry-context-1.16.0.jar;C:\Users\mmete\.m2\repository\io\opentelemetry\opentelemetry-exporter-logging\1.16.0\opentelemetry-exporter-logging-1.16.0.jar;C:\Users\mmete\.m2\repository\io\opentelemetry\opentelemetry-sdk-metrics\1.16.0\opentelemetry-sdk-metrics-1.16.0.jar;C:\Users\mmete\.m2\repository\io\opentelemetry\opentelemetry-sdk-logs\1.16.0-alpha\opentelemetry-sdk-logs-1.16.0-alpha.jar;C:\Users\mmete\.m2\repository\io\opentelemetry\opentelemetry-sdk-common\1.16.0\opentelemetry-sdk-common-1.16.0.jar;C:\Users\mmete\.m2\repository\io\opentelemetry\opentelemetry-sdk-extension-autoconfigure-spi\1.16.0\opentelemetry-sdk-extension-autoconfigure-spi-1.16.0.jar;C:\Users\mmete\.m2\repository\io\opentelemetry\opentelemetry-sdk-extension-autoconfigure\1.16.0-alpha\opentelemetry-sdk-extension-autoconfigure-1.16.0-alpha.jar;C:\Users\mmete\.m2\repository\io\opentelemetry\opentelemetry-sdk-trace\1.16.0\opentelemetry-sdk-trace-1.16.0.jar;C:\Users\mmete\.m2\repository\io\opentelemetry\opentelemetry-sdk\1.16.0\opentelemetry-sdk-1.16.0.jar;C:\Users\mmete\.m2\repository\io\opentelemetry\opentelemetry-semconv\1.16.0-alpha\opentelemetry-semconv-1.16.0-alpha.jar;C:\Users\mmete\.m2\repository\io\ous\jtoml\2.0.0\jtoml-2.0.0.jar;C:\Users\mmete\.m2\repository\net\bytebuddy\byte-buddy\1.12.10\byte-buddy-1.12.10.jar;C:\Users\mmete\.m2\repository\org\apache\commons\commons-exec\1.3\commons-exec-1.3.jar;C:\Users\mmete\.m2\repository\org\asynchttpclient\async-http-client\2.12.3\async-http-client-2.12.3.jar;C:\Users\mmete\.m2\repository\org\asynchttpclient\async-http-client-netty-utils\2.12.3\async-http-client-netty-utils-2.12.3.jar;C:\Users\mmete\.m2\repository\io\netty\netty-codec-socks\4.1.60.Final\netty-codec-socks-4.1.60.Final.jar;C:\Users\mmete\.m2\repository\io\netty\netty-handler-proxy\4.1.60.Final\netty-handler-proxy-4.1.60.Final.jar;C:\Users\mmete\.m2\repository\io\netty\netty-transport-native-epoll\4.1.60.Final\netty-transport-native-epoll-4.1.60.Final-linux-x86_64.jar;C:\Users\mmete\.m2\repository\io\netty\netty-transport-native-kqueue\4.1.60.Final\netty-transport-native-kqueue-4.1.60.Final-osx-x86_64.jar;C:\Users\mmete\.m2\repository\org\reactivestreams\reactive-streams\1.0.3\reactive-streams-1.0.3.jar;C:\Users\mmete\.m2\repository\com\typesafe\netty\netty-reactive-streams\2.0.4\netty-reactive-streams-2.0.4.jar;C:\Users\mmete\.m2\repository\com\sun\activation\jakarta.activation\1.2.2\jakarta.activation-1.2.2.jar;C:\Users\mmete\.m2\repository\org\seleniumhq\selenium\selenium-http\4.4.0\selenium-http-4.4.0.jar;C:\Users\mmete\.m2\repository\dev\failsafe\failsafe\3.2.4\failsafe-3.2.4.jar;C:\Users\mmete\.m2\repository\org\seleniumhq\selenium\selenium-safari-driver\4.4.0\selenium-safari-driver-4.4.0.jar;C:\Users\mmete\.m2\repository\org\seleniumhq\selenium\selenium-support\4.4.0\selenium-support-4.4.0.jar;C:\Users\mmete\.m2\repository\io\github\bonigarcia\webdrivermanager\5.3.0\webdrivermanager-5.3.0.jar;C:\Users\mmete\.m2\repository\org\slf4j\slf4j-api\1.7.36\slf4j-api-1.7.36.jar;C:\Users\mmete\.m2\repository\com\google\code\gson\gson\2.9.1\gson-2.9.1.jar;C:\Users\mmete\.m2\repository\com\github\docker-java\docker-java\3.2.13\docker-java-3.2.13.jar;C:\Users\mmete\.m2\repository\com\github\docker-java\docker-java-core\3.2.13\docker-java-core-3.2.13.jar;C:\Users\mmete\.m2\repository\com\github\docker-java\docker-java-api\3.2.13\docker-java-api-3.2.13.jar;C:\Users\mmete\.m2\repository\com\fasterxml\jackson\core\jackson-annotations\2.10.3\jackson-annotations-2.10.3.jar;C:\Users\mmete\.m2\repository\org\apache\commons\commons-compress\1.21\commons-compress-1.21.jar;C:\Users\mmete\.m2\repository\com\fasterxml\jackson\core\jackson-databind\2.10.3\jackson-databind-2.10.3.jar;C:\Users\mmete\.m2\repository\com\fasterxml\jackson\core\jackson-core\2.10.3\jackson-core-2.10.3.jar;C:\Users\mmete\.m2\repository\org\bouncycastle\bcpkix-jdk15on\1.64\bcpkix-jdk15on-1.64.jar;C:\Users\mmete\.m2\repository\org\bouncycastle\bcprov-jdk15on\1.64\bcprov-jdk15on-1.64.jar;C:\Users\mmete\.m2\repository\org\slf4j\jcl-over-slf4j\1.7.30\jcl-over-slf4j-1.7.30.jar;C:\Users\mmete\.m2\repository\com\github\docker-java\docker-java-transport-httpclient5\3.2.13\docker-java-transport-httpclient5-3.2.13.jar;C:\Users\mmete\.m2\repository\com\github\docker-java\docker-java-transport\3.2.13\docker-java-transport-3.2.13.jar;C:\Users\mmete\.m2\repository\net\java\dev\jna\jna\5.8.0\jna-5.8.0.jar;C:\Users\mmete\.m2\repository\org\brotli\dec\0.1.2\dec-0.1.2.jar;C:\Users\mmete\.m2\repository\org\apache\commons\commons-lang3\3.12.0\commons-lang3-3.12.0.jar;C:\Users\mmete\.m2\repository\org\apache\httpcomponents\client5\httpclient5\5.1.3\httpclient5-5.1.3.jar;C:\Users\mmete\.m2\repository\org\apache\httpcomponents\core5\httpcore5\5.1.3\httpcore5-5.1.3.jar;C:\Users\mmete\.m2\repository\org\apache\httpcomponents\core5\httpcore5-h2\5.1.3\httpcore5-h2-5.1.3.jar;C:\Users\mmete\.m2\repository\commons-codec\commons-codec\1.15\commons-codec-1.15.jar;C:\Users\mmete\.m2\repository\org\testng\testng\7.6.1\testng-7.6.1.jar;C:\Users\mmete\.m2\repository\com\google\code\findbugs\jsr305\3.0.2\jsr305-3.0.2.jar;C:\Users\mmete\.m2\repository\com\beust\jcommander\1.82\jcommander-1.82.jar;C:\Users\mmete\.m2\repository\org\webjars\jquery\3.6.0\jquery-3.6.0.jar
11-12-2022 20:16:04.850 [java] [DEBUG] found java executable in java.exe
11-12-2022 20:16:04.850 [java] [DEBUG] running - java.exe [-Dfile.encoding=UTF-8 com.thoughtworks.gauge.GaugeRuntime --start]
11-12-2022 20:16:04.850 [java] [DEBUG] stdout/stderr is logged to logs\14656-java.exe.out
11-12-2022 20:16:34.841 [Gauge] [CRITICAL] Failed to start gauge API: Timed out connecting to java
11-12-2022 20:17:36.146 [Gauge] [DEBUG] Created gauge_screenshots_dir at C:\Users\mmete\IdeaProjects\gaugeExample\.gauge\screenshots
11-12-2022 20:17:36.147 [Gauge] [DEBUG] Plugin java is already installed.
11-12-2022 20:17:36.148 [Gauge] [DEBUG] Plugin html-report is already installed.
11-12-2022 20:17:36.148 [Gauge] [DEBUG] Parsing started.
11-12-2022 20:17:36.148 [Gauge] [DEBUG] Started concepts parsing.
11-12-2022 20:17:36.151 [Gauge] [DEBUG] 0 concepts parsing completed.
11-12-2022 20:17:36.151 [Gauge] [DEBUG] Started specifications parsing.
11-12-2022 20:17:36.151 [Gauge] [DEBUG] 1 specifications parsing completed.
11-12-2022 20:17:36.151 [Gauge] [DEBUG] Parsing completed.
11-12-2022 20:17:36.164 [java] [DEBUG] ***** Printing Properties/Env Values *****
11-12-2022 20:17:36.164 [java] [DEBUG] PATH: C:\Program Files\Common Files\Oracle\Java\javapath;C:\WINDOWS\system32;C:\WINDOWS;C:\WINDOWS\System32\Wbem;C:\WINDOWS\System32\WindowsPowerShell\v1.0\;C:\WINDOWS\System32\OpenSSH\;C:\Program Files\Git\cmd;C:\Program Files\Gauge\bin;C:\Users\mmete\AppData\Local\Microsoft\WindowsApps;;C:\Program Files\JetBrains\IntelliJ IDEA Community Edition 2022.2.3\bin;;C:\Users\mmete\AppData\Roaming\gauge\plugins\screenshot\0.1.0
11-12-2022 20:17:36.165 [java] [DEBUG] JAVA_HOME: 
11-12-2022 20:17:36.165 [java] [DEBUG] gauge_project_root: C:\Users\mmete\IdeaProjects\gaugeExample
11-12-2022 20:17:36.165 [java] [DEBUG] gauge_parallel_streams_count: 12
11-12-2022 20:17:36.165 [java] [DEBUG] gauge_reports_dir: reports
11-12-2022 20:17:36.165 [java] [DEBUG] overwrite_reports: true
11-12-2022 20:17:36.165 [java] [DEBUG] logs_directory: logs
11-12-2022 20:17:36.165 [java] [DEBUG] enable_multithreading: 
11-12-2022 20:17:36.165 [java] [DEBUG] gauge_specs_dir: specs
11-12-2022 20:17:36.165 [java] [DEBUG] csv_delimiter: ,
11-12-2022 20:17:36.165 [java] [DEBUG] gauge_java_home: 
11-12-2022 20:17:36.165 [java] [DEBUG] gauge_custom_build_path: 
11-12-2022 20:17:36.165 [java] [DEBUG] gauge_additional_libs: libs/*
11-12-2022 20:17:36.165 [java] [DEBUG] gauge_jvm_args: 
11-12-2022 20:17:36.165 [java] [DEBUG] gauge_custom_compile_dir: 
11-12-2022 20:17:36.165 [java] [DEBUG] gauge_clear_state_level: scenario
11-12-2022 20:17:36.165 [java] [DEBUG] ***** END *****
11-12-2022 20:17:36.167 [java] [ERROR] exec: "mvn": executable file not found in %!P(MISSING)ATH%!(NOVERB)
11-12-2022 20:17:36.167 [java] [ERROR] Installed version of gauge-java (0.9.1) does not match with dependency gauge-java () specified in pom.xml file
11-12-2022 20:17:36.167 [java] [DEBUG] classpath set to C:\Program Files\Java\jdk-19!\java.base;C:\Program Files\Java\jdk-19!\java.compiler;C:\Program Files\Java\jdk-19!\java.datatransfer;C:\Program Files\Java\jdk-19!\java.desktop;C:\Program Files\Java\jdk-19!\java.instrument;C:\Program Files\Java\jdk-19!\java.logging;C:\Program Files\Java\jdk-19!\java.management;C:\Program Files\Java\jdk-19!\java.management.rmi;C:\Program Files\Java\jdk-19!\java.naming;C:\Program Files\Java\jdk-19!\java.net.http;C:\Program Files\Java\jdk-19!\java.prefs;C:\Program Files\Java\jdk-19!\java.rmi;C:\Program Files\Java\jdk-19!\java.scripting;C:\Program Files\Java\jdk-19!\java.se;C:\Program Files\Java\jdk-19!\java.security.jgss;C:\Program Files\Java\jdk-19!\java.security.sasl;C:\Program Files\Java\jdk-19!\java.smartcardio;C:\Program Files\Java\jdk-19!\java.sql;C:\Program Files\Java\jdk-19!\java.sql.rowset;C:\Program Files\Java\jdk-19!\java.transaction.xa;C:\Program Files\Java\jdk-19!\java.xml;C:\Program Files\Java\jdk-19!\java.xml.crypto;C:\Program Files\Java\jdk-19!\jdk.accessibility;C:\Program Files\Java\jdk-19!\jdk.attach;C:\Program Files\Java\jdk-19!\jdk.charsets;C:\Program Files\Java\jdk-19!\jdk.compiler;C:\Program Files\Java\jdk-19!\jdk.crypto.cryptoki;C:\Program Files\Java\jdk-19!\jdk.crypto.ec;C:\Program Files\Java\jdk-19!\jdk.crypto.mscapi;C:\Program Files\Java\jdk-19!\jdk.dynalink;C:\Program Files\Java\jdk-19!\jdk.editpad;C:\Program Files\Java\jdk-19!\jdk.hotspot.agent;C:\Program Files\Java\jdk-19!\jdk.httpserver;C:\Program Files\Java\jdk-19!\jdk.incubator.concurrent;C:\Program Files\Java\jdk-19!\jdk.incubator.vector;C:\Program Files\Java\jdk-19!\jdk.internal.ed;C:\Program Files\Java\jdk-19!\jdk.internal.jvmstat;C:\Program Files\Java\jdk-19!\jdk.internal.le;C:\Program Files\Java\jdk-19!\jdk.internal.opt;C:\Program Files\Java\jdk-19!\jdk.internal.vm.ci;C:\Program Files\Java\jdk-19!\jdk.internal.vm.compiler;C:\Program Files\Java\jdk-19!\jdk.internal.vm.compiler.management;C:\Program Files\Java\jdk-19!\jdk.jartool;C:\Program Files\Java\jdk-19!\jdk.javadoc;C:\Program Files\Java\jdk-19!\jdk.jcmd;C:\Program Files\Java\jdk-19!\jdk.jconsole;C:\Program Files\Java\jdk-19!\jdk.jdeps;C:\Program Files\Java\jdk-19!\jdk.jdi;C:\Program Files\Java\jdk-19!\jdk.jdwp.agent;C:\Program Files\Java\jdk-19!\jdk.jfr;C:\Program Files\Java\jdk-19!\jdk.jlink;C:\Program Files\Java\jdk-19!\jdk.jpackage;C:\Program Files\Java\jdk-19!\jdk.jshell;C:\Program Files\Java\jdk-19!\jdk.jsobject;C:\Program Files\Java\jdk-19!\jdk.jstatd;C:\Program Files\Java\jdk-19!\jdk.localedata;C:\Program Files\Java\jdk-19!\jdk.management;C:\Program Files\Java\jdk-19!\jdk.management.agent;C:\Program Files\Java\jdk-19!\jdk.management.jfr;C:\Program Files\Java\jdk-19!\jdk.naming.dns;C:\Program Files\Java\jdk-19!\jdk.naming.rmi;C:\Program Files\Java\jdk-19!\jdk.net;C:\Program Files\Java\jdk-19!\jdk.nio.mapmode;C:\Program Files\Java\jdk-19!\jdk.random;C:\Program Files\Java\jdk-19!\jdk.sctp;C:\Program Files\Java\jdk-19!\jdk.security.auth;C:\Program Files\Java\jdk-19!\jdk.security.jgss;C:\Program Files\Java\jdk-19!\jdk.unsupported;C:\Program Files\Java\jdk-19!\jdk.unsupported.desktop;C:\Program Files\Java\jdk-19!\jdk.xml.dom;C:\Program Files\Java\jdk-19!\jdk.zipfs;C:\Users\mmete\IdeaProjects\gaugeExample\target\test-classes;C:\Users\mmete\.m2\repository\com\thoughtworks\gauge\gauge-java\0.9.1\gauge-java-0.9.1.jar;C:\Users\mmete\.m2\repository\org\assertj\assertj-core\3.22.0\assertj-core-3.22.0.jar;C:\Users\mmete\.m2\repository\org\reflections\reflections\0.10.2\reflections-0.10.2.jar;C:\Users\mmete\.m2\repository\org\javassist\javassist\3.28.0-GA\javassist-3.28.0-GA.jar;C:\Users\mmete\.m2\repository\com\github\javaparser\javaparser-core\3.16.3\javaparser-core-3.16.3.jar;C:\Users\mmete\.m2\repository\commons-io\commons-io\2.11.0\commons-io-2.11.0.jar;C:\Users\mmete\.m2\repository\commons-lang\commons-lang\2.6\commons-lang-2.6.jar;C:\Users\mmete\.m2\repository\org\json\json\20220320\json-20220320.jar;C:\Users\mmete\.m2\repository\com\google\protobuf\protobuf-java\3.19.4\protobuf-java-3.19.4.jar;C:\Users\mmete\.m2\repository\com\google\guava\guava\31.0.1-jre\guava-31.0.1-jre.jar;C:\Users\mmete\.m2\repository\com\google\guava\failureaccess\1.0.1\failureaccess-1.0.1.jar;C:\Users\mmete\.m2\repository\com\google\guava\listenablefuture\9999.0-empty-to-avoid-conflict-with-guava\listenablefuture-9999.0-empty-to-avoid-conflict-with-guava.jar;C:\Users\mmete\.m2\repository\org\checkerframework\checker-qual\3.12.0\checker-qual-3.12.0.jar;C:\Users\mmete\.m2\repository\com\google\errorprone\error_prone_annotations\2.7.1\error_prone_annotations-2.7.1.jar;C:\Users\mmete\.m2\repository\com\google\j2objc\j2objc-annotations\1.3\j2objc-annotations-1.3.jar;C:\Users\mmete\.m2\repository\io\grpc\grpc-netty-shaded\1.41.2\grpc-netty-shaded-1.41.2.jar;C:\Users\mmete\.m2\repository\io\perfmark\perfmark-api\0.23.0\perfmark-api-0.23.0.jar;C:\Users\mmete\.m2\repository\io\grpc\grpc-core\1.41.2\grpc-core-1.41.2.jar;C:\Users\mmete\.m2\repository\com\google\android\annotations\4.1.1.4\annotations-4.1.1.4.jar;C:\Users\mmete\.m2\repository\org\codehaus\mojo\animal-sniffer-annotations\1.19\animal-sniffer-annotations-1.19.jar;C:\Users\mmete\.m2\repository\io\grpc\grpc-protobuf\1.41.2\grpc-protobuf-1.41.2.jar;C:\Users\mmete\.m2\repository\io\grpc\grpc-api\1.41.2\grpc-api-1.41.2.jar;C:\Users\mmete\.m2\repository\io\grpc\grpc-context\1.41.2\grpc-context-1.41.2.jar;C:\Users\mmete\.m2\repository\com\google\api\grpc\proto-google-common-protos\2.0.1\proto-google-common-protos-2.0.1.jar;C:\Users\mmete\.m2\repository\io\grpc\grpc-protobuf-lite\1.41.2\grpc-protobuf-lite-1.41.2.jar;C:\Users\mmete\.m2\repository\io\grpc\grpc-stub\1.41.2\grpc-stub-1.41.2.jar;C:\Users\mmete\.m2\repository\javax\annotation\javax.annotation-api\1.3.2\javax.annotation-api-1.3.2.jar;C:\Users\mmete\.m2\repository\org\seleniumhq\selenium\selenium-java\4.4.0\selenium-java-4.4.0.jar;C:\Users\mmete\.m2\repository\org\seleniumhq\selenium\selenium-api\4.4.0\selenium-api-4.4.0.jar;C:\Users\mmete\.m2\repository\org\seleniumhq\selenium\selenium-chrome-driver\4.4.0\selenium-chrome-driver-4.4.0.jar;C:\Users\mmete\.m2\repository\com\google\auto\service\auto-service-annotations\1.0.1\auto-service-annotations-1.0.1.jar;C:\Users\mmete\.m2\repository\com\google\auto\service\auto-service\1.0.1\auto-service-1.0.1.jar;C:\Users\mmete\.m2\repository\com\google\auto\auto-common\1.2\auto-common-1.2.jar;C:\Users\mmete\.m2\repository\org\seleniumhq\selenium\selenium-chromium-driver\4.4.0\selenium-chromium-driver-4.4.0.jar;C:\Users\mmete\.m2\repository\org\seleniumhq\selenium\selenium-json\4.4.0\selenium-json-4.4.0.jar;C:\Users\mmete\.m2\repository\org\seleniumhq\selenium\selenium-devtools-v102\4.4.0\selenium-devtools-v102-4.4.0.jar;C:\Users\mmete\.m2\repository\org\seleniumhq\selenium\selenium-devtools-v103\4.4.0\selenium-devtools-v103-4.4.0.jar;C:\Users\mmete\.m2\repository\org\seleniumhq\selenium\selenium-devtools-v104\4.4.0\selenium-devtools-v104-4.4.0.jar;C:\Users\mmete\.m2\repository\org\seleniumhq\selenium\selenium-devtools-v85\4.4.0\selenium-devtools-v85-4.4.0.jar;C:\Users\mmete\.m2\repository\org\seleniumhq\selenium\selenium-edge-driver\4.4.0\selenium-edge-driver-4.4.0.jar;C:\Users\mmete\.m2\repository\org\seleniumhq\selenium\selenium-firefox-driver\4.4.0\selenium-firefox-driver-4.4.0.jar;C:\Users\mmete\.m2\repository\org\seleniumhq\selenium\selenium-ie-driver\4.4.0\selenium-ie-driver-4.4.0.jar;C:\Users\mmete\.m2\repository\org\seleniumhq\selenium\selenium-opera-driver\4.4.0\selenium-opera-driver-4.4.0.jar;C:\Users\mmete\.m2\repository\org\seleniumhq\selenium\selenium-remote-driver\4.4.0\selenium-remote-driver-4.4.0.jar;C:\Users\mmete\.m2\repository\io\netty\netty-buffer\4.1.78.Final\netty-buffer-4.1.78.Final.jar;C:\Users\mmete\.m2\repository\io\netty\netty-codec-http\4.1.78.Final\netty-codec-http-4.1.78.Final.jar;C:\Users\mmete\.m2\repository\io\netty\netty-codec\4.1.78.Final\netty-codec-4.1.78.Final.jar;C:\Users\mmete\.m2\repository\io\netty\netty-handler\4.1.78.Final\netty-handler-4.1.78.Final.jar;C:\Users\mmete\.m2\repository\io\netty\netty-common\4.1.78.Final\netty-common-4.1.78.Final.jar;C:\Users\mmete\.m2\repository\io\netty\netty-transport-classes-epoll\4.1.78.Final\netty-transport-classes-epoll-4.1.78.Final.jar;C:\Users\mmete\.m2\repository\io\netty\netty-transport-classes-kqueue\4.1.78.Final\netty-transport-classes-kqueue-4.1.78.Final.jar;C:\Users\mmete\.m2\repository\io\netty\netty-transport-native-epoll\4.1.78.Final\netty-transport-native-epoll-4.1.78.Final.jar;C:\Users\mmete\.m2\repository\io\netty\netty-transport-native-kqueue\4.1.78.Final\netty-transport-native-kqueue-4.1.78.Final.jar;C:\Users\mmete\.m2\repository\io\netty\netty-transport-native-unix-common\4.1.78.Final\netty-transport-native-unix-common-4.1.78.Final.jar;C:\Users\mmete\.m2\repository\io\netty\netty-transport\4.1.78.Final\netty-transport-4.1.78.Final.jar;C:\Users\mmete\.m2\repository\io\netty\netty-resolver\4.1.78.Final\netty-resolver-4.1.78.Final.jar;C:\Users\mmete\.m2\repository\io\opentelemetry\opentelemetry-api\1.16.0\opentelemetry-api-1.16.0.jar;C:\Users\mmete\.m2\repository\io\opentelemetry\opentelemetry-context\1.16.0\opentelemetry-context-1.16.0.jar;C:\Users\mmete\.m2\repository\io\opentelemetry\opentelemetry-exporter-logging\1.16.0\opentelemetry-exporter-logging-1.16.0.jar;C:\Users\mmete\.m2\repository\io\opentelemetry\opentelemetry-sdk-metrics\1.16.0\opentelemetry-sdk-metrics-1.16.0.jar;C:\Users\mmete\.m2\repository\io\opentelemetry\opentelemetry-sdk-logs\1.16.0-alpha\opentelemetry-sdk-logs-1.16.0-alpha.jar;C:\Users\mmete\.m2\repository\io\opentelemetry\opentelemetry-sdk-common\1.16.0\opentelemetry-sdk-common-1.16.0.jar;C:\Users\mmete\.m2\repository\io\opentelemetry\opentelemetry-sdk-extension-autoconfigure-spi\1.16.0\opentelemetry-sdk-extension-autoconfigure-spi-1.16.0.jar;C:\Users\mmete\.m2\repository\io\opentelemetry\opentelemetry-sdk-extension-autoconfigure\1.16.0-alpha\opentelemetry-sdk-extension-autoconfigure-1.16.0-alpha.jar;C:\Users\mmete\.m2\repository\io\opentelemetry\opentelemetry-sdk-trace\1.16.0\opentelemetry-sdk-trace-1.16.0.jar;C:\Users\mmete\.m2\repository\io\opentelemetry\opentelemetry-sdk\1.16.0\opentelemetry-sdk-1.16.0.jar;C:\Users\mmete\.m2\repository\io\opentelemetry\opentelemetry-semconv\1.16.0-alpha\opentelemetry-semconv-1.16.0-alpha.jar;C:\Users\mmete\.m2\repository\io\ous\jtoml\2.0.0\jtoml-2.0.0.jar;C:\Users\mmete\.m2\repository\net\bytebuddy\byte-buddy\1.12.10\byte-buddy-1.12.10.jar;C:\Users\mmete\.m2\repository\org\apache\commons\commons-exec\1.3\commons-exec-1.3.jar;C:\Users\mmete\.m2\repository\org\asynchttpclient\async-http-client\2.12.3\async-http-client-2.12.3.jar;C:\Users\mmete\.m2\repository\org\asynchttpclient\async-http-client-netty-utils\2.12.3\async-http-client-netty-utils-2.12.3.jar;C:\Users\mmete\.m2\repository\io\netty\netty-codec-socks\4.1.60.Final\netty-codec-socks-4.1.60.Final.jar;C:\Users\mmete\.m2\repository\io\netty\netty-handler-proxy\4.1.60.Final\netty-handler-proxy-4.1.60.Final.jar;C:\Users\mmete\.m2\repository\io\netty\netty-transport-native-epoll\4.1.60.Final\netty-transport-native-epoll-4.1.60.Final-linux-x86_64.jar;C:\Users\mmete\.m2\repository\io\netty\netty-transport-native-kqueue\4.1.60.Final\netty-transport-native-kqueue-4.1.60.Final-osx-x86_64.jar;C:\Users\mmete\.m2\repository\org\reactivestreams\reactive-streams\1.0.3\reactive-streams-1.0.3.jar;C:\Users\mmete\.m2\repository\com\typesafe\netty\netty-reactive-streams\2.0.4\netty-reactive-streams-2.0.4.jar;C:\Users\mmete\.m2\repository\com\sun\activation\jakarta.activation\1.2.2\jakarta.activation-1.2.2.jar;C:\Users\mmete\.m2\repository\org\seleniumhq\selenium\selenium-http\4.4.0\selenium-http-4.4.0.jar;C:\Users\mmete\.m2\repository\dev\failsafe\failsafe\3.2.4\failsafe-3.2.4.jar;C:\Users\mmete\.m2\repository\org\seleniumhq\selenium\selenium-safari-driver\4.4.0\selenium-safari-driver-4.4.0.jar;C:\Users\mmete\.m2\repository\org\seleniumhq\selenium\selenium-support\4.4.0\selenium-support-4.4.0.jar;C:\Users\mmete\.m2\repository\io\github\bonigarcia\webdrivermanager\5.3.0\webdrivermanager-5.3.0.jar;C:\Users\mmete\.m2\repository\org\slf4j\slf4j-api\1.7.36\slf4j-api-1.7.36.jar;C:\Users\mmete\.m2\repository\com\google\code\gson\gson\2.9.1\gson-2.9.1.jar;C:\Users\mmete\.m2\repository\com\github\docker-java\docker-java\3.2.13\docker-java-3.2.13.jar;C:\Users\mmete\.m2\repository\com\github\docker-java\docker-java-core\3.2.13\docker-java-core-3.2.13.jar;C:\Users\mmete\.m2\repository\com\github\docker-java\docker-java-api\3.2.13\docker-java-api-3.2.13.jar;C:\Users\mmete\.m2\repository\com\fasterxml\jackson\core\jackson-annotations\2.10.3\jackson-annotations-2.10.3.jar;C:\Users\mmete\.m2\repository\org\apache\commons\commons-compress\1.21\commons-compress-1.21.jar;C:\Users\mmete\.m2\repository\com\fasterxml\jackson\core\jackson-databind\2.10.3\jackson-databind-2.10.3.jar;C:\Users\mmete\.m2\repository\com\fasterxml\jackson\core\jackson-core\2.10.3\jackson-core-2.10.3.jar;C:\Users\mmete\.m2\repository\org\bouncycastle\bcpkix-jdk15on\1.64\bcpkix-jdk15on-1.64.jar;C:\Users\mmete\.m2\repository\org\bouncycastle\bcprov-jdk15on\1.64\bcprov-jdk15on-1.64.jar;C:\Users\mmete\.m2\repository\org\slf4j\jcl-over-slf4j\1.7.30\jcl-over-slf4j-1.7.30.jar;C:\Users\mmete\.m2\repository\com\github\docker-java\docker-java-transport-httpclient5\3.2.13\docker-java-transport-httpclient5-3.2.13.jar;C:\Users\mmete\.m2\repository\com\github\docker-java\docker-java-transport\3.2.13\docker-java-transport-3.2.13.jar;C:\Users\mmete\.m2\repository\net\java\dev\jna\jna\5.8.0\jna-5.8.0.jar;C:\Users\mmete\.m2\repository\org\brotli\dec\0.1.2\dec-0.1.2.jar;C:\Users\mmete\.m2\repository\org\apache\commons\commons-lang3\3.12.0\commons-lang3-3.12.0.jar;C:\Users\mmete\.m2\repository\org\apache\httpcomponents\client5\httpclient5\5.1.3\httpclient5-5.1.3.jar;C:\Users\mmete\.m2\repository\org\apache\httpcomponents\core5\httpcore5\5.1.3\httpcore5-5.1.3.jar;C:\Users\mmete\.m2\repository\org\apache\httpcomponents\core5\httpcore5-h2\5.1.3\httpcore5-h2-5.1.3.jar;C:\Users\mmete\.m2\repository\commons-codec\commons-codec\1.15\commons-codec-1.15.jar;C:\Users\mmete\.m2\repository\org\testng\testng\7.6.1\testng-7.6.1.jar;C:\Users\mmete\.m2\repository\com\google\code\findbugs\jsr305\3.0.2\jsr305-3.0.2.jar;C:\Users\mmete\.m2\repository\com\beust\jcommander\1.82\jcommander-1.82.jar;C:\Users\mmete\.m2\repository\org\webjars\jquery\3.6.0\jquery-3.6.0.jar
11-12-2022 20:17:36.167 [java] [DEBUG] found java executable in java.exe
11-12-2022 20:17:36.167 [java] [DEBUG] running - java.exe [-Dfile.encoding=UTF-8 com.thoughtworks.gauge.GaugeRuntime --start]
11-12-2022 20:17:36.167 [java] [DEBUG] stdout/stderr is logged to logs\13516-java.exe.out
11-12-2022 20:17:36.319 [java] [DEBUG] multithreading is set to false
11-12-2022 20:17:36.527 [java] [DEBUG] Using reflection to scan dependencies for gauge implementations...
11-12-2022 20:17:36.582 [java] [ERROR] SLF4J: Failed to load class "org.slf4j.impl.StaticLoggerBinder".
11-12-2022 20:17:36.582 [java] [ERROR] SLF4J: Defaulting to no-operation (NOP) logger implementation
11-12-2022 20:17:36.582 [java] [ERROR] SLF4J: See http://www.slf4j.org/codes.html#StaticLoggerBinder for further details.
11-12-2022 20:17:36.901 [Gauge] [DEBUG] Checking updates...
11-12-2022 20:17:36.926 [Gauge] [DEBUG] Downloading https://downloads.gauge.org/plugin/html-report?l=java&p=html-report,java,screenshot,spectacle&o=windows&a=amd64
11-12-2022 20:17:37.251 [Gauge] [DEBUG] Downloading https://downloads.gauge.org/plugin/java?l=java&p=html-report,java,screenshot,spectacle&o=windows&a=amd64
11-12-2022 20:17:37.325 [java] [DEBUG] gauge-java took 1005milliseconds to load and scan. This should be less than 'runner_connection_timeout' config value.
11-12-2022 20:17:37.325 [java] [DEBUG] run 'gauge config runner_connection_timeout' and verify that it is < 1005
11-12-2022 20:17:37.325 [java] [DEBUG] starting gRPC server...
11-12-2022 20:17:37.346 [Gauge] [DEBUG] Downloading https://downloads.gauge.org/plugin/screenshot?l=java&p=html-report,java,screenshot,spectacle&o=windows&a=amd64
11-12-2022 20:17:37.427 [java] [DEBUG] started gRPC server on port 50530
11-12-2022 20:17:37.428 [Gauge] [DEBUG] Attempting to connect to grpc server at port: 50530
11-12-2022 20:17:37.436 [Gauge] [DEBUG] Downloading https://downloads.gauge.org/plugin/spectacle?l=java&p=html-report,java,screenshot,spectacle&o=windows&a=amd64
11-12-2022 20:17:37.503 [Gauge] [DEBUG] Successfully made the connection with runner with port: 50530
11-12-2022 20:17:37.503 [Gauge] [DEBUG] Validation started.
11-12-2022 20:17:37.965 [java] [DEBUG] Scanning packages for steps
11-12-2022 20:17:37.970 [java] [DEBUG] Comparing 'StepDefinition.RegisterUserStepImplementation.browser' and 'StepDefinition.RegisterUserStepImplementation.browser'
11-12-2022 20:17:37.970 [java] [DEBUG] Found Navigate to Browser in current project scope.
11-12-2022 20:17:37.970 [java] [DEBUG] Comparing 'StepDefinition.RegisterUserStepImplementation.logout' and 'StepDefinition.RegisterUserStepImplementation.logout'
11-12-2022 20:17:37.970 [java] [DEBUG] Found Logout in current project scope.
11-12-2022 20:17:37.970 [java] [DEBUG] Comparing 'StepDefinition.RegisterUserStepImplementation.signupButton' and 'StepDefinition.RegisterUserStepImplementation.signupButton'
11-12-2022 20:17:37.970 [java] [DEBUG] Found Click Signup button in current project scope.
11-12-2022 20:17:37.970 [java] [DEBUG] Comparing 'StepDefinition.RegisterUserStepImplementation.loginButton' and 'StepDefinition.RegisterUserStepImplementation.loginButton'
11-12-2022 20:17:37.970 [java] [DEBUG] Found Click on Signup Login button in current project scope.
11-12-2022 20:17:37.970 [java] [DEBUG] Comparing 'StepDefinition.RegisterUserStepImplementation.fiildeatails' and 'StepDefinition.RegisterUserStepImplementation.fiildeatails'
11-12-2022 20:17:37.970 [java] [DEBUG] Found Fill details Title, Name, Email, Password, Date of birth in current project scope.
11-12-2022 20:17:37.970 [java] [DEBUG] Comparing 'StepDefinition.RegisterUserStepImplementation.verifyEATVisible' and 'StepDefinition.RegisterUserStepImplementation.verifyEATVisible'
11-12-2022 20:17:37.970 [java] [DEBUG] Found Verify that ENTER ACCOUNT INFORMATION is visible in current project scope.
11-12-2022 20:17:37.970 [java] [DEBUG] Comparing 'StepDefinition.RegisterUserStepImplementation.close' and 'StepDefinition.RegisterUserStepImplementation.close'
11-12-2022 20:17:37.970 [java] [DEBUG] Found Close in current project scope.
11-12-2022 20:17:37.970 [java] [DEBUG] Comparing 'StepDefinition.RegisterUserStepImplementation.createAccountButtun' and 'StepDefinition.RegisterUserStepImplementation.createAccountButtun'
11-12-2022 20:17:37.970 [java] [DEBUG] Found Click Create Account button in current project scope.
11-12-2022 20:17:37.970 [java] [DEBUG] Comparing 'StepDefinition.RegisterUserStepImplementation.emailAndAddress' and 'StepDefinition.RegisterUserStepImplementation.emailAndAddress'
11-12-2022 20:17:37.970 [java] [DEBUG] Found Enter name and email address in current project scope.
11-12-2022 20:17:37.970 [java] [DEBUG] Comparing 'StepDefinition.RegisterUserStepImplementation.continueButton' and 'StepDefinition.RegisterUserStepImplementation.continueButton'
11-12-2022 20:17:37.970 [java] [DEBUG] Found Click Continue button in current project scope.
11-12-2022 20:17:37.970 [java] [DEBUG] Comparing 'StepDefinition.RegisterUserStepImplementation.verifyACVisible' and 'StepDefinition.RegisterUserStepImplementation.verifyACVisible'
11-12-2022 20:17:37.970 [java] [DEBUG] Found Verify that ACCOUNT CREATED is visible in current project scope.
11-12-2022 20:17:37.970 [java] [DEBUG] Comparing 'StepDefinition.RegisterUserStepImplementation.url' and 'StepDefinition.RegisterUserStepImplementation.url'
11-12-2022 20:17:37.971 [java] [DEBUG] Found Navigate to Url in current project scope.
11-12-2022 20:17:37.971 [java] [DEBUG] Comparing 'StepDefinition.RegisterUserStepImplementation.VerifyNewUser' and 'StepDefinition.RegisterUserStepImplementation.VerifyNewUser'
11-12-2022 20:17:37.971 [java] [DEBUG] Found Verify New User Signup is visible in current project scope.
11-12-2022 20:17:37.971 [java] [DEBUG] Scanning packages for hooks
11-12-2022 20:17:37.973 [java] [DEBUG] Scanned steps (using static parsing + reflections): 
11-12-2022 20:17:37.973 [java] [DEBUG] 	Click Create Account button : public void createAccountButtun()
11-12-2022 20:17:37.973 [java] [DEBUG] 	Navigate to Url : public void url()
11-12-2022 20:17:37.973 [java] [DEBUG] 	Click Signup button : public void signupButton()
11-12-2022 20:17:37.973 [java] [DEBUG] 	Fill details Title, Name, Email, Password, Date of birth : public void fiildeatails()
11-12-2022 20:17:37.973 [java] [DEBUG] 	Enter name and email address : public void emailAndAddress()
11-12-2022 20:17:37.973 [java] [DEBUG] 	Navigate to Browser : public void browser()
11-12-2022 20:17:37.973 [java] [DEBUG] 	Click Continue button : public void continueButton()
11-12-2022 20:17:37.973 [java] [DEBUG] 	Verify New User Signup is visible : public void VerifyNewUser()
11-12-2022 20:17:37.973 [java] [DEBUG] 	Click on Signup Login button : public void loginButton()
11-12-2022 20:17:37.973 [java] [DEBUG] 	Verify that ACCOUNT CREATED is visible : public void verifyACVisible()
11-12-2022 20:17:37.973 [java] [DEBUG] 	Logout : public void logout()
11-12-2022 20:17:37.973 [java] [DEBUG] 	Close : public void close()
11-12-2022 20:17:37.973 [java] [DEBUG] 	Verify that ENTER ACCOUNT INFORMATION is visible : public void verifyEATVisible()
11-12-2022 20:17:38.457 [Gauge] [DEBUG] Validation completed.
11-12-2022 20:17:38.457 [Gauge] [DEBUG] Run started
11-12-2022 20:17:38.458 [Gauge] [DEBUG] Starting Html Report plugin
11-12-2022 20:17:38.627 [html-report] [DEBUG] Setting MaxRecvMsgSize = 1024 MB
11-12-2022 20:17:38.627 [Gauge] [DEBUG] Attempting to connect to grpc server at port: 53760
11-12-2022 20:17:38.628 [Gauge] [DEBUG] Successfully made the connection with plugin with port: 53760
11-12-2022 20:17:38.628 [Gauge] [DEBUG] Initialising suite data store.
11-12-2022 20:17:38.649 [java] [DEBUG] Executing 'Navigate to Browser' using 'class StepDefinition.RegisterUserStepImplementation.browser
11-12-2022 20:17:41.478 [java] [ERROR] Starting ChromeDriver 108.0.5359.71 (1e0e3868ee06e91ad636a874420e3ca3ae3756ac-refs/branch-heads/5359@{#1016}) on port 50158
11-12-2022 20:17:41.478 [java] [ERROR] Only local connections are allowed.
11-12-2022 20:17:41.478 [java] [ERROR] Please see https://chromedriver.chromium.org/security-considerations for suggestions on keeping ChromeDriver safe.
11-12-2022 20:17:41.484 [java] [ERROR] ChromeDriver was started successfully.
11-12-2022 20:17:42.119 [java] [ERROR] Ara 11, 2022 8:17:42 ÖS org.openqa.selenium.remote.ProtocolHandshake createSession
11-12-2022 20:17:42.119 [java] [ERROR] INFO: Detected upstream dialect: W3C
11-12-2022 20:17:42.149 [java] [ERROR] Ara 11, 2022 8:17:42 ÖS org.openqa.selenium.devtools.CdpVersionFinder findNearestMatch
11-12-2022 20:17:42.149 [java] [ERROR] WARNING: Unable to find an exact match for CDP version 108, so returning the closest version found: 104
11-12-2022 20:17:42.149 [java] [ERROR] Ara 11, 2022 8:17:42 ÖS org.openqa.selenium.devtools.CdpVersionFinder findNearestMatch
11-12-2022 20:17:42.149 [java] [ERROR] INFO: Found CDP implementation for version 108 of 104
11-12-2022 20:17:42.285 [java] [DEBUG] Executing 'Navigate to Url' using 'class StepDefinition.RegisterUserStepImplementation.url
11-12-2022 20:17:48.364 [java] [DEBUG] Executing 'Click on Signup Login button' using 'class StepDefinition.RegisterUserStepImplementation.loginButton
11-12-2022 20:17:48.369 [java] [DEBUG] Executing 'Verify New User Signup is visible' using 'class StepDefinition.RegisterUserStepImplementation.VerifyNewUser
11-12-2022 20:17:48.372 [java] [DEBUG] Executing 'Enter name and email address' using 'class StepDefinition.RegisterUserStepImplementation.emailAndAddress
11-12-2022 20:17:48.374 [java] [DEBUG] Executing 'Click Signup button' using 'class StepDefinition.RegisterUserStepImplementation.signupButton
11-12-2022 20:17:48.378 [java] [DEBUG] Executing 'Verify that ENTER ACCOUNT INFORMATION is visible' using 'class StepDefinition.RegisterUserStepImplementation.verifyEATVisible
11-12-2022 20:17:48.381 [java] [DEBUG] Executing 'Fill details Title, Name, Email, Password, Date of birth' using 'class StepDefinition.RegisterUserStepImplementation.fiildeatails
11-12-2022 20:17:48.385 [java] [DEBUG] Executing 'Click Create Account button' using 'class StepDefinition.RegisterUserStepImplementation.createAccountButtun
11-12-2022 20:17:48.387 [java] [DEBUG] Executing 'Verify that ACCOUNT CREATED is visible' using 'class StepDefinition.RegisterUserStepImplementation.verifyACVisible
11-12-2022 20:17:48.391 [java] [DEBUG] Executing 'Click Continue button' using 'class StepDefinition.RegisterUserStepImplementation.continueButton
11-12-2022 20:17:48.393 [java] [DEBUG] Executing 'Logout' using 'class StepDefinition.RegisterUserStepImplementation.logout
11-12-2022 20:17:48.405 [java] [DEBUG] Executing 'Close' using 'class StepDefinition.RegisterUserStepImplementation.close
11-12-2022 20:17:48.411 [html-report] [DEBUG] Transformed SuiteResult to report structure
11-12-2022 20:17:48.466 [html-report] [INFO] Successfully generated html-report to => C:\Users\mmete\IdeaProjects\gaugeExample\reports\html-report\index.html
11-12-2022 20:17:48.466 [html-report] [DEBUG] Done generating HTML report using theme from C:\Users\mmete\AppData\Roaming\gauge\plugins\html-report\4.2.0\themes\default
11-12-2022 20:17:48.466 [Gauge] [DEBUG] Sending kill message to Html Report plugin.
11-12-2022 20:17:48.468 [java] [DEBUG] Killing Java runner...
11-12-2022 20:17:48.469 [java] [DEBUG] Stopping execution pool...
11-12-2022 20:17:48.469 [java] [DEBUG] Shutting down grpc server...
11-12-2022 20:17:48.474 [java] [DEBUG] Runner killed gracefully.
11-12-2022 20:17:49.129 [Gauge] [DEBUG] Runner with PID:13516 has exited
11-12-2022 20:17:49.129 [Gauge] [INFO] Specifications:	1 executed	1 passed	0 failed	0 skipped
11-12-2022 20:17:49.129 [Gauge] [INFO] Scenarios:	1 executed	1 passed	0 failed	0 skipped
11-12-2022 20:17:49.129 [Gauge] [INFO] 
Total time taken: 9.952s
11-12-2022 21:19:32.235 [Gauge] [DEBUG] Created gauge_screenshots_dir at C:\Users\mmete\IdeaProjects\gaugeExample\.gauge\screenshots
11-12-2022 21:19:32.236 [Gauge] [DEBUG] Plugin java is already installed.
11-12-2022 21:19:32.236 [Gauge] [DEBUG] Plugin html-report is already installed.
11-12-2022 21:19:32.237 [Gauge] [DEBUG] Parsing started.
11-12-2022 21:19:32.237 [Gauge] [DEBUG] Started concepts parsing.
11-12-2022 21:19:32.240 [Gauge] [DEBUG] 0 concepts parsing completed.
11-12-2022 21:19:32.240 [Gauge] [DEBUG] Started specifications parsing.
11-12-2022 21:19:32.240 [Gauge] [DEBUG] 1 specifications parsing completed.
11-12-2022 21:19:32.240 [Gauge] [DEBUG] Parsing completed.
11-12-2022 21:19:32.252 [java] [DEBUG] ***** Printing Properties/Env Values *****
11-12-2022 21:19:32.252 [java] [DEBUG] PATH: C:\Program Files\Common Files\Oracle\Java\javapath;C:\WINDOWS\system32;C:\WINDOWS;C:\WINDOWS\System32\Wbem;C:\WINDOWS\System32\WindowsPowerShell\v1.0\;C:\WINDOWS\System32\OpenSSH\;C:\Program Files\Git\cmd;C:\Program Files\Gauge\bin;C:\Users\mmete\AppData\Local\Microsoft\WindowsApps;;C:\Program Files\JetBrains\IntelliJ IDEA Community Edition 2022.2.3\bin;;C:\Users\mmete\AppData\Roaming\gauge\plugins\screenshot\0.1.0
11-12-2022 21:19:32.252 [java] [DEBUG] JAVA_HOME: 
11-12-2022 21:19:32.252 [java] [DEBUG] gauge_project_root: C:\Users\mmete\IdeaProjects\gaugeExample
11-12-2022 21:19:32.252 [java] [DEBUG] gauge_parallel_streams_count: 12
11-12-2022 21:19:32.252 [java] [DEBUG] gauge_reports_dir: reports
11-12-2022 21:19:32.252 [java] [DEBUG] overwrite_reports: true
11-12-2022 21:19:32.252 [java] [DEBUG] logs_directory: logs
11-12-2022 21:19:32.252 [java] [DEBUG] enable_multithreading: 
11-12-2022 21:19:32.252 [java] [DEBUG] gauge_specs_dir: specs
11-12-2022 21:19:32.252 [java] [DEBUG] csv_delimiter: ,
11-12-2022 21:19:32.252 [java] [DEBUG] gauge_java_home: 
11-12-2022 21:19:32.252 [java] [DEBUG] gauge_custom_build_path: 
11-12-2022 21:19:32.252 [java] [DEBUG] gauge_additional_libs: libs/*
11-12-2022 21:19:32.252 [java] [DEBUG] gauge_jvm_args: 
11-12-2022 21:19:32.252 [java] [DEBUG] gauge_custom_compile_dir: 
11-12-2022 21:19:32.252 [java] [DEBUG] gauge_clear_state_level: scenario
11-12-2022 21:19:32.252 [java] [DEBUG] ***** END *****
11-12-2022 21:19:32.255 [java] [ERROR] exec: "mvn": executable file not found in %!P(MISSING)ATH%!(NOVERB)
11-12-2022 21:19:32.255 [java] [ERROR] Installed version of gauge-java (0.9.1) does not match with dependency gauge-java () specified in pom.xml file
11-12-2022 21:19:32.255 [java] [DEBUG] classpath set to C:\Program Files\Java\jdk-19!\java.base;C:\Program Files\Java\jdk-19!\java.compiler;C:\Program Files\Java\jdk-19!\java.datatransfer;C:\Program Files\Java\jdk-19!\java.desktop;C:\Program Files\Java\jdk-19!\java.instrument;C:\Program Files\Java\jdk-19!\java.logging;C:\Program Files\Java\jdk-19!\java.management;C:\Program Files\Java\jdk-19!\java.management.rmi;C:\Program Files\Java\jdk-19!\java.naming;C:\Program Files\Java\jdk-19!\java.net.http;C:\Program Files\Java\jdk-19!\java.prefs;C:\Program Files\Java\jdk-19!\java.rmi;C:\Program Files\Java\jdk-19!\java.scripting;C:\Program Files\Java\jdk-19!\java.se;C:\Program Files\Java\jdk-19!\java.security.jgss;C:\Program Files\Java\jdk-19!\java.security.sasl;C:\Program Files\Java\jdk-19!\java.smartcardio;C:\Program Files\Java\jdk-19!\java.sql;C:\Program Files\Java\jdk-19!\java.sql.rowset;C:\Program Files\Java\jdk-19!\java.transaction.xa;C:\Program Files\Java\jdk-19!\java.xml;C:\Program Files\Java\jdk-19!\java.xml.crypto;C:\Program Files\Java\jdk-19!\jdk.accessibility;C:\Program Files\Java\jdk-19!\jdk.attach;C:\Program Files\Java\jdk-19!\jdk.charsets;C:\Program Files\Java\jdk-19!\jdk.compiler;C:\Program Files\Java\jdk-19!\jdk.crypto.cryptoki;C:\Program Files\Java\jdk-19!\jdk.crypto.ec;C:\Program Files\Java\jdk-19!\jdk.crypto.mscapi;C:\Program Files\Java\jdk-19!\jdk.dynalink;C:\Program Files\Java\jdk-19!\jdk.editpad;C:\Program Files\Java\jdk-19!\jdk.hotspot.agent;C:\Program Files\Java\jdk-19!\jdk.httpserver;C:\Program Files\Java\jdk-19!\jdk.incubator.concurrent;C:\Program Files\Java\jdk-19!\jdk.incubator.vector;C:\Program Files\Java\jdk-19!\jdk.internal.ed;C:\Program Files\Java\jdk-19!\jdk.internal.jvmstat;C:\Program Files\Java\jdk-19!\jdk.internal.le;C:\Program Files\Java\jdk-19!\jdk.internal.opt;C:\Program Files\Java\jdk-19!\jdk.internal.vm.ci;C:\Program Files\Java\jdk-19!\jdk.internal.vm.compiler;C:\Program Files\Java\jdk-19!\jdk.internal.vm.compiler.management;C:\Program Files\Java\jdk-19!\jdk.jartool;C:\Program Files\Java\jdk-19!\jdk.javadoc;C:\Program Files\Java\jdk-19!\jdk.jcmd;C:\Program Files\Java\jdk-19!\jdk.jconsole;C:\Program Files\Java\jdk-19!\jdk.jdeps;C:\Program Files\Java\jdk-19!\jdk.jdi;C:\Program Files\Java\jdk-19!\jdk.jdwp.agent;C:\Program Files\Java\jdk-19!\jdk.jfr;C:\Program Files\Java\jdk-19!\jdk.jlink;C:\Program Files\Java\jdk-19!\jdk.jpackage;C:\Program Files\Java\jdk-19!\jdk.jshell;C:\Program Files\Java\jdk-19!\jdk.jsobject;C:\Program Files\Java\jdk-19!\jdk.jstatd;C:\Program Files\Java\jdk-19!\jdk.localedata;C:\Program Files\Java\jdk-19!\jdk.management;C:\Program Files\Java\jdk-19!\jdk.management.agent;C:\Program Files\Java\jdk-19!\jdk.management.jfr;C:\Program Files\Java\jdk-19!\jdk.naming.dns;C:\Program Files\Java\jdk-19!\jdk.naming.rmi;C:\Program Files\Java\jdk-19!\jdk.net;C:\Program Files\Java\jdk-19!\jdk.nio.mapmode;C:\Program Files\Java\jdk-19!\jdk.random;C:\Program Files\Java\jdk-19!\jdk.sctp;C:\Program Files\Java\jdk-19!\jdk.security.auth;C:\Program Files\Java\jdk-19!\jdk.security.jgss;C:\Program Files\Java\jdk-19!\jdk.unsupported;C:\Program Files\Java\jdk-19!\jdk.unsupported.desktop;C:\Program Files\Java\jdk-19!\jdk.xml.dom;C:\Program Files\Java\jdk-19!\jdk.zipfs;C:\Users\mmete\IdeaProjects\gaugeExample\target\test-classes;C:\Users\mmete\.m2\repository\com\thoughtworks\gauge\gauge-java\0.9.1\gauge-java-0.9.1.jar;C:\Users\mmete\.m2\repository\org\assertj\assertj-core\3.22.0\assertj-core-3.22.0.jar;C:\Users\mmete\.m2\repository\org\reflections\reflections\0.10.2\reflections-0.10.2.jar;C:\Users\mmete\.m2\repository\org\javassist\javassist\3.28.0-GA\javassist-3.28.0-GA.jar;C:\Users\mmete\.m2\repository\com\github\javaparser\javaparser-core\3.16.3\javaparser-core-3.16.3.jar;C:\Users\mmete\.m2\repository\commons-io\commons-io\2.11.0\commons-io-2.11.0.jar;C:\Users\mmete\.m2\repository\commons-lang\commons-lang\2.6\commons-lang-2.6.jar;C:\Users\mmete\.m2\repository\org\json\json\20220320\json-20220320.jar;C:\Users\mmete\.m2\repository\com\google\protobuf\protobuf-java\3.19.4\protobuf-java-3.19.4.jar;C:\Users\mmete\.m2\repository\com\google\guava\guava\31.0.1-jre\guava-31.0.1-jre.jar;C:\Users\mmete\.m2\repository\com\google\guava\failureaccess\1.0.1\failureaccess-1.0.1.jar;C:\Users\mmete\.m2\repository\com\google\guava\listenablefuture\9999.0-empty-to-avoid-conflict-with-guava\listenablefuture-9999.0-empty-to-avoid-conflict-with-guava.jar;C:\Users\mmete\.m2\repository\org\checkerframework\checker-qual\3.12.0\checker-qual-3.12.0.jar;C:\Users\mmete\.m2\repository\com\google\errorprone\error_prone_annotations\2.7.1\error_prone_annotations-2.7.1.jar;C:\Users\mmete\.m2\repository\com\google\j2objc\j2objc-annotations\1.3\j2objc-annotations-1.3.jar;C:\Users\mmete\.m2\repository\io\grpc\grpc-netty-shaded\1.41.2\grpc-netty-shaded-1.41.2.jar;C:\Users\mmete\.m2\repository\io\perfmark\perfmark-api\0.23.0\perfmark-api-0.23.0.jar;C:\Users\mmete\.m2\repository\io\grpc\grpc-core\1.41.2\grpc-core-1.41.2.jar;C:\Users\mmete\.m2\repository\com\google\android\annotations\4.1.1.4\annotations-4.1.1.4.jar;C:\Users\mmete\.m2\repository\org\codehaus\mojo\animal-sniffer-annotations\1.19\animal-sniffer-annotations-1.19.jar;C:\Users\mmete\.m2\repository\io\grpc\grpc-protobuf\1.41.2\grpc-protobuf-1.41.2.jar;C:\Users\mmete\.m2\repository\io\grpc\grpc-api\1.41.2\grpc-api-1.41.2.jar;C:\Users\mmete\.m2\repository\io\grpc\grpc-context\1.41.2\grpc-context-1.41.2.jar;C:\Users\mmete\.m2\repository\com\google\api\grpc\proto-google-common-protos\2.0.1\proto-google-common-protos-2.0.1.jar;C:\Users\mmete\.m2\repository\io\grpc\grpc-protobuf-lite\1.41.2\grpc-protobuf-lite-1.41.2.jar;C:\Users\mmete\.m2\repository\io\grpc\grpc-stub\1.41.2\grpc-stub-1.41.2.jar;C:\Users\mmete\.m2\repository\javax\annotation\javax.annotation-api\1.3.2\javax.annotation-api-1.3.2.jar;C:\Users\mmete\.m2\repository\org\seleniumhq\selenium\selenium-java\4.4.0\selenium-java-4.4.0.jar;C:\Users\mmete\.m2\repository\org\seleniumhq\selenium\selenium-api\4.4.0\selenium-api-4.4.0.jar;C:\Users\mmete\.m2\repository\org\seleniumhq\selenium\selenium-chrome-driver\4.4.0\selenium-chrome-driver-4.4.0.jar;C:\Users\mmete\.m2\repository\com\google\auto\service\auto-service-annotations\1.0.1\auto-service-annotations-1.0.1.jar;C:\Users\mmete\.m2\repository\com\google\auto\service\auto-service\1.0.1\auto-service-1.0.1.jar;C:\Users\mmete\.m2\repository\com\google\auto\auto-common\1.2\auto-common-1.2.jar;C:\Users\mmete\.m2\repository\org\seleniumhq\selenium\selenium-chromium-driver\4.4.0\selenium-chromium-driver-4.4.0.jar;C:\Users\mmete\.m2\repository\org\seleniumhq\selenium\selenium-json\4.4.0\selenium-json-4.4.0.jar;C:\Users\mmete\.m2\repository\org\seleniumhq\selenium\selenium-devtools-v102\4.4.0\selenium-devtools-v102-4.4.0.jar;C:\Users\mmete\.m2\repository\org\seleniumhq\selenium\selenium-devtools-v103\4.4.0\selenium-devtools-v103-4.4.0.jar;C:\Users\mmete\.m2\repository\org\seleniumhq\selenium\selenium-devtools-v104\4.4.0\selenium-devtools-v104-4.4.0.jar;C:\Users\mmete\.m2\repository\org\seleniumhq\selenium\selenium-devtools-v85\4.4.0\selenium-devtools-v85-4.4.0.jar;C:\Users\mmete\.m2\repository\org\seleniumhq\selenium\selenium-edge-driver\4.4.0\selenium-edge-driver-4.4.0.jar;C:\Users\mmete\.m2\repository\org\seleniumhq\selenium\selenium-firefox-driver\4.4.0\selenium-firefox-driver-4.4.0.jar;C:\Users\mmete\.m2\repository\org\seleniumhq\selenium\selenium-ie-driver\4.4.0\selenium-ie-driver-4.4.0.jar;C:\Users\mmete\.m2\repository\org\seleniumhq\selenium\selenium-opera-driver\4.4.0\selenium-opera-driver-4.4.0.jar;C:\Users\mmete\.m2\repository\org\seleniumhq\selenium\selenium-remote-driver\4.4.0\selenium-remote-driver-4.4.0.jar;C:\Users\mmete\.m2\repository\io\netty\netty-buffer\4.1.78.Final\netty-buffer-4.1.78.Final.jar;C:\Users\mmete\.m2\repository\io\netty\netty-codec-http\4.1.78.Final\netty-codec-http-4.1.78.Final.jar;C:\Users\mmete\.m2\repository\io\netty\netty-codec\4.1.78.Final\netty-codec-4.1.78.Final.jar;C:\Users\mmete\.m2\repository\io\netty\netty-handler\4.1.78.Final\netty-handler-4.1.78.Final.jar;C:\Users\mmete\.m2\repository\io\netty\netty-common\4.1.78.Final\netty-common-4.1.78.Final.jar;C:\Users\mmete\.m2\repository\io\netty\netty-transport-classes-epoll\4.1.78.Final\netty-transport-classes-epoll-4.1.78.Final.jar;C:\Users\mmete\.m2\repository\io\netty\netty-transport-classes-kqueue\4.1.78.Final\netty-transport-classes-kqueue-4.1.78.Final.jar;C:\Users\mmete\.m2\repository\io\netty\netty-transport-native-epoll\4.1.78.Final\netty-transport-native-epoll-4.1.78.Final.jar;C:\Users\mmete\.m2\repository\io\netty\netty-transport-native-kqueue\4.1.78.Final\netty-transport-native-kqueue-4.1.78.Final.jar;C:\Users\mmete\.m2\repository\io\netty\netty-transport-native-unix-common\4.1.78.Final\netty-transport-native-unix-common-4.1.78.Final.jar;C:\Users\mmete\.m2\repository\io\netty\netty-transport\4.1.78.Final\netty-transport-4.1.78.Final.jar;C:\Users\mmete\.m2\repository\io\netty\netty-resolver\4.1.78.Final\netty-resolver-4.1.78.Final.jar;C:\Users\mmete\.m2\repository\io\opentelemetry\opentelemetry-api\1.16.0\opentelemetry-api-1.16.0.jar;C:\Users\mmete\.m2\repository\io\opentelemetry\opentelemetry-context\1.16.0\opentelemetry-context-1.16.0.jar;C:\Users\mmete\.m2\repository\io\opentelemetry\opentelemetry-exporter-logging\1.16.0\opentelemetry-exporter-logging-1.16.0.jar;C:\Users\mmete\.m2\repository\io\opentelemetry\opentelemetry-sdk-metrics\1.16.0\opentelemetry-sdk-metrics-1.16.0.jar;C:\Users\mmete\.m2\repository\io\opentelemetry\opentelemetry-sdk-logs\1.16.0-alpha\opentelemetry-sdk-logs-1.16.0-alpha.jar;C:\Users\mmete\.m2\repository\io\opentelemetry\opentelemetry-sdk-common\1.16.0\opentelemetry-sdk-common-1.16.0.jar;C:\Users\mmete\.m2\repository\io\opentelemetry\opentelemetry-sdk-extension-autoconfigure-spi\1.16.0\opentelemetry-sdk-extension-autoconfigure-spi-1.16.0.jar;C:\Users\mmete\.m2\repository\io\opentelemetry\opentelemetry-sdk-extension-autoconfigure\1.16.0-alpha\opentelemetry-sdk-extension-autoconfigure-1.16.0-alpha.jar;C:\Users\mmete\.m2\repository\io\opentelemetry\opentelemetry-sdk-trace\1.16.0\opentelemetry-sdk-trace-1.16.0.jar;C:\Users\mmete\.m2\repository\io\opentelemetry\opentelemetry-sdk\1.16.0\opentelemetry-sdk-1.16.0.jar;C:\Users\mmete\.m2\repository\io\opentelemetry\opentelemetry-semconv\1.16.0-alpha\opentelemetry-semconv-1.16.0-alpha.jar;C:\Users\mmete\.m2\repository\io\ous\jtoml\2.0.0\jtoml-2.0.0.jar;C:\Users\mmete\.m2\repository\net\bytebuddy\byte-buddy\1.12.10\byte-buddy-1.12.10.jar;C:\Users\mmete\.m2\repository\org\apache\commons\commons-exec\1.3\commons-exec-1.3.jar;C:\Users\mmete\.m2\repository\org\asynchttpclient\async-http-client\2.12.3\async-http-client-2.12.3.jar;C:\Users\mmete\.m2\repository\org\asynchttpclient\async-http-client-netty-utils\2.12.3\async-http-client-netty-utils-2.12.3.jar;C:\Users\mmete\.m2\repository\io\netty\netty-codec-socks\4.1.60.Final\netty-codec-socks-4.1.60.Final.jar;C:\Users\mmete\.m2\repository\io\netty\netty-handler-proxy\4.1.60.Final\netty-handler-proxy-4.1.60.Final.jar;C:\Users\mmete\.m2\repository\io\netty\netty-transport-native-epoll\4.1.60.Final\netty-transport-native-epoll-4.1.60.Final-linux-x86_64.jar;C:\Users\mmete\.m2\repository\io\netty\netty-transport-native-kqueue\4.1.60.Final\netty-transport-native-kqueue-4.1.60.Final-osx-x86_64.jar;C:\Users\mmete\.m2\repository\org\reactivestreams\reactive-streams\1.0.3\reactive-streams-1.0.3.jar;C:\Users\mmete\.m2\repository\com\typesafe\netty\netty-reactive-streams\2.0.4\netty-reactive-streams-2.0.4.jar;C:\Users\mmete\.m2\repository\com\sun\activation\jakarta.activation\1.2.2\jakarta.activation-1.2.2.jar;C:\Users\mmete\.m2\repository\org\seleniumhq\selenium\selenium-http\4.4.0\selenium-http-4.4.0.jar;C:\Users\mmete\.m2\repository\dev\failsafe\failsafe\3.2.4\failsafe-3.2.4.jar;C:\Users\mmete\.m2\repository\org\seleniumhq\selenium\selenium-safari-driver\4.4.0\selenium-safari-driver-4.4.0.jar;C:\Users\mmete\.m2\repository\org\seleniumhq\selenium\selenium-support\4.4.0\selenium-support-4.4.0.jar;C:\Users\mmete\.m2\repository\io\github\bonigarcia\webdrivermanager\5.3.0\webdrivermanager-5.3.0.jar;C:\Users\mmete\.m2\repository\org\slf4j\slf4j-api\1.7.36\slf4j-api-1.7.36.jar;C:\Users\mmete\.m2\repository\com\google\code\gson\gson\2.9.1\gson-2.9.1.jar;C:\Users\mmete\.m2\repository\com\github\docker-java\docker-java\3.2.13\docker-java-3.2.13.jar;C:\Users\mmete\.m2\repository\com\github\docker-java\docker-java-core\3.2.13\docker-java-core-3.2.13.jar;C:\Users\mmete\.m2\repository\com\github\docker-java\docker-java-api\3.2.13\docker-java-api-3.2.13.jar;C:\Users\mmete\.m2\repository\com\fasterxml\jackson\core\jackson-annotations\2.10.3\jackson-annotations-2.10.3.jar;C:\Users\mmete\.m2\repository\org\apache\commons\commons-compress\1.21\commons-compress-1.21.jar;C:\Users\mmete\.m2\repository\com\fasterxml\jackson\core\jackson-databind\2.10.3\jackson-databind-2.10.3.jar;C:\Users\mmete\.m2\repository\com\fasterxml\jackson\core\jackson-core\2.10.3\jackson-core-2.10.3.jar;C:\Users\mmete\.m2\repository\org\bouncycastle\bcpkix-jdk15on\1.64\bcpkix-jdk15on-1.64.jar;C:\Users\mmete\.m2\repository\org\bouncycastle\bcprov-jdk15on\1.64\bcprov-jdk15on-1.64.jar;C:\Users\mmete\.m2\repository\org\slf4j\jcl-over-slf4j\1.7.30\jcl-over-slf4j-1.7.30.jar;C:\Users\mmete\.m2\repository\com\github\docker-java\docker-java-transport-httpclient5\3.2.13\docker-java-transport-httpclient5-3.2.13.jar;C:\Users\mmete\.m2\repository\com\github\docker-java\docker-java-transport\3.2.13\docker-java-transport-3.2.13.jar;C:\Users\mmete\.m2\repository\net\java\dev\jna\jna\5.8.0\jna-5.8.0.jar;C:\Users\mmete\.m2\repository\org\brotli\dec\0.1.2\dec-0.1.2.jar;C:\Users\mmete\.m2\repository\org\apache\commons\commons-lang3\3.12.0\commons-lang3-3.12.0.jar;C:\Users\mmete\.m2\repository\org\apache\httpcomponents\client5\httpclient5\5.1.3\httpclient5-5.1.3.jar;C:\Users\mmete\.m2\repository\org\apache\httpcomponents\core5\httpcore5\5.1.3\httpcore5-5.1.3.jar;C:\Users\mmete\.m2\repository\org\apache\httpcomponents\core5\httpcore5-h2\5.1.3\httpcore5-h2-5.1.3.jar;C:\Users\mmete\.m2\repository\commons-codec\commons-codec\1.15\commons-codec-1.15.jar;C:\Users\mmete\.m2\repository\org\testng\testng\7.6.1\testng-7.6.1.jar;C:\Users\mmete\.m2\repository\com\google\code\findbugs\jsr305\3.0.2\jsr305-3.0.2.jar;C:\Users\mmete\.m2\repository\com\beust\jcommander\1.82\jcommander-1.82.jar;C:\Users\mmete\.m2\repository\org\webjars\jquery\3.6.0\jquery-3.6.0.jar
11-12-2022 21:19:32.255 [java] [DEBUG] found java executable in java.exe
11-12-2022 21:19:32.255 [java] [DEBUG] running - java.exe [-Dfile.encoding=UTF-8 com.thoughtworks.gauge.GaugeRuntime --start]
11-12-2022 21:19:32.255 [java] [DEBUG] stdout/stderr is logged to logs\14664-java.exe.out
11-12-2022 21:19:32.409 [java] [DEBUG] multithreading is set to false
11-12-2022 21:19:32.611 [java] [DEBUG] Using reflection to scan dependencies for gauge implementations...
11-12-2022 21:19:32.665 [java] [ERROR] SLF4J: Failed to load class "org.slf4j.impl.StaticLoggerBinder".
11-12-2022 21:19:32.665 [java] [ERROR] SLF4J: Defaulting to no-operation (NOP) logger implementation
11-12-2022 21:19:32.665 [java] [ERROR] SLF4J: See http://www.slf4j.org/codes.html#StaticLoggerBinder for further details.
11-12-2022 21:19:32.965 [Gauge] [DEBUG] Checking updates...
11-12-2022 21:19:32.966 [Gauge] [DEBUG] Downloading https://downloads.gauge.org/plugin/html-report?l=java&p=html-report,java,screenshot,spectacle&o=windows&a=amd64
11-12-2022 21:19:33.306 [java] [DEBUG] gauge-java took 896milliseconds to load and scan. This should be less than 'runner_connection_timeout' config value.
11-12-2022 21:19:33.306 [java] [DEBUG] run 'gauge config runner_connection_timeout' and verify that it is < 896
11-12-2022 21:19:33.307 [java] [DEBUG] starting gRPC server...
11-12-2022 21:19:33.405 [java] [DEBUG] started gRPC server on port 58290
11-12-2022 21:19:33.405 [Gauge] [DEBUG] Attempting to connect to grpc server at port: 58290
11-12-2022 21:19:33.475 [Gauge] [DEBUG] Successfully made the connection with runner with port: 58290
11-12-2022 21:19:33.475 [Gauge] [DEBUG] Validation started.
11-12-2022 21:19:33.640 [Gauge] [DEBUG] Downloading https://downloads.gauge.org/plugin/java?l=java&p=html-report,java,screenshot,spectacle&o=windows&a=amd64
11-12-2022 21:19:33.736 [Gauge] [DEBUG] Downloading https://downloads.gauge.org/plugin/screenshot?l=java&p=html-report,java,screenshot,spectacle&o=windows&a=amd64
11-12-2022 21:19:33.837 [Gauge] [DEBUG] Downloading https://downloads.gauge.org/plugin/spectacle?l=java&p=html-report,java,screenshot,spectacle&o=windows&a=amd64
11-12-2022 21:19:33.966 [java] [DEBUG] Scanning packages for steps
11-12-2022 21:19:33.970 [java] [DEBUG] Comparing 'StepDefinition.RegisterUserStepImplementation.browser' and 'StepDefinition.RegisterUserStepImplementation.browser'
11-12-2022 21:19:33.970 [java] [DEBUG] Found Navigate to Browser in current project scope.
11-12-2022 21:19:33.970 [java] [DEBUG] Comparing 'StepDefinition.RegisterUserStepImplementation.logout' and 'StepDefinition.RegisterUserStepImplementation.logout'
11-12-2022 21:19:33.970 [java] [DEBUG] Found Logout in current project scope.
11-12-2022 21:19:33.970 [java] [DEBUG] Comparing 'StepDefinition.RegisterUserStepImplementation.signupButton' and 'StepDefinition.RegisterUserStepImplementation.signupButton'
11-12-2022 21:19:33.970 [java] [DEBUG] Found Click Signup button in current project scope.
11-12-2022 21:19:33.970 [java] [DEBUG] Comparing 'StepDefinition.RegisterUserStepImplementation.loginButton' and 'StepDefinition.RegisterUserStepImplementation.loginButton'
11-12-2022 21:19:33.971 [java] [DEBUG] Found Click on Signup Login button in current project scope.
11-12-2022 21:19:33.971 [java] [DEBUG] Comparing 'StepDefinition.RegisterUserStepImplementation.fiildeatails' and 'StepDefinition.RegisterUserStepImplementation.fiildeatails'
11-12-2022 21:19:33.971 [java] [DEBUG] Found Fill details Title, Name, Email, Password, Date of birth in current project scope.
11-12-2022 21:19:33.971 [java] [DEBUG] Comparing 'StepDefinition.RegisterUserStepImplementation.verifyEATVisible' and 'StepDefinition.RegisterUserStepImplementation.verifyEATVisible'
11-12-2022 21:19:33.971 [java] [DEBUG] Found Verify that ENTER ACCOUNT INFORMATION is visible in current project scope.
11-12-2022 21:19:33.971 [java] [DEBUG] Comparing 'StepDefinition.RegisterUserStepImplementation.close' and 'StepDefinition.RegisterUserStepImplementation.close'
11-12-2022 21:19:33.971 [java] [DEBUG] Found Close in current project scope.
11-12-2022 21:19:33.971 [java] [DEBUG] Comparing 'StepDefinition.RegisterUserStepImplementation.createAccountButtun' and 'StepDefinition.RegisterUserStepImplementation.createAccountButtun'
11-12-2022 21:19:33.971 [java] [DEBUG] Found Click Create Account button in current project scope.
11-12-2022 21:19:33.971 [java] [DEBUG] Comparing 'StepDefinition.RegisterUserStepImplementation.emailAndAddress' and 'StepDefinition.RegisterUserStepImplementation.emailAndAddress'
11-12-2022 21:19:33.971 [java] [DEBUG] Found Enter name and email address in current project scope.
11-12-2022 21:19:33.971 [java] [DEBUG] Comparing 'StepDefinition.RegisterUserStepImplementation.continueButton' and 'StepDefinition.RegisterUserStepImplementation.continueButton'
11-12-2022 21:19:33.971 [java] [DEBUG] Found Click Continue button in current project scope.
11-12-2022 21:19:33.971 [java] [DEBUG] Comparing 'StepDefinition.RegisterUserStepImplementation.verifyACVisible' and 'StepDefinition.RegisterUserStepImplementation.verifyACVisible'
11-12-2022 21:19:33.971 [java] [DEBUG] Found Verify that ACCOUNT CREATED is visible in current project scope.
11-12-2022 21:19:33.971 [java] [DEBUG] Comparing 'StepDefinition.RegisterUserStepImplementation.url' and 'StepDefinition.RegisterUserStepImplementation.url'
11-12-2022 21:19:33.971 [java] [DEBUG] Found Navigate to Url in current project scope.
11-12-2022 21:19:33.971 [java] [DEBUG] Comparing 'StepDefinition.RegisterUserStepImplementation.VerifyNewUser' and 'StepDefinition.RegisterUserStepImplementation.VerifyNewUser'
11-12-2022 21:19:33.971 [java] [DEBUG] Found Verify New User Signup is visible in current project scope.
11-12-2022 21:19:33.971 [java] [DEBUG] Scanning packages for hooks
11-12-2022 21:19:33.974 [java] [DEBUG] Scanned steps (using static parsing + reflections): 
11-12-2022 21:19:33.974 [java] [DEBUG] 	Click Create Account button : public void createAccountButtun()
11-12-2022 21:19:33.974 [java] [DEBUG] 	Navigate to Url : public void url()
11-12-2022 21:19:33.974 [java] [DEBUG] 	Click Signup button : public void signupButton()
11-12-2022 21:19:33.974 [java] [DEBUG] 	Fill details Title, Name, Email, Password, Date of birth : public void fiildeatails()
11-12-2022 21:19:33.974 [java] [DEBUG] 	Enter name and email address : public void emailAndAddress()
11-12-2022 21:19:33.974 [java] [DEBUG] 	Navigate to Browser : public void browser()
11-12-2022 21:19:33.974 [java] [DEBUG] 	Click Continue button : public void continueButton()
11-12-2022 21:19:33.974 [java] [DEBUG] 	Verify New User Signup is visible : public void VerifyNewUser()
11-12-2022 21:19:33.974 [java] [DEBUG] 	Click on Signup Login button : public void loginButton()
11-12-2022 21:19:33.974 [java] [DEBUG] 	Verify that ACCOUNT CREATED is visible : public void verifyACVisible()
11-12-2022 21:19:33.974 [java] [DEBUG] 	Logout : public void logout()
11-12-2022 21:19:33.974 [java] [DEBUG] 	Close : public void close()
11-12-2022 21:19:33.974 [java] [DEBUG] 	Verify that ENTER ACCOUNT INFORMATION is visible : public void verifyEATVisible()
11-12-2022 21:19:34.424 [Gauge] [DEBUG] Validation completed.
11-12-2022 21:19:34.424 [Gauge] [DEBUG] Run started
11-12-2022 21:19:34.425 [Gauge] [DEBUG] Starting Html Report plugin
11-12-2022 21:19:34.435 [html-report] [DEBUG] Setting MaxRecvMsgSize = 1024 MB
11-12-2022 21:19:34.435 [Gauge] [DEBUG] Attempting to connect to grpc server at port: 57594
11-12-2022 21:19:34.436 [Gauge] [DEBUG] Successfully made the connection with plugin with port: 57594
11-12-2022 21:19:34.436 [Gauge] [DEBUG] Initialising suite data store.
11-12-2022 21:19:34.461 [java] [DEBUG] Executing 'Navigate to Browser' using 'class StepDefinition.RegisterUserStepImplementation.browser
11-12-2022 21:19:35.278 [java] [ERROR] Starting ChromeDriver 108.0.5359.71 (1e0e3868ee06e91ad636a874420e3ca3ae3756ac-refs/branch-heads/5359@{#1016}) on port 51194
11-12-2022 21:19:35.278 [java] [ERROR] Only local connections are allowed.
11-12-2022 21:19:35.278 [java] [ERROR] Please see https://chromedriver.chromium.org/security-considerations for suggestions on keeping ChromeDriver safe.
11-12-2022 21:19:35.282 [java] [ERROR] ChromeDriver was started successfully.
11-12-2022 21:19:35.935 [java] [ERROR] Ara 11, 2022 9:19:35 ÖS org.openqa.selenium.remote.ProtocolHandshake createSession
11-12-2022 21:19:35.935 [java] [ERROR] INFO: Detected upstream dialect: W3C
11-12-2022 21:19:35.966 [java] [ERROR] Ara 11, 2022 9:19:35 ÖS org.openqa.selenium.devtools.CdpVersionFinder findNearestMatch
11-12-2022 21:19:35.966 [java] [ERROR] WARNING: Unable to find an exact match for CDP version 108, so returning the closest version found: 104
11-12-2022 21:19:35.966 [java] [ERROR] Ara 11, 2022 9:19:35 ÖS org.openqa.selenium.devtools.CdpVersionFinder findNearestMatch
11-12-2022 21:19:35.966 [java] [ERROR] INFO: Found CDP implementation for version 108 of 104
11-12-2022 21:19:36.104 [java] [DEBUG] Executing 'Navigate to Url' using 'class StepDefinition.RegisterUserStepImplementation.url
11-12-2022 21:19:40.376 [java] [DEBUG] Executing 'Click on Signup Login button' using 'class StepDefinition.RegisterUserStepImplementation.loginButton
11-12-2022 21:19:42.950 [java] [DEBUG] Executing 'Verify New User Signup is visible' using 'class StepDefinition.RegisterUserStepImplementation.VerifyNewUser
11-12-2022 21:19:42.969 [java] [DEBUG] Executing 'Enter name and email address' using 'class StepDefinition.RegisterUserStepImplementation.emailAndAddress
11-12-2022 21:19:42.971 [java] [DEBUG] Executing 'Click Signup button' using 'class StepDefinition.RegisterUserStepImplementation.signupButton
11-12-2022 21:19:42.973 [java] [DEBUG] Executing 'Verify that ENTER ACCOUNT INFORMATION is visible' using 'class StepDefinition.RegisterUserStepImplementation.verifyEATVisible
11-12-2022 21:19:42.975 [java] [DEBUG] Executing 'Fill details Title, Name, Email, Password, Date of birth' using 'class StepDefinition.RegisterUserStepImplementation.fiildeatails
11-12-2022 21:19:42.978 [java] [DEBUG] Executing 'Click Create Account button' using 'class StepDefinition.RegisterUserStepImplementation.createAccountButtun
11-12-2022 21:19:42.980 [java] [DEBUG] Executing 'Verify that ACCOUNT CREATED is visible' using 'class StepDefinition.RegisterUserStepImplementation.verifyACVisible
11-12-2022 21:19:42.983 [java] [DEBUG] Executing 'Click Continue button' using 'class StepDefinition.RegisterUserStepImplementation.continueButton
11-12-2022 21:19:42.985 [java] [DEBUG] Executing 'Logout' using 'class StepDefinition.RegisterUserStepImplementation.logout
11-12-2022 21:19:42.987 [java] [DEBUG] Executing 'Close' using 'class StepDefinition.RegisterUserStepImplementation.close
11-12-2022 21:19:43.111 [html-report] [DEBUG] Transformed SuiteResult to report structure
11-12-2022 21:19:43.125 [html-report] [INFO] Successfully generated html-report to => C:\Users\mmete\IdeaProjects\gaugeExample\reports\html-report\index.html
11-12-2022 21:19:43.125 [html-report] [DEBUG] Done generating HTML report using theme from C:\Users\mmete\AppData\Roaming\gauge\plugins\html-report\4.2.0\themes\default
11-12-2022 21:19:43.125 [Gauge] [DEBUG] Sending kill message to Html Report plugin.
11-12-2022 21:19:43.126 [java] [DEBUG] Killing Java runner...
11-12-2022 21:19:43.127 [java] [DEBUG] Stopping execution pool...
11-12-2022 21:19:43.127 [java] [DEBUG] Shutting down grpc server...
11-12-2022 21:19:43.132 [java] [DEBUG] Runner killed gracefully.
11-12-2022 21:19:43.800 [Gauge] [DEBUG] Runner with PID:14664 has exited
11-12-2022 21:19:43.800 [Gauge] [INFO] Specifications:	1 executed	1 passed	0 failed	0 skipped
11-12-2022 21:19:43.800 [Gauge] [INFO] Scenarios:	1 executed	1 passed	0 failed	0 skipped
11-12-2022 21:19:43.800 [Gauge] [INFO] 
Total time taken: 8.686s
11-12-2022 21:20:03.256 [Gauge] [DEBUG] Attempting to connect to grpc server at port: 62287
11-12-2022 21:20:03.257 [Gauge] [DEBUG] Successfully made the connection with plugin with port: 62287
11-12-2022 21:20:03.260 [Gauge] [INFO] Initializing concepts cache with 0 concepts
11-12-2022 21:20:03.261 [Gauge] [INFO] Initializing specs cache with 1 specs
11-12-2022 21:20:03.261 [Gauge] [DEBUG] Adding specs from C:\Users\mmete\IdeaProjects\gaugeExample\specs\example.spec
11-12-2022 21:20:03.261 [Gauge] [INFO] Initializing steps cache with 1 steps
11-12-2022 21:20:03.261 [Gauge] [ERROR] Unable to add directory C:\Users\mmete\IdeaProjects\gaugeExample\C:\Users\mmete\IdeaProjects\gaugeExample\specs\example.spec to file watcher: GetFileAttributes: The filename, directory name, or volume label syntax is incorrect.
11-12-2022 21:20:03.264 [spectacle] [INFO] Succesfully converted specs to html => C:\Users\mmete\AppData\Local\Temp\gaugeExample\docs\html\index.html
11-12-2022 21:33:11.263 [Gauge] [DEBUG] Attempting to connect to grpc server at port: 63051
11-12-2022 21:33:11.264 [Gauge] [DEBUG] Successfully made the connection with plugin with port: 63051
11-12-2022 21:33:11.266 [Gauge] [INFO] Initializing concepts cache with 0 concepts
11-12-2022 21:33:11.267 [Gauge] [INFO] Initializing specs cache with 1 specs
11-12-2022 21:33:11.267 [Gauge] [DEBUG] Adding specs from C:\Users\mmete\IdeaProjects\gaugeExample\specs\example.spec
11-12-2022 21:33:11.267 [Gauge] [INFO] Initializing steps cache with 1 steps
11-12-2022 21:33:11.267 [Gauge] [ERROR] Unable to add directory C:\Users\mmete\IdeaProjects\gaugeExample\C:\Users\mmete\IdeaProjects\gaugeExample\specs\example.spec to file watcher: GetFileAttributes: The filename, directory name, or volume label syntax is incorrect.
11-12-2022 21:33:11.270 [spectacle] [INFO] Succesfully converted specs to html => C:\Users\mmete\AppData\Local\Temp\gaugeExample\docs\html\index.html
11-12-2022 21:33:45.263 [Gauge] [DEBUG] Created gauge_screenshots_dir at C:\Users\mmete\IdeaProjects\gaugeExample\.gauge\screenshots
11-12-2022 21:33:45.265 [Gauge] [DEBUG] Plugin java is already installed.
11-12-2022 21:33:45.265 [Gauge] [DEBUG] Plugin html-report is already installed.
11-12-2022 21:33:45.266 [Gauge] [DEBUG] Parsing started.
11-12-2022 21:33:45.266 [Gauge] [DEBUG] Started concepts parsing.
11-12-2022 21:33:45.270 [Gauge] [DEBUG] 0 concepts parsing completed.
11-12-2022 21:33:45.271 [Gauge] [DEBUG] Started specifications parsing.
11-12-2022 21:33:45.271 [Gauge] [DEBUG] 1 specifications parsing completed.
11-12-2022 21:33:45.271 [Gauge] [DEBUG] Parsing completed.
11-12-2022 21:33:45.283 [java] [DEBUG] ***** Printing Properties/Env Values *****
11-12-2022 21:33:45.283 [java] [DEBUG] PATH: C:\Program Files\Common Files\Oracle\Java\javapath;C:\WINDOWS\system32;C:\WINDOWS;C:\WINDOWS\System32\Wbem;C:\WINDOWS\System32\WindowsPowerShell\v1.0\;C:\WINDOWS\System32\OpenSSH\;C:\Program Files\Git\cmd;C:\Program Files\Gauge\bin;C:\Users\mmete\AppData\Local\Microsoft\WindowsApps;;C:\Program Files\JetBrains\IntelliJ IDEA Community Edition 2022.2.3\bin;;C:\Users\mmete\AppData\Roaming\gauge\plugins\screenshot\0.1.0
11-12-2022 21:33:45.283 [java] [DEBUG] JAVA_HOME: 
11-12-2022 21:33:45.283 [java] [DEBUG] gauge_project_root: C:\Users\mmete\IdeaProjects\gaugeExample
11-12-2022 21:33:45.283 [java] [DEBUG] gauge_parallel_streams_count: 12
11-12-2022 21:33:45.283 [java] [DEBUG] gauge_reports_dir: reports
11-12-2022 21:33:45.283 [java] [DEBUG] overwrite_reports: true
11-12-2022 21:33:45.283 [java] [DEBUG] logs_directory: logs
11-12-2022 21:33:45.283 [java] [DEBUG] enable_multithreading: 
11-12-2022 21:33:45.283 [java] [DEBUG] gauge_specs_dir: specs
11-12-2022 21:33:45.283 [java] [DEBUG] csv_delimiter: ,
11-12-2022 21:33:45.283 [java] [DEBUG] gauge_java_home: 
11-12-2022 21:33:45.283 [java] [DEBUG] gauge_custom_build_path: 
11-12-2022 21:33:45.283 [java] [DEBUG] gauge_additional_libs: libs/*
11-12-2022 21:33:45.283 [java] [DEBUG] gauge_jvm_args: 
11-12-2022 21:33:45.283 [java] [DEBUG] gauge_custom_compile_dir: 
11-12-2022 21:33:45.283 [java] [DEBUG] gauge_clear_state_level: scenario
11-12-2022 21:33:45.283 [java] [DEBUG] ***** END *****
11-12-2022 21:33:45.289 [java] [ERROR] exec: "mvn": executable file not found in %!P(MISSING)ATH%!(NOVERB)
11-12-2022 21:33:45.289 [java] [ERROR] Installed version of gauge-java (0.9.1) does not match with dependency gauge-java () specified in pom.xml file
11-12-2022 21:33:45.291 [java] [DEBUG] classpath set to C:\Program Files\Java\jdk-19!\java.base;C:\Program Files\Java\jdk-19!\java.compiler;C:\Program Files\Java\jdk-19!\java.datatransfer;C:\Program Files\Java\jdk-19!\java.desktop;C:\Program Files\Java\jdk-19!\java.instrument;C:\Program Files\Java\jdk-19!\java.logging;C:\Program Files\Java\jdk-19!\java.management;C:\Program Files\Java\jdk-19!\java.management.rmi;C:\Program Files\Java\jdk-19!\java.naming;C:\Program Files\Java\jdk-19!\java.net.http;C:\Program Files\Java\jdk-19!\java.prefs;C:\Program Files\Java\jdk-19!\java.rmi;C:\Program Files\Java\jdk-19!\java.scripting;C:\Program Files\Java\jdk-19!\java.se;C:\Program Files\Java\jdk-19!\java.security.jgss;C:\Program Files\Java\jdk-19!\java.security.sasl;C:\Program Files\Java\jdk-19!\java.smartcardio;C:\Program Files\Java\jdk-19!\java.sql;C:\Program Files\Java\jdk-19!\java.sql.rowset;C:\Program Files\Java\jdk-19!\java.transaction.xa;C:\Program Files\Java\jdk-19!\java.xml;C:\Program Files\Java\jdk-19!\java.xml.crypto;C:\Program Files\Java\jdk-19!\jdk.accessibility;C:\Program Files\Java\jdk-19!\jdk.attach;C:\Program Files\Java\jdk-19!\jdk.charsets;C:\Program Files\Java\jdk-19!\jdk.compiler;C:\Program Files\Java\jdk-19!\jdk.crypto.cryptoki;C:\Program Files\Java\jdk-19!\jdk.crypto.ec;C:\Program Files\Java\jdk-19!\jdk.crypto.mscapi;C:\Program Files\Java\jdk-19!\jdk.dynalink;C:\Program Files\Java\jdk-19!\jdk.editpad;C:\Program Files\Java\jdk-19!\jdk.hotspot.agent;C:\Program Files\Java\jdk-19!\jdk.httpserver;C:\Program Files\Java\jdk-19!\jdk.incubator.concurrent;C:\Program Files\Java\jdk-19!\jdk.incubator.vector;C:\Program Files\Java\jdk-19!\jdk.internal.ed;C:\Program Files\Java\jdk-19!\jdk.internal.jvmstat;C:\Program Files\Java\jdk-19!\jdk.internal.le;C:\Program Files\Java\jdk-19!\jdk.internal.opt;C:\Program Files\Java\jdk-19!\jdk.internal.vm.ci;C:\Program Files\Java\jdk-19!\jdk.internal.vm.compiler;C:\Program Files\Java\jdk-19!\jdk.internal.vm.compiler.management;C:\Program Files\Java\jdk-19!\jdk.jartool;C:\Program Files\Java\jdk-19!\jdk.javadoc;C:\Program Files\Java\jdk-19!\jdk.jcmd;C:\Program Files\Java\jdk-19!\jdk.jconsole;C:\Program Files\Java\jdk-19!\jdk.jdeps;C:\Program Files\Java\jdk-19!\jdk.jdi;C:\Program Files\Java\jdk-19!\jdk.jdwp.agent;C:\Program Files\Java\jdk-19!\jdk.jfr;C:\Program Files\Java\jdk-19!\jdk.jlink;C:\Program Files\Java\jdk-19!\jdk.jpackage;C:\Program Files\Java\jdk-19!\jdk.jshell;C:\Program Files\Java\jdk-19!\jdk.jsobject;C:\Program Files\Java\jdk-19!\jdk.jstatd;C:\Program Files\Java\jdk-19!\jdk.localedata;C:\Program Files\Java\jdk-19!\jdk.management;C:\Program Files\Java\jdk-19!\jdk.management.agent;C:\Program Files\Java\jdk-19!\jdk.management.jfr;C:\Program Files\Java\jdk-19!\jdk.naming.dns;C:\Program Files\Java\jdk-19!\jdk.naming.rmi;C:\Program Files\Java\jdk-19!\jdk.net;C:\Program Files\Java\jdk-19!\jdk.nio.mapmode;C:\Program Files\Java\jdk-19!\jdk.random;C:\Program Files\Java\jdk-19!\jdk.sctp;C:\Program Files\Java\jdk-19!\jdk.security.auth;C:\Program Files\Java\jdk-19!\jdk.security.jgss;C:\Program Files\Java\jdk-19!\jdk.unsupported;C:\Program Files\Java\jdk-19!\jdk.unsupported.desktop;C:\Program Files\Java\jdk-19!\jdk.xml.dom;C:\Program Files\Java\jdk-19!\jdk.zipfs;C:\Users\mmete\IdeaProjects\gaugeExample\target\test-classes;C:\Users\mmete\.m2\repository\com\thoughtworks\gauge\gauge-java\0.9.1\gauge-java-0.9.1.jar;C:\Users\mmete\.m2\repository\org\assertj\assertj-core\3.22.0\assertj-core-3.22.0.jar;C:\Users\mmete\.m2\repository\org\reflections\reflections\0.10.2\reflections-0.10.2.jar;C:\Users\mmete\.m2\repository\org\javassist\javassist\3.28.0-GA\javassist-3.28.0-GA.jar;C:\Users\mmete\.m2\repository\com\github\javaparser\javaparser-core\3.16.3\javaparser-core-3.16.3.jar;C:\Users\mmete\.m2\repository\commons-io\commons-io\2.11.0\commons-io-2.11.0.jar;C:\Users\mmete\.m2\repository\commons-lang\commons-lang\2.6\commons-lang-2.6.jar;C:\Users\mmete\.m2\repository\org\json\json\20220320\json-20220320.jar;C:\Users\mmete\.m2\repository\com\google\protobuf\protobuf-java\3.19.4\protobuf-java-3.19.4.jar;C:\Users\mmete\.m2\repository\com\google\guava\guava\31.0.1-jre\guava-31.0.1-jre.jar;C:\Users\mmete\.m2\repository\com\google\guava\failureaccess\1.0.1\failureaccess-1.0.1.jar;C:\Users\mmete\.m2\repository\com\google\guava\listenablefuture\9999.0-empty-to-avoid-conflict-with-guava\listenablefuture-9999.0-empty-to-avoid-conflict-with-guava.jar;C:\Users\mmete\.m2\repository\org\checkerframework\checker-qual\3.12.0\checker-qual-3.12.0.jar;C:\Users\mmete\.m2\repository\com\google\errorprone\error_prone_annotations\2.7.1\error_prone_annotations-2.7.1.jar;C:\Users\mmete\.m2\repository\com\google\j2objc\j2objc-annotations\1.3\j2objc-annotations-1.3.jar;C:\Users\mmete\.m2\repository\io\grpc\grpc-netty-shaded\1.41.2\grpc-netty-shaded-1.41.2.jar;C:\Users\mmete\.m2\repository\io\perfmark\perfmark-api\0.23.0\perfmark-api-0.23.0.jar;C:\Users\mmete\.m2\repository\io\grpc\grpc-core\1.41.2\grpc-core-1.41.2.jar;C:\Users\mmete\.m2\repository\com\google\android\annotations\4.1.1.4\annotations-4.1.1.4.jar;C:\Users\mmete\.m2\repository\org\codehaus\mojo\animal-sniffer-annotations\1.19\animal-sniffer-annotations-1.19.jar;C:\Users\mmete\.m2\repository\io\grpc\grpc-protobuf\1.41.2\grpc-protobuf-1.41.2.jar;C:\Users\mmete\.m2\repository\io\grpc\grpc-api\1.41.2\grpc-api-1.41.2.jar;C:\Users\mmete\.m2\repository\io\grpc\grpc-context\1.41.2\grpc-context-1.41.2.jar;C:\Users\mmete\.m2\repository\com\google\api\grpc\proto-google-common-protos\2.0.1\proto-google-common-protos-2.0.1.jar;C:\Users\mmete\.m2\repository\io\grpc\grpc-protobuf-lite\1.41.2\grpc-protobuf-lite-1.41.2.jar;C:\Users\mmete\.m2\repository\io\grpc\grpc-stub\1.41.2\grpc-stub-1.41.2.jar;C:\Users\mmete\.m2\repository\javax\annotation\javax.annotation-api\1.3.2\javax.annotation-api-1.3.2.jar;C:\Users\mmete\.m2\repository\org\seleniumhq\selenium\selenium-java\4.4.0\selenium-java-4.4.0.jar;C:\Users\mmete\.m2\repository\org\seleniumhq\selenium\selenium-api\4.4.0\selenium-api-4.4.0.jar;C:\Users\mmete\.m2\repository\org\seleniumhq\selenium\selenium-chrome-driver\4.4.0\selenium-chrome-driver-4.4.0.jar;C:\Users\mmete\.m2\repository\com\google\auto\service\auto-service-annotations\1.0.1\auto-service-annotations-1.0.1.jar;C:\Users\mmete\.m2\repository\com\google\auto\service\auto-service\1.0.1\auto-service-1.0.1.jar;C:\Users\mmete\.m2\repository\com\google\auto\auto-common\1.2\auto-common-1.2.jar;C:\Users\mmete\.m2\repository\org\seleniumhq\selenium\selenium-chromium-driver\4.4.0\selenium-chromium-driver-4.4.0.jar;C:\Users\mmete\.m2\repository\org\seleniumhq\selenium\selenium-json\4.4.0\selenium-json-4.4.0.jar;C:\Users\mmete\.m2\repository\org\seleniumhq\selenium\selenium-devtools-v102\4.4.0\selenium-devtools-v102-4.4.0.jar;C:\Users\mmete\.m2\repository\org\seleniumhq\selenium\selenium-devtools-v103\4.4.0\selenium-devtools-v103-4.4.0.jar;C:\Users\mmete\.m2\repository\org\seleniumhq\selenium\selenium-devtools-v104\4.4.0\selenium-devtools-v104-4.4.0.jar;C:\Users\mmete\.m2\repository\org\seleniumhq\selenium\selenium-devtools-v85\4.4.0\selenium-devtools-v85-4.4.0.jar;C:\Users\mmete\.m2\repository\org\seleniumhq\selenium\selenium-edge-driver\4.4.0\selenium-edge-driver-4.4.0.jar;C:\Users\mmete\.m2\repository\org\seleniumhq\selenium\selenium-firefox-driver\4.4.0\selenium-firefox-driver-4.4.0.jar;C:\Users\mmete\.m2\repository\org\seleniumhq\selenium\selenium-ie-driver\4.4.0\selenium-ie-driver-4.4.0.jar;C:\Users\mmete\.m2\repository\org\seleniumhq\selenium\selenium-opera-driver\4.4.0\selenium-opera-driver-4.4.0.jar;C:\Users\mmete\.m2\repository\org\seleniumhq\selenium\selenium-remote-driver\4.4.0\selenium-remote-driver-4.4.0.jar;C:\Users\mmete\.m2\repository\io\netty\netty-buffer\4.1.78.Final\netty-buffer-4.1.78.Final.jar;C:\Users\mmete\.m2\repository\io\netty\netty-codec-http\4.1.78.Final\netty-codec-http-4.1.78.Final.jar;C:\Users\mmete\.m2\repository\io\netty\netty-codec\4.1.78.Final\netty-codec-4.1.78.Final.jar;C:\Users\mmete\.m2\repository\io\netty\netty-handler\4.1.78.Final\netty-handler-4.1.78.Final.jar;C:\Users\mmete\.m2\repository\io\netty\netty-common\4.1.78.Final\netty-common-4.1.78.Final.jar;C:\Users\mmete\.m2\repository\io\netty\netty-transport-classes-epoll\4.1.78.Final\netty-transport-classes-epoll-4.1.78.Final.jar;C:\Users\mmete\.m2\repository\io\netty\netty-transport-classes-kqueue\4.1.78.Final\netty-transport-classes-kqueue-4.1.78.Final.jar;C:\Users\mmete\.m2\repository\io\netty\netty-transport-native-epoll\4.1.78.Final\netty-transport-native-epoll-4.1.78.Final.jar;C:\Users\mmete\.m2\repository\io\netty\netty-transport-native-kqueue\4.1.78.Final\netty-transport-native-kqueue-4.1.78.Final.jar;C:\Users\mmete\.m2\repository\io\netty\netty-transport-native-unix-common\4.1.78.Final\netty-transport-native-unix-common-4.1.78.Final.jar;C:\Users\mmete\.m2\repository\io\netty\netty-transport\4.1.78.Final\netty-transport-4.1.78.Final.jar;C:\Users\mmete\.m2\repository\io\netty\netty-resolver\4.1.78.Final\netty-resolver-4.1.78.Final.jar;C:\Users\mmete\.m2\repository\io\opentelemetry\opentelemetry-api\1.16.0\opentelemetry-api-1.16.0.jar;C:\Users\mmete\.m2\repository\io\opentelemetry\opentelemetry-context\1.16.0\opentelemetry-context-1.16.0.jar;C:\Users\mmete\.m2\repository\io\opentelemetry\opentelemetry-exporter-logging\1.16.0\opentelemetry-exporter-logging-1.16.0.jar;C:\Users\mmete\.m2\repository\io\opentelemetry\opentelemetry-sdk-metrics\1.16.0\opentelemetry-sdk-metrics-1.16.0.jar;C:\Users\mmete\.m2\repository\io\opentelemetry\opentelemetry-sdk-logs\1.16.0-alpha\opentelemetry-sdk-logs-1.16.0-alpha.jar;C:\Users\mmete\.m2\repository\io\opentelemetry\opentelemetry-sdk-common\1.16.0\opentelemetry-sdk-common-1.16.0.jar;C:\Users\mmete\.m2\repository\io\opentelemetry\opentelemetry-sdk-extension-autoconfigure-spi\1.16.0\opentelemetry-sdk-extension-autoconfigure-spi-1.16.0.jar;C:\Users\mmete\.m2\repository\io\opentelemetry\opentelemetry-sdk-extension-autoconfigure\1.16.0-alpha\opentelemetry-sdk-extension-autoconfigure-1.16.0-alpha.jar;C:\Users\mmete\.m2\repository\io\opentelemetry\opentelemetry-sdk-trace\1.16.0\opentelemetry-sdk-trace-1.16.0.jar;C:\Users\mmete\.m2\repository\io\opentelemetry\opentelemetry-sdk\1.16.0\opentelemetry-sdk-1.16.0.jar;C:\Users\mmete\.m2\repository\io\opentelemetry\opentelemetry-semconv\1.16.0-alpha\opentelemetry-semconv-1.16.0-alpha.jar;C:\Users\mmete\.m2\repository\io\ous\jtoml\2.0.0\jtoml-2.0.0.jar;C:\Users\mmete\.m2\repository\net\bytebuddy\byte-buddy\1.12.10\byte-buddy-1.12.10.jar;C:\Users\mmete\.m2\repository\org\apache\commons\commons-exec\1.3\commons-exec-1.3.jar;C:\Users\mmete\.m2\repository\org\asynchttpclient\async-http-client\2.12.3\async-http-client-2.12.3.jar;C:\Users\mmete\.m2\repository\org\asynchttpclient\async-http-client-netty-utils\2.12.3\async-http-client-netty-utils-2.12.3.jar;C:\Users\mmete\.m2\repository\io\netty\netty-codec-socks\4.1.60.Final\netty-codec-socks-4.1.60.Final.jar;C:\Users\mmete\.m2\repository\io\netty\netty-handler-proxy\4.1.60.Final\netty-handler-proxy-4.1.60.Final.jar;C:\Users\mmete\.m2\repository\io\netty\netty-transport-native-epoll\4.1.60.Final\netty-transport-native-epoll-4.1.60.Final-linux-x86_64.jar;C:\Users\mmete\.m2\repository\io\netty\netty-transport-native-kqueue\4.1.60.Final\netty-transport-native-kqueue-4.1.60.Final-osx-x86_64.jar;C:\Users\mmete\.m2\repository\org\reactivestreams\reactive-streams\1.0.3\reactive-streams-1.0.3.jar;C:\Users\mmete\.m2\repository\com\typesafe\netty\netty-reactive-streams\2.0.4\netty-reactive-streams-2.0.4.jar;C:\Users\mmete\.m2\repository\com\sun\activation\jakarta.activation\1.2.2\jakarta.activation-1.2.2.jar;C:\Users\mmete\.m2\repository\org\seleniumhq\selenium\selenium-http\4.4.0\selenium-http-4.4.0.jar;C:\Users\mmete\.m2\repository\dev\failsafe\failsafe\3.2.4\failsafe-3.2.4.jar;C:\Users\mmete\.m2\repository\org\seleniumhq\selenium\selenium-safari-driver\4.4.0\selenium-safari-driver-4.4.0.jar;C:\Users\mmete\.m2\repository\org\seleniumhq\selenium\selenium-support\4.4.0\selenium-support-4.4.0.jar;C:\Users\mmete\.m2\repository\io\github\bonigarcia\webdrivermanager\5.3.0\webdrivermanager-5.3.0.jar;C:\Users\mmete\.m2\repository\org\slf4j\slf4j-api\1.7.36\slf4j-api-1.7.36.jar;C:\Users\mmete\.m2\repository\com\google\code\gson\gson\2.9.1\gson-2.9.1.jar;C:\Users\mmete\.m2\repository\com\github\docker-java\docker-java\3.2.13\docker-java-3.2.13.jar;C:\Users\mmete\.m2\repository\com\github\docker-java\docker-java-core\3.2.13\docker-java-core-3.2.13.jar;C:\Users\mmete\.m2\repository\com\github\docker-java\docker-java-api\3.2.13\docker-java-api-3.2.13.jar;C:\Users\mmete\.m2\repository\com\fasterxml\jackson\core\jackson-annotations\2.10.3\jackson-annotations-2.10.3.jar;C:\Users\mmete\.m2\repository\org\apache\commons\commons-compress\1.21\commons-compress-1.21.jar;C:\Users\mmete\.m2\repository\com\fasterxml\jackson\core\jackson-databind\2.10.3\jackson-databind-2.10.3.jar;C:\Users\mmete\.m2\repository\com\fasterxml\jackson\core\jackson-core\2.10.3\jackson-core-2.10.3.jar;C:\Users\mmete\.m2\repository\org\bouncycastle\bcpkix-jdk15on\1.64\bcpkix-jdk15on-1.64.jar;C:\Users\mmete\.m2\repository\org\bouncycastle\bcprov-jdk15on\1.64\bcprov-jdk15on-1.64.jar;C:\Users\mmete\.m2\repository\org\slf4j\jcl-over-slf4j\1.7.30\jcl-over-slf4j-1.7.30.jar;C:\Users\mmete\.m2\repository\com\github\docker-java\docker-java-transport-httpclient5\3.2.13\docker-java-transport-httpclient5-3.2.13.jar;C:\Users\mmete\.m2\repository\com\github\docker-java\docker-java-transport\3.2.13\docker-java-transport-3.2.13.jar;C:\Users\mmete\.m2\repository\net\java\dev\jna\jna\5.8.0\jna-5.8.0.jar;C:\Users\mmete\.m2\repository\org\brotli\dec\0.1.2\dec-0.1.2.jar;C:\Users\mmete\.m2\repository\org\apache\commons\commons-lang3\3.12.0\commons-lang3-3.12.0.jar;C:\Users\mmete\.m2\repository\org\apache\httpcomponents\client5\httpclient5\5.1.3\httpclient5-5.1.3.jar;C:\Users\mmete\.m2\repository\org\apache\httpcomponents\core5\httpcore5\5.1.3\httpcore5-5.1.3.jar;C:\Users\mmete\.m2\repository\org\apache\httpcomponents\core5\httpcore5-h2\5.1.3\httpcore5-h2-5.1.3.jar;C:\Users\mmete\.m2\repository\commons-codec\commons-codec\1.15\commons-codec-1.15.jar;C:\Users\mmete\.m2\repository\org\testng\testng\7.6.1\testng-7.6.1.jar;C:\Users\mmete\.m2\repository\com\google\code\findbugs\jsr305\3.0.2\jsr305-3.0.2.jar;C:\Users\mmete\.m2\repository\com\beust\jcommander\1.82\jcommander-1.82.jar;C:\Users\mmete\.m2\repository\org\webjars\jquery\3.6.0\jquery-3.6.0.jar
11-12-2022 21:33:45.291 [java] [DEBUG] found java executable in java.exe
11-12-2022 21:33:45.291 [java] [DEBUG] running - java.exe [-Dfile.encoding=UTF-8 com.thoughtworks.gauge.GaugeRuntime --start]
11-12-2022 21:33:45.292 [java] [DEBUG] stdout/stderr is logged to logs\12328-java.exe.out
11-12-2022 21:33:45.429 [java] [DEBUG] multithreading is set to false
11-12-2022 21:33:45.639 [java] [DEBUG] Using reflection to scan dependencies for gauge implementations...
11-12-2022 21:33:45.695 [java] [ERROR] SLF4J: Failed to load class "org.slf4j.impl.StaticLoggerBinder".
11-12-2022 21:33:45.695 [java] [ERROR] SLF4J: Defaulting to no-operation (NOP) logger implementation
11-12-2022 21:33:45.695 [java] [ERROR] SLF4J: See http://www.slf4j.org/codes.html#StaticLoggerBinder for further details.
11-12-2022 21:33:45.765 [Gauge] [DEBUG] Checking updates...
11-12-2022 21:33:45.770 [Gauge] [DEBUG] Downloading https://downloads.gauge.org/plugin/html-report?l=java&p=html-report,java,screenshot,spectacle&o=windows&a=amd64
11-12-2022 21:33:46.130 [Gauge] [DEBUG] Downloading https://downloads.gauge.org/plugin/java?l=java&p=html-report,java,screenshot,spectacle&o=windows&a=amd64
11-12-2022 21:33:46.269 [Gauge] [DEBUG] Downloading https://downloads.gauge.org/plugin/screenshot?l=java&p=html-report,java,screenshot,spectacle&o=windows&a=amd64
11-12-2022 21:33:46.298 [java] [DEBUG] gauge-java took 870milliseconds to load and scan. This should be less than 'runner_connection_timeout' config value.
11-12-2022 21:33:46.298 [java] [DEBUG] run 'gauge config runner_connection_timeout' and verify that it is < 870
11-12-2022 21:33:46.300 [java] [DEBUG] starting gRPC server...
11-12-2022 21:33:46.396 [java] [DEBUG] started gRPC server on port 49570
11-12-2022 21:33:46.396 [Gauge] [DEBUG] Attempting to connect to grpc server at port: 49570
11-12-2022 21:33:46.401 [Gauge] [DEBUG] Downloading https://downloads.gauge.org/plugin/spectacle?l=java&p=html-report,java,screenshot,spectacle&o=windows&a=amd64
11-12-2022 21:33:46.473 [Gauge] [DEBUG] Successfully made the connection with runner with port: 49570
11-12-2022 21:33:46.473 [Gauge] [DEBUG] Validation started.
11-12-2022 21:33:46.929 [java] [DEBUG] Scanning packages for steps
11-12-2022 21:33:46.934 [java] [DEBUG] Comparing 'StepDefinition.RegisterUserStepImplementation.browser' and 'StepDefinition.RegisterUserStepImplementation.browser'
11-12-2022 21:33:46.934 [java] [DEBUG] Found Navigate to Browser in current project scope.
11-12-2022 21:33:46.934 [java] [DEBUG] Comparing 'StepDefinition.RegisterUserStepImplementation.logout' and 'StepDefinition.RegisterUserStepImplementation.logout'
11-12-2022 21:33:46.934 [java] [DEBUG] Found Logout in current project scope.
11-12-2022 21:33:46.934 [java] [DEBUG] Comparing 'StepDefinition.RegisterUserStepImplementation.signupButton' and 'StepDefinition.RegisterUserStepImplementation.signupButton'
11-12-2022 21:33:46.934 [java] [DEBUG] Found Click Signup button in current project scope.
11-12-2022 21:33:46.934 [java] [DEBUG] Comparing 'StepDefinition.RegisterUserStepImplementation.nameAndEmailAndAddress' and 'StepDefinition.RegisterUserStepImplementation.nameAndEmailAndAddress'
11-12-2022 21:33:46.934 [java] [DEBUG] Found Enter name and email address in current project scope.
11-12-2022 21:33:46.934 [java] [DEBUG] Comparing 'StepDefinition.RegisterUserStepImplementation.loginButton' and 'StepDefinition.RegisterUserStepImplementation.loginButton'
11-12-2022 21:33:46.934 [java] [DEBUG] Found Click on Signup Login button in current project scope.
11-12-2022 21:33:46.934 [java] [DEBUG] Comparing 'StepDefinition.RegisterUserStepImplementation.fiildeatails' and 'StepDefinition.RegisterUserStepImplementation.fiildeatails'
11-12-2022 21:33:46.934 [java] [DEBUG] Found Fill details Title, Name, Email, Password, Date of birth in current project scope.
11-12-2022 21:33:46.934 [java] [DEBUG] Comparing 'StepDefinition.RegisterUserStepImplementation.verifyEATVisible' and 'StepDefinition.RegisterUserStepImplementation.verifyEATVisible'
11-12-2022 21:33:46.934 [java] [DEBUG] Found Verify that ENTER ACCOUNT INFORMATION is visible in current project scope.
11-12-2022 21:33:46.934 [java] [DEBUG] Comparing 'StepDefinition.RegisterUserStepImplementation.close' and 'StepDefinition.RegisterUserStepImplementation.close'
11-12-2022 21:33:46.934 [java] [DEBUG] Found Close in current project scope.
11-12-2022 21:33:46.934 [java] [DEBUG] Comparing 'StepDefinition.RegisterUserStepImplementation.createAccountButtun' and 'StepDefinition.RegisterUserStepImplementation.createAccountButtun'
11-12-2022 21:33:46.934 [java] [DEBUG] Found Click Create Account button in current project scope.
11-12-2022 21:33:46.934 [java] [DEBUG] Comparing 'StepDefinition.RegisterUserStepImplementation.continueButton' and 'StepDefinition.RegisterUserStepImplementation.continueButton'
11-12-2022 21:33:46.934 [java] [DEBUG] Found Click Continue button in current project scope.
11-12-2022 21:33:46.934 [java] [DEBUG] Comparing 'StepDefinition.RegisterUserStepImplementation.verifyACVisible' and 'StepDefinition.RegisterUserStepImplementation.verifyACVisible'
11-12-2022 21:33:46.934 [java] [DEBUG] Found Verify that ACCOUNT CREATED is visible in current project scope.
11-12-2022 21:33:46.935 [java] [DEBUG] Comparing 'StepDefinition.RegisterUserStepImplementation.url' and 'StepDefinition.RegisterUserStepImplementation.url'
11-12-2022 21:33:46.935 [java] [DEBUG] Found Navigate to Url in current project scope.
11-12-2022 21:33:46.935 [java] [DEBUG] Comparing 'StepDefinition.RegisterUserStepImplementation.VerifyNewUser' and 'StepDefinition.RegisterUserStepImplementation.VerifyNewUser'
11-12-2022 21:33:46.935 [java] [DEBUG] Found Verify New User Signup is visible in current project scope.
11-12-2022 21:33:46.935 [java] [DEBUG] Scanning packages for hooks
11-12-2022 21:33:46.938 [java] [DEBUG] Scanned steps (using static parsing + reflections): 
11-12-2022 21:33:46.939 [java] [DEBUG] 	Click Create Account button : public void createAccountButtun()
11-12-2022 21:33:46.939 [java] [DEBUG] 	Navigate to Url : public void url()
11-12-2022 21:33:46.939 [java] [DEBUG] 	Click Signup button : public void signupButton()
11-12-2022 21:33:46.939 [java] [DEBUG] 	Fill details Title, Name, Email, Password, Date of birth : public void fiildeatails()
11-12-2022 21:33:46.939 [java] [DEBUG] 	Enter name and email address : public void nameAndEmailAndAddress()
11-12-2022 21:33:46.939 [java] [DEBUG] 	Navigate to Browser : public void browser()
11-12-2022 21:33:46.939 [java] [DEBUG] 	Click Continue button : public void continueButton()
11-12-2022 21:33:46.939 [java] [DEBUG] 	Verify New User Signup is visible : public void VerifyNewUser()
11-12-2022 21:33:46.939 [java] [DEBUG] 	Click on Signup Login button : public void loginButton()
11-12-2022 21:33:46.939 [java] [DEBUG] 	Verify that ACCOUNT CREATED is visible : public void verifyACVisible()
11-12-2022 21:33:46.939 [java] [DEBUG] 	Logout : public void logout()
11-12-2022 21:33:46.939 [java] [DEBUG] 	Close : public void close()
11-12-2022 21:33:46.939 [java] [DEBUG] 	Verify that ENTER ACCOUNT INFORMATION is visible : public void verifyEATVisible()
11-12-2022 21:33:47.352 [Gauge] [DEBUG] Validation completed.
11-12-2022 21:33:47.352 [Gauge] [DEBUG] Run started
11-12-2022 21:33:47.353 [Gauge] [DEBUG] Starting Html Report plugin
11-12-2022 21:33:47.367 [html-report] [DEBUG] Setting MaxRecvMsgSize = 1024 MB
11-12-2022 21:33:47.367 [Gauge] [DEBUG] Attempting to connect to grpc server at port: 65048
11-12-2022 21:33:47.367 [Gauge] [DEBUG] Successfully made the connection with plugin with port: 65048
11-12-2022 21:33:47.367 [Gauge] [DEBUG] Initialising suite data store.
11-12-2022 21:33:47.392 [java] [DEBUG] Executing 'Navigate to Browser' using 'class StepDefinition.RegisterUserStepImplementation.browser
11-12-2022 21:33:47.811 [java] [ERROR] Starting ChromeDriver 108.0.5359.71 (1e0e3868ee06e91ad636a874420e3ca3ae3756ac-refs/branch-heads/5359@{#1016}) on port 60277
11-12-2022 21:33:47.811 [java] [ERROR] Only local connections are allowed.
11-12-2022 21:33:47.811 [java] [ERROR] Please see https://chromedriver.chromium.org/security-considerations for suggestions on keeping ChromeDriver safe.
11-12-2022 21:33:47.814 [java] [ERROR] ChromeDriver was started successfully.
11-12-2022 21:33:48.458 [java] [ERROR] Ara 11, 2022 9:33:48 ÖS org.openqa.selenium.remote.ProtocolHandshake createSession
11-12-2022 21:33:48.458 [java] [ERROR] INFO: Detected upstream dialect: W3C
11-12-2022 21:33:48.492 [java] [ERROR] Ara 11, 2022 9:33:48 ÖS org.openqa.selenium.devtools.CdpVersionFinder findNearestMatch
11-12-2022 21:33:48.492 [java] [ERROR] WARNING: Unable to find an exact match for CDP version 108, so returning the closest version found: 104
11-12-2022 21:33:48.492 [java] [ERROR] Ara 11, 2022 9:33:48 ÖS org.openqa.selenium.devtools.CdpVersionFinder findNearestMatch
11-12-2022 21:33:48.492 [java] [ERROR] INFO: Found CDP implementation for version 108 of 104
11-12-2022 21:33:48.628 [java] [DEBUG] Executing 'Navigate to Url' using 'class StepDefinition.RegisterUserStepImplementation.url
11-12-2022 21:33:53.968 [java] [DEBUG] Executing 'Click on Signup Login button' using 'class StepDefinition.RegisterUserStepImplementation.loginButton
11-12-2022 21:34:03.268 [java] [DEBUG] Executing 'Verify New User Signup is visible' using 'class StepDefinition.RegisterUserStepImplementation.VerifyNewUser
11-12-2022 21:34:03.287 [java] [DEBUG] Executing 'Enter name and email address' using 'class StepDefinition.RegisterUserStepImplementation.nameAndEmailAndAddress
11-12-2022 21:34:03.359 [java] [DEBUG] Executing 'Click Signup button' using 'class StepDefinition.RegisterUserStepImplementation.signupButton
11-12-2022 21:34:18.905 [java] [DEBUG] Executing 'Close' using 'class StepDefinition.RegisterUserStepImplementation.close
11-12-2022 21:34:19.036 [html-report] [DEBUG] Transformed SuiteResult to report structure
11-12-2022 21:34:19.051 [html-report] [INFO] Successfully generated html-report to => C:\Users\mmete\IdeaProjects\gaugeExample\reports\html-report\index.html
11-12-2022 21:34:19.051 [Gauge] [DEBUG] Sending kill message to Html Report plugin.
11-12-2022 21:34:19.052 [html-report] [DEBUG] Done generating HTML report using theme from C:\Users\mmete\AppData\Roaming\gauge\plugins\html-report\4.2.0\themes\default
11-12-2022 21:34:19.053 [java] [DEBUG] Killing Java runner...
11-12-2022 21:34:19.054 [java] [DEBUG] Stopping execution pool...
11-12-2022 21:34:19.054 [java] [DEBUG] Shutting down grpc server...
11-12-2022 21:34:19.058 [java] [DEBUG] Runner killed gracefully.
11-12-2022 21:34:19.830 [Gauge] [DEBUG] Runner with PID:12328 has exited
11-12-2022 21:34:19.830 [Gauge] [INFO] Specifications:	1 executed	0 passed	1 failed	0 skipped
11-12-2022 21:34:19.830 [Gauge] [INFO] Scenarios:	1 executed	0 passed	1 failed	0 skipped
11-12-2022 21:34:19.830 [Gauge] [INFO] 
Total time taken: 31.683s
11-12-2022 21:35:33.263 [Gauge] [DEBUG] Created gauge_screenshots_dir at C:\Users\mmete\IdeaProjects\gaugeExample\.gauge\screenshots
11-12-2022 21:35:33.264 [Gauge] [DEBUG] Plugin java is already installed.
11-12-2022 21:35:33.264 [Gauge] [DEBUG] Plugin html-report is already installed.
11-12-2022 21:35:33.265 [Gauge] [DEBUG] Parsing started.
11-12-2022 21:35:33.265 [Gauge] [DEBUG] Started concepts parsing.
11-12-2022 21:35:33.269 [Gauge] [DEBUG] 0 concepts parsing completed.
11-12-2022 21:35:33.269 [Gauge] [DEBUG] Started specifications parsing.
11-12-2022 21:35:33.269 [Gauge] [DEBUG] 1 specifications parsing completed.
11-12-2022 21:35:33.269 [Gauge] [DEBUG] Parsing completed.
11-12-2022 21:35:33.287 [java] [DEBUG] ***** Printing Properties/Env Values *****
11-12-2022 21:35:33.287 [java] [DEBUG] PATH: C:\Program Files\Common Files\Oracle\Java\javapath;C:\WINDOWS\system32;C:\WINDOWS;C:\WINDOWS\System32\Wbem;C:\WINDOWS\System32\WindowsPowerShell\v1.0\;C:\WINDOWS\System32\OpenSSH\;C:\Program Files\Git\cmd;C:\Program Files\Gauge\bin;C:\Users\mmete\AppData\Local\Microsoft\WindowsApps;;C:\Program Files\JetBrains\IntelliJ IDEA Community Edition 2022.2.3\bin;;C:\Users\mmete\AppData\Roaming\gauge\plugins\screenshot\0.1.0
11-12-2022 21:35:33.287 [java] [DEBUG] JAVA_HOME: 
11-12-2022 21:35:33.287 [java] [DEBUG] gauge_project_root: C:\Users\mmete\IdeaProjects\gaugeExample
11-12-2022 21:35:33.287 [java] [DEBUG] gauge_parallel_streams_count: 12
11-12-2022 21:35:33.287 [java] [DEBUG] gauge_reports_dir: reports
11-12-2022 21:35:33.288 [java] [DEBUG] overwrite_reports: true
11-12-2022 21:35:33.288 [java] [DEBUG] logs_directory: logs
11-12-2022 21:35:33.288 [java] [DEBUG] enable_multithreading: 
11-12-2022 21:35:33.288 [java] [DEBUG] gauge_specs_dir: specs
11-12-2022 21:35:33.288 [java] [DEBUG] csv_delimiter: ,
11-12-2022 21:35:33.288 [java] [DEBUG] gauge_java_home: 
11-12-2022 21:35:33.288 [java] [DEBUG] gauge_custom_build_path: 
11-12-2022 21:35:33.288 [java] [DEBUG] gauge_additional_libs: libs/*
11-12-2022 21:35:33.288 [java] [DEBUG] gauge_jvm_args: 
11-12-2022 21:35:33.288 [java] [DEBUG] gauge_custom_compile_dir: 
11-12-2022 21:35:33.288 [java] [DEBUG] gauge_clear_state_level: scenario
11-12-2022 21:35:33.288 [java] [DEBUG] ***** END *****
11-12-2022 21:35:33.288 [java] [ERROR] exec: "mvn": executable file not found in %!P(MISSING)ATH%!(NOVERB)
11-12-2022 21:35:33.288 [java] [ERROR] Installed version of gauge-java (0.9.1) does not match with dependency gauge-java () specified in pom.xml file
11-12-2022 21:35:33.288 [java] [DEBUG] classpath set to C:\Program Files\Java\jdk-19!\java.base;C:\Program Files\Java\jdk-19!\java.compiler;C:\Program Files\Java\jdk-19!\java.datatransfer;C:\Program Files\Java\jdk-19!\java.desktop;C:\Program Files\Java\jdk-19!\java.instrument;C:\Program Files\Java\jdk-19!\java.logging;C:\Program Files\Java\jdk-19!\java.management;C:\Program Files\Java\jdk-19!\java.management.rmi;C:\Program Files\Java\jdk-19!\java.naming;C:\Program Files\Java\jdk-19!\java.net.http;C:\Program Files\Java\jdk-19!\java.prefs;C:\Program Files\Java\jdk-19!\java.rmi;C:\Program Files\Java\jdk-19!\java.scripting;C:\Program Files\Java\jdk-19!\java.se;C:\Program Files\Java\jdk-19!\java.security.jgss;C:\Program Files\Java\jdk-19!\java.security.sasl;C:\Program Files\Java\jdk-19!\java.smartcardio;C:\Program Files\Java\jdk-19!\java.sql;C:\Program Files\Java\jdk-19!\java.sql.rowset;C:\Program Files\Java\jdk-19!\java.transaction.xa;C:\Program Files\Java\jdk-19!\java.xml;C:\Program Files\Java\jdk-19!\java.xml.crypto;C:\Program Files\Java\jdk-19!\jdk.accessibility;C:\Program Files\Java\jdk-19!\jdk.attach;C:\Program Files\Java\jdk-19!\jdk.charsets;C:\Program Files\Java\jdk-19!\jdk.compiler;C:\Program Files\Java\jdk-19!\jdk.crypto.cryptoki;C:\Program Files\Java\jdk-19!\jdk.crypto.ec;C:\Program Files\Java\jdk-19!\jdk.crypto.mscapi;C:\Program Files\Java\jdk-19!\jdk.dynalink;C:\Program Files\Java\jdk-19!\jdk.editpad;C:\Program Files\Java\jdk-19!\jdk.hotspot.agent;C:\Program Files\Java\jdk-19!\jdk.httpserver;C:\Program Files\Java\jdk-19!\jdk.incubator.concurrent;C:\Program Files\Java\jdk-19!\jdk.incubator.vector;C:\Program Files\Java\jdk-19!\jdk.internal.ed;C:\Program Files\Java\jdk-19!\jdk.internal.jvmstat;C:\Program Files\Java\jdk-19!\jdk.internal.le;C:\Program Files\Java\jdk-19!\jdk.internal.opt;C:\Program Files\Java\jdk-19!\jdk.internal.vm.ci;C:\Program Files\Java\jdk-19!\jdk.internal.vm.compiler;C:\Program Files\Java\jdk-19!\jdk.internal.vm.compiler.management;C:\Program Files\Java\jdk-19!\jdk.jartool;C:\Program Files\Java\jdk-19!\jdk.javadoc;C:\Program Files\Java\jdk-19!\jdk.jcmd;C:\Program Files\Java\jdk-19!\jdk.jconsole;C:\Program Files\Java\jdk-19!\jdk.jdeps;C:\Program Files\Java\jdk-19!\jdk.jdi;C:\Program Files\Java\jdk-19!\jdk.jdwp.agent;C:\Program Files\Java\jdk-19!\jdk.jfr;C:\Program Files\Java\jdk-19!\jdk.jlink;C:\Program Files\Java\jdk-19!\jdk.jpackage;C:\Program Files\Java\jdk-19!\jdk.jshell;C:\Program Files\Java\jdk-19!\jdk.jsobject;C:\Program Files\Java\jdk-19!\jdk.jstatd;C:\Program Files\Java\jdk-19!\jdk.localedata;C:\Program Files\Java\jdk-19!\jdk.management;C:\Program Files\Java\jdk-19!\jdk.management.agent;C:\Program Files\Java\jdk-19!\jdk.management.jfr;C:\Program Files\Java\jdk-19!\jdk.naming.dns;C:\Program Files\Java\jdk-19!\jdk.naming.rmi;C:\Program Files\Java\jdk-19!\jdk.net;C:\Program Files\Java\jdk-19!\jdk.nio.mapmode;C:\Program Files\Java\jdk-19!\jdk.random;C:\Program Files\Java\jdk-19!\jdk.sctp;C:\Program Files\Java\jdk-19!\jdk.security.auth;C:\Program Files\Java\jdk-19!\jdk.security.jgss;C:\Program Files\Java\jdk-19!\jdk.unsupported;C:\Program Files\Java\jdk-19!\jdk.unsupported.desktop;C:\Program Files\Java\jdk-19!\jdk.xml.dom;C:\Program Files\Java\jdk-19!\jdk.zipfs;C:\Users\mmete\IdeaProjects\gaugeExample\target\test-classes;C:\Users\mmete\.m2\repository\com\thoughtworks\gauge\gauge-java\0.9.1\gauge-java-0.9.1.jar;C:\Users\mmete\.m2\repository\org\assertj\assertj-core\3.22.0\assertj-core-3.22.0.jar;C:\Users\mmete\.m2\repository\org\reflections\reflections\0.10.2\reflections-0.10.2.jar;C:\Users\mmete\.m2\repository\org\javassist\javassist\3.28.0-GA\javassist-3.28.0-GA.jar;C:\Users\mmete\.m2\repository\com\github\javaparser\javaparser-core\3.16.3\javaparser-core-3.16.3.jar;C:\Users\mmete\.m2\repository\commons-io\commons-io\2.11.0\commons-io-2.11.0.jar;C:\Users\mmete\.m2\repository\commons-lang\commons-lang\2.6\commons-lang-2.6.jar;C:\Users\mmete\.m2\repository\org\json\json\20220320\json-20220320.jar;C:\Users\mmete\.m2\repository\com\google\protobuf\protobuf-java\3.19.4\protobuf-java-3.19.4.jar;C:\Users\mmete\.m2\repository\com\google\guava\guava\31.0.1-jre\guava-31.0.1-jre.jar;C:\Users\mmete\.m2\repository\com\google\guava\failureaccess\1.0.1\failureaccess-1.0.1.jar;C:\Users\mmete\.m2\repository\com\google\guava\listenablefuture\9999.0-empty-to-avoid-conflict-with-guava\listenablefuture-9999.0-empty-to-avoid-conflict-with-guava.jar;C:\Users\mmete\.m2\repository\org\checkerframework\checker-qual\3.12.0\checker-qual-3.12.0.jar;C:\Users\mmete\.m2\repository\com\google\errorprone\error_prone_annotations\2.7.1\error_prone_annotations-2.7.1.jar;C:\Users\mmete\.m2\repository\com\google\j2objc\j2objc-annotations\1.3\j2objc-annotations-1.3.jar;C:\Users\mmete\.m2\repository\io\grpc\grpc-netty-shaded\1.41.2\grpc-netty-shaded-1.41.2.jar;C:\Users\mmete\.m2\repository\io\perfmark\perfmark-api\0.23.0\perfmark-api-0.23.0.jar;C:\Users\mmete\.m2\repository\io\grpc\grpc-core\1.41.2\grpc-core-1.41.2.jar;C:\Users\mmete\.m2\repository\com\google\android\annotations\4.1.1.4\annotations-4.1.1.4.jar;C:\Users\mmete\.m2\repository\org\codehaus\mojo\animal-sniffer-annotations\1.19\animal-sniffer-annotations-1.19.jar;C:\Users\mmete\.m2\repository\io\grpc\grpc-protobuf\1.41.2\grpc-protobuf-1.41.2.jar;C:\Users\mmete\.m2\repository\io\grpc\grpc-api\1.41.2\grpc-api-1.41.2.jar;C:\Users\mmete\.m2\repository\io\grpc\grpc-context\1.41.2\grpc-context-1.41.2.jar;C:\Users\mmete\.m2\repository\com\google\api\grpc\proto-google-common-protos\2.0.1\proto-google-common-protos-2.0.1.jar;C:\Users\mmete\.m2\repository\io\grpc\grpc-protobuf-lite\1.41.2\grpc-protobuf-lite-1.41.2.jar;C:\Users\mmete\.m2\repository\io\grpc\grpc-stub\1.41.2\grpc-stub-1.41.2.jar;C:\Users\mmete\.m2\repository\javax\annotation\javax.annotation-api\1.3.2\javax.annotation-api-1.3.2.jar;C:\Users\mmete\.m2\repository\org\seleniumhq\selenium\selenium-java\4.4.0\selenium-java-4.4.0.jar;C:\Users\mmete\.m2\repository\org\seleniumhq\selenium\selenium-api\4.4.0\selenium-api-4.4.0.jar;C:\Users\mmete\.m2\repository\org\seleniumhq\selenium\selenium-chrome-driver\4.4.0\selenium-chrome-driver-4.4.0.jar;C:\Users\mmete\.m2\repository\com\google\auto\service\auto-service-annotations\1.0.1\auto-service-annotations-1.0.1.jar;C:\Users\mmete\.m2\repository\com\google\auto\service\auto-service\1.0.1\auto-service-1.0.1.jar;C:\Users\mmete\.m2\repository\com\google\auto\auto-common\1.2\auto-common-1.2.jar;C:\Users\mmete\.m2\repository\org\seleniumhq\selenium\selenium-chromium-driver\4.4.0\selenium-chromium-driver-4.4.0.jar;C:\Users\mmete\.m2\repository\org\seleniumhq\selenium\selenium-json\4.4.0\selenium-json-4.4.0.jar;C:\Users\mmete\.m2\repository\org\seleniumhq\selenium\selenium-devtools-v102\4.4.0\selenium-devtools-v102-4.4.0.jar;C:\Users\mmete\.m2\repository\org\seleniumhq\selenium\selenium-devtools-v103\4.4.0\selenium-devtools-v103-4.4.0.jar;C:\Users\mmete\.m2\repository\org\seleniumhq\selenium\selenium-devtools-v104\4.4.0\selenium-devtools-v104-4.4.0.jar;C:\Users\mmete\.m2\repository\org\seleniumhq\selenium\selenium-devtools-v85\4.4.0\selenium-devtools-v85-4.4.0.jar;C:\Users\mmete\.m2\repository\org\seleniumhq\selenium\selenium-edge-driver\4.4.0\selenium-edge-driver-4.4.0.jar;C:\Users\mmete\.m2\repository\org\seleniumhq\selenium\selenium-firefox-driver\4.4.0\selenium-firefox-driver-4.4.0.jar;C:\Users\mmete\.m2\repository\org\seleniumhq\selenium\selenium-ie-driver\4.4.0\selenium-ie-driver-4.4.0.jar;C:\Users\mmete\.m2\repository\org\seleniumhq\selenium\selenium-opera-driver\4.4.0\selenium-opera-driver-4.4.0.jar;C:\Users\mmete\.m2\repository\org\seleniumhq\selenium\selenium-remote-driver\4.4.0\selenium-remote-driver-4.4.0.jar;C:\Users\mmete\.m2\repository\io\netty\netty-buffer\4.1.78.Final\netty-buffer-4.1.78.Final.jar;C:\Users\mmete\.m2\repository\io\netty\netty-codec-http\4.1.78.Final\netty-codec-http-4.1.78.Final.jar;C:\Users\mmete\.m2\repository\io\netty\netty-codec\4.1.78.Final\netty-codec-4.1.78.Final.jar;C:\Users\mmete\.m2\repository\io\netty\netty-handler\4.1.78.Final\netty-handler-4.1.78.Final.jar;C:\Users\mmete\.m2\repository\io\netty\netty-common\4.1.78.Final\netty-common-4.1.78.Final.jar;C:\Users\mmete\.m2\repository\io\netty\netty-transport-classes-epoll\4.1.78.Final\netty-transport-classes-epoll-4.1.78.Final.jar;C:\Users\mmete\.m2\repository\io\netty\netty-transport-classes-kqueue\4.1.78.Final\netty-transport-classes-kqueue-4.1.78.Final.jar;C:\Users\mmete\.m2\repository\io\netty\netty-transport-native-epoll\4.1.78.Final\netty-transport-native-epoll-4.1.78.Final.jar;C:\Users\mmete\.m2\repository\io\netty\netty-transport-native-kqueue\4.1.78.Final\netty-transport-native-kqueue-4.1.78.Final.jar;C:\Users\mmete\.m2\repository\io\netty\netty-transport-native-unix-common\4.1.78.Final\netty-transport-native-unix-common-4.1.78.Final.jar;C:\Users\mmete\.m2\repository\io\netty\netty-transport\4.1.78.Final\netty-transport-4.1.78.Final.jar;C:\Users\mmete\.m2\repository\io\netty\netty-resolver\4.1.78.Final\netty-resolver-4.1.78.Final.jar;C:\Users\mmete\.m2\repository\io\opentelemetry\opentelemetry-api\1.16.0\opentelemetry-api-1.16.0.jar;C:\Users\mmete\.m2\repository\io\opentelemetry\opentelemetry-context\1.16.0\opentelemetry-context-1.16.0.jar;C:\Users\mmete\.m2\repository\io\opentelemetry\opentelemetry-exporter-logging\1.16.0\opentelemetry-exporter-logging-1.16.0.jar;C:\Users\mmete\.m2\repository\io\opentelemetry\opentelemetry-sdk-metrics\1.16.0\opentelemetry-sdk-metrics-1.16.0.jar;C:\Users\mmete\.m2\repository\io\opentelemetry\opentelemetry-sdk-logs\1.16.0-alpha\opentelemetry-sdk-logs-1.16.0-alpha.jar;C:\Users\mmete\.m2\repository\io\opentelemetry\opentelemetry-sdk-common\1.16.0\opentelemetry-sdk-common-1.16.0.jar;C:\Users\mmete\.m2\repository\io\opentelemetry\opentelemetry-sdk-extension-autoconfigure-spi\1.16.0\opentelemetry-sdk-extension-autoconfigure-spi-1.16.0.jar;C:\Users\mmete\.m2\repository\io\opentelemetry\opentelemetry-sdk-extension-autoconfigure\1.16.0-alpha\opentelemetry-sdk-extension-autoconfigure-1.16.0-alpha.jar;C:\Users\mmete\.m2\repository\io\opentelemetry\opentelemetry-sdk-trace\1.16.0\opentelemetry-sdk-trace-1.16.0.jar;C:\Users\mmete\.m2\repository\io\opentelemetry\opentelemetry-sdk\1.16.0\opentelemetry-sdk-1.16.0.jar;C:\Users\mmete\.m2\repository\io\opentelemetry\opentelemetry-semconv\1.16.0-alpha\opentelemetry-semconv-1.16.0-alpha.jar;C:\Users\mmete\.m2\repository\io\ous\jtoml\2.0.0\jtoml-2.0.0.jar;C:\Users\mmete\.m2\repository\net\bytebuddy\byte-buddy\1.12.10\byte-buddy-1.12.10.jar;C:\Users\mmete\.m2\repository\org\apache\commons\commons-exec\1.3\commons-exec-1.3.jar;C:\Users\mmete\.m2\repository\org\asynchttpclient\async-http-client\2.12.3\async-http-client-2.12.3.jar;C:\Users\mmete\.m2\repository\org\asynchttpclient\async-http-client-netty-utils\2.12.3\async-http-client-netty-utils-2.12.3.jar;C:\Users\mmete\.m2\repository\io\netty\netty-codec-socks\4.1.60.Final\netty-codec-socks-4.1.60.Final.jar;C:\Users\mmete\.m2\repository\io\netty\netty-handler-proxy\4.1.60.Final\netty-handler-proxy-4.1.60.Final.jar;C:\Users\mmete\.m2\repository\io\netty\netty-transport-native-epoll\4.1.60.Final\netty-transport-native-epoll-4.1.60.Final-linux-x86_64.jar;C:\Users\mmete\.m2\repository\io\netty\netty-transport-native-kqueue\4.1.60.Final\netty-transport-native-kqueue-4.1.60.Final-osx-x86_64.jar;C:\Users\mmete\.m2\repository\org\reactivestreams\reactive-streams\1.0.3\reactive-streams-1.0.3.jar;C:\Users\mmete\.m2\repository\com\typesafe\netty\netty-reactive-streams\2.0.4\netty-reactive-streams-2.0.4.jar;C:\Users\mmete\.m2\repository\com\sun\activation\jakarta.activation\1.2.2\jakarta.activation-1.2.2.jar;C:\Users\mmete\.m2\repository\org\seleniumhq\selenium\selenium-http\4.4.0\selenium-http-4.4.0.jar;C:\Users\mmete\.m2\repository\dev\failsafe\failsafe\3.2.4\failsafe-3.2.4.jar;C:\Users\mmete\.m2\repository\org\seleniumhq\selenium\selenium-safari-driver\4.4.0\selenium-safari-driver-4.4.0.jar;C:\Users\mmete\.m2\repository\org\seleniumhq\selenium\selenium-support\4.4.0\selenium-support-4.4.0.jar;C:\Users\mmete\.m2\repository\io\github\bonigarcia\webdrivermanager\5.3.0\webdrivermanager-5.3.0.jar;C:\Users\mmete\.m2\repository\org\slf4j\slf4j-api\1.7.36\slf4j-api-1.7.36.jar;C:\Users\mmete\.m2\repository\com\google\code\gson\gson\2.9.1\gson-2.9.1.jar;C:\Users\mmete\.m2\repository\com\github\docker-java\docker-java\3.2.13\docker-java-3.2.13.jar;C:\Users\mmete\.m2\repository\com\github\docker-java\docker-java-core\3.2.13\docker-java-core-3.2.13.jar;C:\Users\mmete\.m2\repository\com\github\docker-java\docker-java-api\3.2.13\docker-java-api-3.2.13.jar;C:\Users\mmete\.m2\repository\com\fasterxml\jackson\core\jackson-annotations\2.10.3\jackson-annotations-2.10.3.jar;C:\Users\mmete\.m2\repository\org\apache\commons\commons-compress\1.21\commons-compress-1.21.jar;C:\Users\mmete\.m2\repository\com\fasterxml\jackson\core\jackson-databind\2.10.3\jackson-databind-2.10.3.jar;C:\Users\mmete\.m2\repository\com\fasterxml\jackson\core\jackson-core\2.10.3\jackson-core-2.10.3.jar;C:\Users\mmete\.m2\repository\org\bouncycastle\bcpkix-jdk15on\1.64\bcpkix-jdk15on-1.64.jar;C:\Users\mmete\.m2\repository\org\bouncycastle\bcprov-jdk15on\1.64\bcprov-jdk15on-1.64.jar;C:\Users\mmete\.m2\repository\org\slf4j\jcl-over-slf4j\1.7.30\jcl-over-slf4j-1.7.30.jar;C:\Users\mmete\.m2\repository\com\github\docker-java\docker-java-transport-httpclient5\3.2.13\docker-java-transport-httpclient5-3.2.13.jar;C:\Users\mmete\.m2\repository\com\github\docker-java\docker-java-transport\3.2.13\docker-java-transport-3.2.13.jar;C:\Users\mmete\.m2\repository\net\java\dev\jna\jna\5.8.0\jna-5.8.0.jar;C:\Users\mmete\.m2\repository\org\brotli\dec\0.1.2\dec-0.1.2.jar;C:\Users\mmete\.m2\repository\org\apache\commons\commons-lang3\3.12.0\commons-lang3-3.12.0.jar;C:\Users\mmete\.m2\repository\org\apache\httpcomponents\client5\httpclient5\5.1.3\httpclient5-5.1.3.jar;C:\Users\mmete\.m2\repository\org\apache\httpcomponents\core5\httpcore5\5.1.3\httpcore5-5.1.3.jar;C:\Users\mmete\.m2\repository\org\apache\httpcomponents\core5\httpcore5-h2\5.1.3\httpcore5-h2-5.1.3.jar;C:\Users\mmete\.m2\repository\commons-codec\commons-codec\1.15\commons-codec-1.15.jar;C:\Users\mmete\.m2\repository\org\testng\testng\7.6.1\testng-7.6.1.jar;C:\Users\mmete\.m2\repository\com\google\code\findbugs\jsr305\3.0.2\jsr305-3.0.2.jar;C:\Users\mmete\.m2\repository\com\beust\jcommander\1.82\jcommander-1.82.jar;C:\Users\mmete\.m2\repository\org\webjars\jquery\3.6.0\jquery-3.6.0.jar
11-12-2022 21:35:33.288 [java] [DEBUG] found java executable in java.exe
11-12-2022 21:35:33.288 [java] [DEBUG] running - java.exe [-Dfile.encoding=UTF-8 com.thoughtworks.gauge.GaugeRuntime --start]
11-12-2022 21:35:33.288 [java] [DEBUG] stdout/stderr is logged to logs\10968-java.exe.out
11-12-2022 21:35:33.433 [java] [DEBUG] multithreading is set to false
11-12-2022 21:35:33.598 [Gauge] [DEBUG] Checking updates...
11-12-2022 21:35:33.599 [Gauge] [DEBUG] Downloading https://downloads.gauge.org/plugin/html-report?l=java&p=html-report,java,screenshot,spectacle&o=windows&a=amd64
11-12-2022 21:35:33.646 [java] [DEBUG] Using reflection to scan dependencies for gauge implementations...
11-12-2022 21:35:33.700 [java] [ERROR] SLF4J: Failed to load class "org.slf4j.impl.StaticLoggerBinder".
11-12-2022 21:35:33.700 [java] [ERROR] SLF4J: Defaulting to no-operation (NOP) logger implementation
11-12-2022 21:35:33.700 [java] [ERROR] SLF4J: See http://www.slf4j.org/codes.html#StaticLoggerBinder for further details.
11-12-2022 21:35:34.007 [Gauge] [DEBUG] Downloading https://downloads.gauge.org/plugin/java?l=java&p=html-report,java,screenshot,spectacle&o=windows&a=amd64
11-12-2022 21:35:34.135 [Gauge] [DEBUG] Downloading https://downloads.gauge.org/plugin/screenshot?l=java&p=html-report,java,screenshot,spectacle&o=windows&a=amd64
11-12-2022 21:35:34.241 [Gauge] [DEBUG] Downloading https://downloads.gauge.org/plugin/spectacle?l=java&p=html-report,java,screenshot,spectacle&o=windows&a=amd64
11-12-2022 21:35:34.414 [java] [DEBUG] gauge-java took 981milliseconds to load and scan. This should be less than 'runner_connection_timeout' config value.
11-12-2022 21:35:34.414 [java] [DEBUG] run 'gauge config runner_connection_timeout' and verify that it is < 981
11-12-2022 21:35:34.414 [java] [DEBUG] starting gRPC server...
11-12-2022 21:35:34.510 [java] [DEBUG] started gRPC server on port 53757
11-12-2022 21:35:34.510 [Gauge] [DEBUG] Attempting to connect to grpc server at port: 53757
11-12-2022 21:35:34.584 [Gauge] [DEBUG] Successfully made the connection with runner with port: 53757
11-12-2022 21:35:34.584 [Gauge] [DEBUG] Validation started.
11-12-2022 21:35:35.003 [java] [DEBUG] Scanning packages for steps
11-12-2022 21:35:35.008 [java] [DEBUG] Comparing 'StepDefinition.RegisterUserStepImplementation.browser' and 'StepDefinition.RegisterUserStepImplementation.browser'
11-12-2022 21:35:35.008 [java] [DEBUG] Found Navigate to Browser in current project scope.
11-12-2022 21:35:35.008 [java] [DEBUG] Comparing 'StepDefinition.RegisterUserStepImplementation.logout' and 'StepDefinition.RegisterUserStepImplementation.logout'
11-12-2022 21:35:35.008 [java] [DEBUG] Found Logout in current project scope.
11-12-2022 21:35:35.008 [java] [DEBUG] Comparing 'StepDefinition.RegisterUserStepImplementation.signupButton' and 'StepDefinition.RegisterUserStepImplementation.signupButton'
11-12-2022 21:35:35.008 [java] [DEBUG] Found Click Signup button in current project scope.
11-12-2022 21:35:35.008 [java] [DEBUG] Comparing 'StepDefinition.RegisterUserStepImplementation.nameAndEmailAndAddress' and 'StepDefinition.RegisterUserStepImplementation.nameAndEmailAndAddress'
11-12-2022 21:35:35.009 [java] [DEBUG] Found Enter name and email address in current project scope.
11-12-2022 21:35:35.009 [java] [DEBUG] Comparing 'StepDefinition.RegisterUserStepImplementation.loginButton' and 'StepDefinition.RegisterUserStepImplementation.loginButton'
11-12-2022 21:35:35.009 [java] [DEBUG] Found Click on Signup Login button in current project scope.
11-12-2022 21:35:35.009 [java] [DEBUG] Comparing 'StepDefinition.RegisterUserStepImplementation.fiildeatails' and 'StepDefinition.RegisterUserStepImplementation.fiildeatails'
11-12-2022 21:35:35.009 [java] [DEBUG] Found Fill details Title, Name, Email, Password, Date of birth in current project scope.
11-12-2022 21:35:35.009 [java] [DEBUG] Comparing 'StepDefinition.RegisterUserStepImplementation.verifyEATVisible' and 'StepDefinition.RegisterUserStepImplementation.verifyEATVisible'
11-12-2022 21:35:35.009 [java] [DEBUG] Found Verify that ENTER ACCOUNT INFORMATION is visible in current project scope.
11-12-2022 21:35:35.009 [java] [DEBUG] Comparing 'StepDefinition.RegisterUserStepImplementation.close' and 'StepDefinition.RegisterUserStepImplementation.close'
11-12-2022 21:35:35.009 [java] [DEBUG] Found Close in current project scope.
11-12-2022 21:35:35.009 [java] [DEBUG] Comparing 'StepDefinition.RegisterUserStepImplementation.createAccountButtun' and 'StepDefinition.RegisterUserStepImplementation.createAccountButtun'
11-12-2022 21:35:35.009 [java] [DEBUG] Found Click Create Account button in current project scope.
11-12-2022 21:35:35.009 [java] [DEBUG] Comparing 'StepDefinition.RegisterUserStepImplementation.continueButton' and 'StepDefinition.RegisterUserStepImplementation.continueButton'
11-12-2022 21:35:35.009 [java] [DEBUG] Found Click Continue button in current project scope.
11-12-2022 21:35:35.009 [java] [DEBUG] Comparing 'StepDefinition.RegisterUserStepImplementation.verifyACVisible' and 'StepDefinition.RegisterUserStepImplementation.verifyACVisible'
11-12-2022 21:35:35.009 [java] [DEBUG] Found Verify that ACCOUNT CREATED is visible in current project scope.
11-12-2022 21:35:35.009 [java] [DEBUG] Comparing 'StepDefinition.RegisterUserStepImplementation.url' and 'StepDefinition.RegisterUserStepImplementation.url'
11-12-2022 21:35:35.009 [java] [DEBUG] Found Navigate to Url in current project scope.
11-12-2022 21:35:35.009 [java] [DEBUG] Comparing 'StepDefinition.RegisterUserStepImplementation.VerifyNewUser' and 'StepDefinition.RegisterUserStepImplementation.VerifyNewUser'
11-12-2022 21:35:35.009 [java] [DEBUG] Found Verify New User Signup is visible in current project scope.
11-12-2022 21:35:35.009 [java] [DEBUG] Scanning packages for hooks
11-12-2022 21:35:35.012 [java] [DEBUG] Scanned steps (using static parsing + reflections): 
11-12-2022 21:35:35.012 [java] [DEBUG] 	Click Create Account button : public void createAccountButtun()
11-12-2022 21:35:35.012 [java] [DEBUG] 	Navigate to Url : public void url()
11-12-2022 21:35:35.012 [java] [DEBUG] 	Click Signup button : public void signupButton()
11-12-2022 21:35:35.012 [java] [DEBUG] 	Fill details Title, Name, Email, Password, Date of birth : public void fiildeatails()
11-12-2022 21:35:35.012 [java] [DEBUG] 	Enter name and email address : public void nameAndEmailAndAddress()
11-12-2022 21:35:35.012 [java] [DEBUG] 	Navigate to Browser : public void browser()
11-12-2022 21:35:35.012 [java] [DEBUG] 	Click Continue button : public void continueButton()
11-12-2022 21:35:35.012 [java] [DEBUG] 	Verify New User Signup is visible : public void VerifyNewUser()
11-12-2022 21:35:35.012 [java] [DEBUG] 	Click on Signup Login button : public void loginButton()
11-12-2022 21:35:35.012 [java] [DEBUG] 	Verify that ACCOUNT CREATED is visible : public void verifyACVisible()
11-12-2022 21:35:35.012 [java] [DEBUG] 	Logout : public void logout()
11-12-2022 21:35:35.012 [java] [DEBUG] 	Close : public void close()
11-12-2022 21:35:35.012 [java] [DEBUG] 	Verify that ENTER ACCOUNT INFORMATION is visible : public void verifyEATVisible()
11-12-2022 21:35:35.418 [Gauge] [DEBUG] Validation completed.
11-12-2022 21:35:35.419 [Gauge] [DEBUG] Run started
11-12-2022 21:35:35.419 [Gauge] [DEBUG] Starting Html Report plugin
11-12-2022 21:35:35.430 [html-report] [DEBUG] Setting MaxRecvMsgSize = 1024 MB
11-12-2022 21:35:35.430 [Gauge] [DEBUG] Attempting to connect to grpc server at port: 52479
11-12-2022 21:35:35.431 [Gauge] [DEBUG] Successfully made the connection with plugin with port: 52479
11-12-2022 21:35:35.432 [Gauge] [DEBUG] Initialising suite data store.
11-12-2022 21:35:35.456 [java] [DEBUG] Executing 'Navigate to Browser' using 'class StepDefinition.RegisterUserStepImplementation.browser
11-12-2022 21:35:35.852 [java] [ERROR] Starting ChromeDriver 108.0.5359.71 (1e0e3868ee06e91ad636a874420e3ca3ae3756ac-refs/branch-heads/5359@{#1016}) on port 52758
11-12-2022 21:35:35.852 [java] [ERROR] Only local connections are allowed.
11-12-2022 21:35:35.852 [java] [ERROR] Please see https://chromedriver.chromium.org/security-considerations for suggestions on keeping ChromeDriver safe.
11-12-2022 21:35:35.855 [java] [ERROR] ChromeDriver was started successfully.
11-12-2022 21:35:36.545 [java] [ERROR] Ara 11, 2022 9:35:36 ÖS org.openqa.selenium.remote.ProtocolHandshake createSession
11-12-2022 21:35:36.545 [java] [ERROR] INFO: Detected upstream dialect: W3C
11-12-2022 21:35:36.588 [java] [ERROR] Ara 11, 2022 9:35:36 ÖS org.openqa.selenium.devtools.CdpVersionFinder findNearestMatch
11-12-2022 21:35:36.588 [java] [ERROR] WARNING: Unable to find an exact match for CDP version 108, so returning the closest version found: 104
11-12-2022 21:35:36.588 [java] [ERROR] Ara 11, 2022 9:35:36 ÖS org.openqa.selenium.devtools.CdpVersionFinder findNearestMatch
11-12-2022 21:35:36.588 [java] [ERROR] INFO: Found CDP implementation for version 108 of 104
11-12-2022 21:35:36.726 [java] [DEBUG] Executing 'Navigate to Url' using 'class StepDefinition.RegisterUserStepImplementation.url
11-12-2022 21:35:45.229 [java] [DEBUG] Executing 'Click on Signup Login button' using 'class StepDefinition.RegisterUserStepImplementation.loginButton
11-12-2022 21:35:47.822 [java] [DEBUG] Executing 'Verify New User Signup is visible' using 'class StepDefinition.RegisterUserStepImplementation.VerifyNewUser
11-12-2022 21:35:47.841 [java] [DEBUG] Executing 'Enter name and email address' using 'class StepDefinition.RegisterUserStepImplementation.nameAndEmailAndAddress
11-12-2022 21:35:47.909 [java] [DEBUG] Executing 'Click Signup button' using 'class StepDefinition.RegisterUserStepImplementation.signupButton
11-12-2022 21:35:49.242 [java] [DEBUG] Executing 'Verify that ENTER ACCOUNT INFORMATION is visible' using 'class StepDefinition.RegisterUserStepImplementation.verifyEATVisible
11-12-2022 21:35:49.281 [java] [DEBUG] Executing 'Fill details Title, Name, Email, Password, Date of birth' using 'class StepDefinition.RegisterUserStepImplementation.fiildeatails
11-12-2022 21:35:49.897 [java] [DEBUG] Executing 'Click Create Account button' using 'class StepDefinition.RegisterUserStepImplementation.createAccountButtun
11-12-2022 21:35:51.307 [java] [DEBUG] Executing 'Close' using 'class StepDefinition.RegisterUserStepImplementation.close
11-12-2022 21:35:51.436 [html-report] [DEBUG] Transformed SuiteResult to report structure
11-12-2022 21:35:51.451 [html-report] [INFO] Successfully generated html-report to => C:\Users\mmete\IdeaProjects\gaugeExample\reports\html-report\index.html
11-12-2022 21:35:51.451 [html-report] [DEBUG] Done generating HTML report using theme from C:\Users\mmete\AppData\Roaming\gauge\plugins\html-report\4.2.0\themes\default
11-12-2022 21:35:51.451 [Gauge] [DEBUG] Sending kill message to Html Report plugin.
11-12-2022 21:35:51.453 [java] [DEBUG] Killing Java runner...
11-12-2022 21:35:51.453 [java] [DEBUG] Stopping execution pool...
11-12-2022 21:35:51.453 [java] [DEBUG] Shutting down grpc server...
11-12-2022 21:35:51.458 [java] [DEBUG] Runner killed gracefully.
11-12-2022 21:35:52.229 [Gauge] [DEBUG] Runner with PID:10968 has exited
11-12-2022 21:35:52.229 [Gauge] [INFO] Specifications:	1 executed	0 passed	1 failed	0 skipped
11-12-2022 21:35:52.229 [Gauge] [INFO] Scenarios:	1 executed	0 passed	1 failed	0 skipped
11-12-2022 21:35:52.229 [Gauge] [INFO] 
Total time taken: 16.017s
11-12-2022 21:38:17.685 [Gauge] [DEBUG] Created gauge_screenshots_dir at C:\Users\mmete\IdeaProjects\gaugeExample\.gauge\screenshots
11-12-2022 21:38:17.686 [Gauge] [DEBUG] Plugin java is already installed.
11-12-2022 21:38:17.687 [Gauge] [DEBUG] Plugin html-report is already installed.
11-12-2022 21:38:17.687 [Gauge] [DEBUG] Parsing started.
11-12-2022 21:38:17.687 [Gauge] [DEBUG] Started concepts parsing.
11-12-2022 21:38:17.691 [Gauge] [DEBUG] 0 concepts parsing completed.
11-12-2022 21:38:17.691 [Gauge] [DEBUG] Started specifications parsing.
11-12-2022 21:38:17.691 [Gauge] [DEBUG] 1 specifications parsing completed.
11-12-2022 21:38:17.691 [Gauge] [DEBUG] Parsing completed.
11-12-2022 21:38:17.708 [java] [DEBUG] ***** Printing Properties/Env Values *****
11-12-2022 21:38:17.708 [java] [DEBUG] PATH: C:\Program Files\Common Files\Oracle\Java\javapath;C:\WINDOWS\system32;C:\WINDOWS;C:\WINDOWS\System32\Wbem;C:\WINDOWS\System32\WindowsPowerShell\v1.0\;C:\WINDOWS\System32\OpenSSH\;C:\Program Files\Git\cmd;C:\Program Files\Gauge\bin;C:\Users\mmete\AppData\Local\Microsoft\WindowsApps;;C:\Program Files\JetBrains\IntelliJ IDEA Community Edition 2022.2.3\bin;;C:\Users\mmete\AppData\Roaming\gauge\plugins\screenshot\0.1.0
11-12-2022 21:38:17.708 [java] [DEBUG] JAVA_HOME: 
11-12-2022 21:38:17.708 [java] [DEBUG] gauge_project_root: C:\Users\mmete\IdeaProjects\gaugeExample
11-12-2022 21:38:17.708 [java] [DEBUG] gauge_parallel_streams_count: 12
11-12-2022 21:38:17.708 [java] [DEBUG] gauge_reports_dir: reports
11-12-2022 21:38:17.708 [java] [DEBUG] overwrite_reports: true
11-12-2022 21:38:17.708 [java] [DEBUG] logs_directory: logs
11-12-2022 21:38:17.708 [java] [DEBUG] enable_multithreading: 
11-12-2022 21:38:17.708 [java] [DEBUG] gauge_specs_dir: specs
11-12-2022 21:38:17.708 [java] [DEBUG] csv_delimiter: ,
11-12-2022 21:38:17.708 [java] [DEBUG] gauge_java_home: 
11-12-2022 21:38:17.708 [java] [DEBUG] gauge_custom_build_path: 
11-12-2022 21:38:17.708 [java] [DEBUG] gauge_additional_libs: libs/*
11-12-2022 21:38:17.708 [java] [DEBUG] gauge_jvm_args: 
11-12-2022 21:38:17.708 [java] [DEBUG] gauge_custom_compile_dir: 
11-12-2022 21:38:17.708 [java] [DEBUG] gauge_clear_state_level: scenario
11-12-2022 21:38:17.708 [java] [DEBUG] ***** END *****
11-12-2022 21:38:17.711 [java] [ERROR] exec: "mvn": executable file not found in %!P(MISSING)ATH%!(NOVERB)
11-12-2022 21:38:17.711 [java] [ERROR] Installed version of gauge-java (0.9.1) does not match with dependency gauge-java () specified in pom.xml file
11-12-2022 21:38:17.711 [java] [DEBUG] classpath set to C:\Program Files\Java\jdk-19!\java.base;C:\Program Files\Java\jdk-19!\java.compiler;C:\Program Files\Java\jdk-19!\java.datatransfer;C:\Program Files\Java\jdk-19!\java.desktop;C:\Program Files\Java\jdk-19!\java.instrument;C:\Program Files\Java\jdk-19!\java.logging;C:\Program Files\Java\jdk-19!\java.management;C:\Program Files\Java\jdk-19!\java.management.rmi;C:\Program Files\Java\jdk-19!\java.naming;C:\Program Files\Java\jdk-19!\java.net.http;C:\Program Files\Java\jdk-19!\java.prefs;C:\Program Files\Java\jdk-19!\java.rmi;C:\Program Files\Java\jdk-19!\java.scripting;C:\Program Files\Java\jdk-19!\java.se;C:\Program Files\Java\jdk-19!\java.security.jgss;C:\Program Files\Java\jdk-19!\java.security.sasl;C:\Program Files\Java\jdk-19!\java.smartcardio;C:\Program Files\Java\jdk-19!\java.sql;C:\Program Files\Java\jdk-19!\java.sql.rowset;C:\Program Files\Java\jdk-19!\java.transaction.xa;C:\Program Files\Java\jdk-19!\java.xml;C:\Program Files\Java\jdk-19!\java.xml.crypto;C:\Program Files\Java\jdk-19!\jdk.accessibility;C:\Program Files\Java\jdk-19!\jdk.attach;C:\Program Files\Java\jdk-19!\jdk.charsets;C:\Program Files\Java\jdk-19!\jdk.compiler;C:\Program Files\Java\jdk-19!\jdk.crypto.cryptoki;C:\Program Files\Java\jdk-19!\jdk.crypto.ec;C:\Program Files\Java\jdk-19!\jdk.crypto.mscapi;C:\Program Files\Java\jdk-19!\jdk.dynalink;C:\Program Files\Java\jdk-19!\jdk.editpad;C:\Program Files\Java\jdk-19!\jdk.hotspot.agent;C:\Program Files\Java\jdk-19!\jdk.httpserver;C:\Program Files\Java\jdk-19!\jdk.incubator.concurrent;C:\Program Files\Java\jdk-19!\jdk.incubator.vector;C:\Program Files\Java\jdk-19!\jdk.internal.ed;C:\Program Files\Java\jdk-19!\jdk.internal.jvmstat;C:\Program Files\Java\jdk-19!\jdk.internal.le;C:\Program Files\Java\jdk-19!\jdk.internal.opt;C:\Program Files\Java\jdk-19!\jdk.internal.vm.ci;C:\Program Files\Java\jdk-19!\jdk.internal.vm.compiler;C:\Program Files\Java\jdk-19!\jdk.internal.vm.compiler.management;C:\Program Files\Java\jdk-19!\jdk.jartool;C:\Program Files\Java\jdk-19!\jdk.javadoc;C:\Program Files\Java\jdk-19!\jdk.jcmd;C:\Program Files\Java\jdk-19!\jdk.jconsole;C:\Program Files\Java\jdk-19!\jdk.jdeps;C:\Program Files\Java\jdk-19!\jdk.jdi;C:\Program Files\Java\jdk-19!\jdk.jdwp.agent;C:\Program Files\Java\jdk-19!\jdk.jfr;C:\Program Files\Java\jdk-19!\jdk.jlink;C:\Program Files\Java\jdk-19!\jdk.jpackage;C:\Program Files\Java\jdk-19!\jdk.jshell;C:\Program Files\Java\jdk-19!\jdk.jsobject;C:\Program Files\Java\jdk-19!\jdk.jstatd;C:\Program Files\Java\jdk-19!\jdk.localedata;C:\Program Files\Java\jdk-19!\jdk.management;C:\Program Files\Java\jdk-19!\jdk.management.agent;C:\Program Files\Java\jdk-19!\jdk.management.jfr;C:\Program Files\Java\jdk-19!\jdk.naming.dns;C:\Program Files\Java\jdk-19!\jdk.naming.rmi;C:\Program Files\Java\jdk-19!\jdk.net;C:\Program Files\Java\jdk-19!\jdk.nio.mapmode;C:\Program Files\Java\jdk-19!\jdk.random;C:\Program Files\Java\jdk-19!\jdk.sctp;C:\Program Files\Java\jdk-19!\jdk.security.auth;C:\Program Files\Java\jdk-19!\jdk.security.jgss;C:\Program Files\Java\jdk-19!\jdk.unsupported;C:\Program Files\Java\jdk-19!\jdk.unsupported.desktop;C:\Program Files\Java\jdk-19!\jdk.xml.dom;C:\Program Files\Java\jdk-19!\jdk.zipfs;C:\Users\mmete\IdeaProjects\gaugeExample\target\test-classes;C:\Users\mmete\.m2\repository\com\thoughtworks\gauge\gauge-java\0.9.1\gauge-java-0.9.1.jar;C:\Users\mmete\.m2\repository\org\assertj\assertj-core\3.22.0\assertj-core-3.22.0.jar;C:\Users\mmete\.m2\repository\org\reflections\reflections\0.10.2\reflections-0.10.2.jar;C:\Users\mmete\.m2\repository\org\javassist\javassist\3.28.0-GA\javassist-3.28.0-GA.jar;C:\Users\mmete\.m2\repository\com\github\javaparser\javaparser-core\3.16.3\javaparser-core-3.16.3.jar;C:\Users\mmete\.m2\repository\commons-io\commons-io\2.11.0\commons-io-2.11.0.jar;C:\Users\mmete\.m2\repository\commons-lang\commons-lang\2.6\commons-lang-2.6.jar;C:\Users\mmete\.m2\repository\org\json\json\20220320\json-20220320.jar;C:\Users\mmete\.m2\repository\com\google\protobuf\protobuf-java\3.19.4\protobuf-java-3.19.4.jar;C:\Users\mmete\.m2\repository\com\google\guava\guava\31.0.1-jre\guava-31.0.1-jre.jar;C:\Users\mmete\.m2\repository\com\google\guava\failureaccess\1.0.1\failureaccess-1.0.1.jar;C:\Users\mmete\.m2\repository\com\google\guava\listenablefuture\9999.0-empty-to-avoid-conflict-with-guava\listenablefuture-9999.0-empty-to-avoid-conflict-with-guava.jar;C:\Users\mmete\.m2\repository\org\checkerframework\checker-qual\3.12.0\checker-qual-3.12.0.jar;C:\Users\mmete\.m2\repository\com\google\errorprone\error_prone_annotations\2.7.1\error_prone_annotations-2.7.1.jar;C:\Users\mmete\.m2\repository\com\google\j2objc\j2objc-annotations\1.3\j2objc-annotations-1.3.jar;C:\Users\mmete\.m2\repository\io\grpc\grpc-netty-shaded\1.41.2\grpc-netty-shaded-1.41.2.jar;C:\Users\mmete\.m2\repository\io\perfmark\perfmark-api\0.23.0\perfmark-api-0.23.0.jar;C:\Users\mmete\.m2\repository\io\grpc\grpc-core\1.41.2\grpc-core-1.41.2.jar;C:\Users\mmete\.m2\repository\com\google\android\annotations\4.1.1.4\annotations-4.1.1.4.jar;C:\Users\mmete\.m2\repository\org\codehaus\mojo\animal-sniffer-annotations\1.19\animal-sniffer-annotations-1.19.jar;C:\Users\mmete\.m2\repository\io\grpc\grpc-protobuf\1.41.2\grpc-protobuf-1.41.2.jar;C:\Users\mmete\.m2\repository\io\grpc\grpc-api\1.41.2\grpc-api-1.41.2.jar;C:\Users\mmete\.m2\repository\io\grpc\grpc-context\1.41.2\grpc-context-1.41.2.jar;C:\Users\mmete\.m2\repository\com\google\api\grpc\proto-google-common-protos\2.0.1\proto-google-common-protos-2.0.1.jar;C:\Users\mmete\.m2\repository\io\grpc\grpc-protobuf-lite\1.41.2\grpc-protobuf-lite-1.41.2.jar;C:\Users\mmete\.m2\repository\io\grpc\grpc-stub\1.41.2\grpc-stub-1.41.2.jar;C:\Users\mmete\.m2\repository\javax\annotation\javax.annotation-api\1.3.2\javax.annotation-api-1.3.2.jar;C:\Users\mmete\.m2\repository\org\seleniumhq\selenium\selenium-java\4.4.0\selenium-java-4.4.0.jar;C:\Users\mmete\.m2\repository\org\seleniumhq\selenium\selenium-api\4.4.0\selenium-api-4.4.0.jar;C:\Users\mmete\.m2\repository\org\seleniumhq\selenium\selenium-chrome-driver\4.4.0\selenium-chrome-driver-4.4.0.jar;C:\Users\mmete\.m2\repository\com\google\auto\service\auto-service-annotations\1.0.1\auto-service-annotations-1.0.1.jar;C:\Users\mmete\.m2\repository\com\google\auto\service\auto-service\1.0.1\auto-service-1.0.1.jar;C:\Users\mmete\.m2\repository\com\google\auto\auto-common\1.2\auto-common-1.2.jar;C:\Users\mmete\.m2\repository\org\seleniumhq\selenium\selenium-chromium-driver\4.4.0\selenium-chromium-driver-4.4.0.jar;C:\Users\mmete\.m2\repository\org\seleniumhq\selenium\selenium-json\4.4.0\selenium-json-4.4.0.jar;C:\Users\mmete\.m2\repository\org\seleniumhq\selenium\selenium-devtools-v102\4.4.0\selenium-devtools-v102-4.4.0.jar;C:\Users\mmete\.m2\repository\org\seleniumhq\selenium\selenium-devtools-v103\4.4.0\selenium-devtools-v103-4.4.0.jar;C:\Users\mmete\.m2\repository\org\seleniumhq\selenium\selenium-devtools-v104\4.4.0\selenium-devtools-v104-4.4.0.jar;C:\Users\mmete\.m2\repository\org\seleniumhq\selenium\selenium-devtools-v85\4.4.0\selenium-devtools-v85-4.4.0.jar;C:\Users\mmete\.m2\repository\org\seleniumhq\selenium\selenium-edge-driver\4.4.0\selenium-edge-driver-4.4.0.jar;C:\Users\mmete\.m2\repository\org\seleniumhq\selenium\selenium-firefox-driver\4.4.0\selenium-firefox-driver-4.4.0.jar;C:\Users\mmete\.m2\repository\org\seleniumhq\selenium\selenium-ie-driver\4.4.0\selenium-ie-driver-4.4.0.jar;C:\Users\mmete\.m2\repository\org\seleniumhq\selenium\selenium-opera-driver\4.4.0\selenium-opera-driver-4.4.0.jar;C:\Users\mmete\.m2\repository\org\seleniumhq\selenium\selenium-remote-driver\4.4.0\selenium-remote-driver-4.4.0.jar;C:\Users\mmete\.m2\repository\io\netty\netty-buffer\4.1.78.Final\netty-buffer-4.1.78.Final.jar;C:\Users\mmete\.m2\repository\io\netty\netty-codec-http\4.1.78.Final\netty-codec-http-4.1.78.Final.jar;C:\Users\mmete\.m2\repository\io\netty\netty-codec\4.1.78.Final\netty-codec-4.1.78.Final.jar;C:\Users\mmete\.m2\repository\io\netty\netty-handler\4.1.78.Final\netty-handler-4.1.78.Final.jar;C:\Users\mmete\.m2\repository\io\netty\netty-common\4.1.78.Final\netty-common-4.1.78.Final.jar;C:\Users\mmete\.m2\repository\io\netty\netty-transport-classes-epoll\4.1.78.Final\netty-transport-classes-epoll-4.1.78.Final.jar;C:\Users\mmete\.m2\repository\io\netty\netty-transport-classes-kqueue\4.1.78.Final\netty-transport-classes-kqueue-4.1.78.Final.jar;C:\Users\mmete\.m2\repository\io\netty\netty-transport-native-epoll\4.1.78.Final\netty-transport-native-epoll-4.1.78.Final.jar;C:\Users\mmete\.m2\repository\io\netty\netty-transport-native-kqueue\4.1.78.Final\netty-transport-native-kqueue-4.1.78.Final.jar;C:\Users\mmete\.m2\repository\io\netty\netty-transport-native-unix-common\4.1.78.Final\netty-transport-native-unix-common-4.1.78.Final.jar;C:\Users\mmete\.m2\repository\io\netty\netty-transport\4.1.78.Final\netty-transport-4.1.78.Final.jar;C:\Users\mmete\.m2\repository\io\netty\netty-resolver\4.1.78.Final\netty-resolver-4.1.78.Final.jar;C:\Users\mmete\.m2\repository\io\opentelemetry\opentelemetry-api\1.16.0\opentelemetry-api-1.16.0.jar;C:\Users\mmete\.m2\repository\io\opentelemetry\opentelemetry-context\1.16.0\opentelemetry-context-1.16.0.jar;C:\Users\mmete\.m2\repository\io\opentelemetry\opentelemetry-exporter-logging\1.16.0\opentelemetry-exporter-logging-1.16.0.jar;C:\Users\mmete\.m2\repository\io\opentelemetry\opentelemetry-sdk-metrics\1.16.0\opentelemetry-sdk-metrics-1.16.0.jar;C:\Users\mmete\.m2\repository\io\opentelemetry\opentelemetry-sdk-logs\1.16.0-alpha\opentelemetry-sdk-logs-1.16.0-alpha.jar;C:\Users\mmete\.m2\repository\io\opentelemetry\opentelemetry-sdk-common\1.16.0\opentelemetry-sdk-common-1.16.0.jar;C:\Users\mmete\.m2\repository\io\opentelemetry\opentelemetry-sdk-extension-autoconfigure-spi\1.16.0\opentelemetry-sdk-extension-autoconfigure-spi-1.16.0.jar;C:\Users\mmete\.m2\repository\io\opentelemetry\opentelemetry-sdk-extension-autoconfigure\1.16.0-alpha\opentelemetry-sdk-extension-autoconfigure-1.16.0-alpha.jar;C:\Users\mmete\.m2\repository\io\opentelemetry\opentelemetry-sdk-trace\1.16.0\opentelemetry-sdk-trace-1.16.0.jar;C:\Users\mmete\.m2\repository\io\opentelemetry\opentelemetry-sdk\1.16.0\opentelemetry-sdk-1.16.0.jar;C:\Users\mmete\.m2\repository\io\opentelemetry\opentelemetry-semconv\1.16.0-alpha\opentelemetry-semconv-1.16.0-alpha.jar;C:\Users\mmete\.m2\repository\io\ous\jtoml\2.0.0\jtoml-2.0.0.jar;C:\Users\mmete\.m2\repository\net\bytebuddy\byte-buddy\1.12.10\byte-buddy-1.12.10.jar;C:\Users\mmete\.m2\repository\org\apache\commons\commons-exec\1.3\commons-exec-1.3.jar;C:\Users\mmete\.m2\repository\org\asynchttpclient\async-http-client\2.12.3\async-http-client-2.12.3.jar;C:\Users\mmete\.m2\repository\org\asynchttpclient\async-http-client-netty-utils\2.12.3\async-http-client-netty-utils-2.12.3.jar;C:\Users\mmete\.m2\repository\io\netty\netty-codec-socks\4.1.60.Final\netty-codec-socks-4.1.60.Final.jar;C:\Users\mmete\.m2\repository\io\netty\netty-handler-proxy\4.1.60.Final\netty-handler-proxy-4.1.60.Final.jar;C:\Users\mmete\.m2\repository\io\netty\netty-transport-native-epoll\4.1.60.Final\netty-transport-native-epoll-4.1.60.Final-linux-x86_64.jar;C:\Users\mmete\.m2\repository\io\netty\netty-transport-native-kqueue\4.1.60.Final\netty-transport-native-kqueue-4.1.60.Final-osx-x86_64.jar;C:\Users\mmete\.m2\repository\org\reactivestreams\reactive-streams\1.0.3\reactive-streams-1.0.3.jar;C:\Users\mmete\.m2\repository\com\typesafe\netty\netty-reactive-streams\2.0.4\netty-reactive-streams-2.0.4.jar;C:\Users\mmete\.m2\repository\com\sun\activation\jakarta.activation\1.2.2\jakarta.activation-1.2.2.jar;C:\Users\mmete\.m2\repository\org\seleniumhq\selenium\selenium-http\4.4.0\selenium-http-4.4.0.jar;C:\Users\mmete\.m2\repository\dev\failsafe\failsafe\3.2.4\failsafe-3.2.4.jar;C:\Users\mmete\.m2\repository\org\seleniumhq\selenium\selenium-safari-driver\4.4.0\selenium-safari-driver-4.4.0.jar;C:\Users\mmete\.m2\repository\org\seleniumhq\selenium\selenium-support\4.4.0\selenium-support-4.4.0.jar;C:\Users\mmete\.m2\repository\io\github\bonigarcia\webdrivermanager\5.3.0\webdrivermanager-5.3.0.jar;C:\Users\mmete\.m2\repository\org\slf4j\slf4j-api\1.7.36\slf4j-api-1.7.36.jar;C:\Users\mmete\.m2\repository\com\google\code\gson\gson\2.9.1\gson-2.9.1.jar;C:\Users\mmete\.m2\repository\com\github\docker-java\docker-java\3.2.13\docker-java-3.2.13.jar;C:\Users\mmete\.m2\repository\com\github\docker-java\docker-java-core\3.2.13\docker-java-core-3.2.13.jar;C:\Users\mmete\.m2\repository\com\github\docker-java\docker-java-api\3.2.13\docker-java-api-3.2.13.jar;C:\Users\mmete\.m2\repository\com\fasterxml\jackson\core\jackson-annotations\2.10.3\jackson-annotations-2.10.3.jar;C:\Users\mmete\.m2\repository\org\apache\commons\commons-compress\1.21\commons-compress-1.21.jar;C:\Users\mmete\.m2\repository\com\fasterxml\jackson\core\jackson-databind\2.10.3\jackson-databind-2.10.3.jar;C:\Users\mmete\.m2\repository\com\fasterxml\jackson\core\jackson-core\2.10.3\jackson-core-2.10.3.jar;C:\Users\mmete\.m2\repository\org\bouncycastle\bcpkix-jdk15on\1.64\bcpkix-jdk15on-1.64.jar;C:\Users\mmete\.m2\repository\org\bouncycastle\bcprov-jdk15on\1.64\bcprov-jdk15on-1.64.jar;C:\Users\mmete\.m2\repository\org\slf4j\jcl-over-slf4j\1.7.30\jcl-over-slf4j-1.7.30.jar;C:\Users\mmete\.m2\repository\com\github\docker-java\docker-java-transport-httpclient5\3.2.13\docker-java-transport-httpclient5-3.2.13.jar;C:\Users\mmete\.m2\repository\com\github\docker-java\docker-java-transport\3.2.13\docker-java-transport-3.2.13.jar;C:\Users\mmete\.m2\repository\net\java\dev\jna\jna\5.8.0\jna-5.8.0.jar;C:\Users\mmete\.m2\repository\org\brotli\dec\0.1.2\dec-0.1.2.jar;C:\Users\mmete\.m2\repository\org\apache\commons\commons-lang3\3.12.0\commons-lang3-3.12.0.jar;C:\Users\mmete\.m2\repository\org\apache\httpcomponents\client5\httpclient5\5.1.3\httpclient5-5.1.3.jar;C:\Users\mmete\.m2\repository\org\apache\httpcomponents\core5\httpcore5\5.1.3\httpcore5-5.1.3.jar;C:\Users\mmete\.m2\repository\org\apache\httpcomponents\core5\httpcore5-h2\5.1.3\httpcore5-h2-5.1.3.jar;C:\Users\mmete\.m2\repository\commons-codec\commons-codec\1.15\commons-codec-1.15.jar;C:\Users\mmete\.m2\repository\org\testng\testng\7.6.1\testng-7.6.1.jar;C:\Users\mmete\.m2\repository\com\google\code\findbugs\jsr305\3.0.2\jsr305-3.0.2.jar;C:\Users\mmete\.m2\repository\com\beust\jcommander\1.82\jcommander-1.82.jar;C:\Users\mmete\.m2\repository\org\webjars\jquery\3.6.0\jquery-3.6.0.jar
11-12-2022 21:38:17.711 [java] [DEBUG] found java executable in java.exe
11-12-2022 21:38:17.711 [java] [DEBUG] running - java.exe [-Dfile.encoding=UTF-8 com.thoughtworks.gauge.GaugeRuntime --start]
11-12-2022 21:38:17.711 [java] [DEBUG] stdout/stderr is logged to logs\14836-java.exe.out
11-12-2022 21:38:17.856 [java] [DEBUG] multithreading is set to false
11-12-2022 21:38:18.086 [java] [DEBUG] Using reflection to scan dependencies for gauge implementations...
11-12-2022 21:38:18.143 [java] [ERROR] SLF4J: Failed to load class "org.slf4j.impl.StaticLoggerBinder".
11-12-2022 21:38:18.144 [java] [ERROR] SLF4J: Defaulting to no-operation (NOP) logger implementation
11-12-2022 21:38:18.144 [java] [ERROR] SLF4J: See http://www.slf4j.org/codes.html#StaticLoggerBinder for further details.
11-12-2022 21:38:18.255 [Gauge] [DEBUG] Checking updates...
11-12-2022 21:38:18.261 [Gauge] [DEBUG] Downloading https://downloads.gauge.org/plugin/html-report?l=java&p=html-report,java,screenshot,spectacle&o=windows&a=amd64
11-12-2022 21:38:18.640 [Gauge] [DEBUG] Downloading https://downloads.gauge.org/plugin/java?l=java&p=html-report,java,screenshot,spectacle&o=windows&a=amd64
11-12-2022 21:38:18.734 [Gauge] [DEBUG] Downloading https://downloads.gauge.org/plugin/screenshot?l=java&p=html-report,java,screenshot,spectacle&o=windows&a=amd64
11-12-2022 21:38:18.742 [java] [DEBUG] gauge-java took 885milliseconds to load and scan. This should be less than 'runner_connection_timeout' config value.
11-12-2022 21:38:18.742 [java] [DEBUG] run 'gauge config runner_connection_timeout' and verify that it is < 885
11-12-2022 21:38:18.742 [java] [DEBUG] starting gRPC server...
11-12-2022 21:38:18.823 [Gauge] [DEBUG] Downloading https://downloads.gauge.org/plugin/spectacle?l=java&p=html-report,java,screenshot,spectacle&o=windows&a=amd64
11-12-2022 21:38:18.844 [java] [DEBUG] started gRPC server on port 49471
11-12-2022 21:38:18.844 [Gauge] [DEBUG] Attempting to connect to grpc server at port: 49471
11-12-2022 21:38:18.918 [Gauge] [DEBUG] Successfully made the connection with runner with port: 49471
11-12-2022 21:38:18.918 [Gauge] [DEBUG] Validation started.
11-12-2022 21:38:19.412 [java] [DEBUG] Scanning packages for steps
11-12-2022 21:38:19.417 [java] [DEBUG] Comparing 'StepDefinition.RegisterUserStepImplementation.browser' and 'StepDefinition.RegisterUserStepImplementation.browser'
11-12-2022 21:38:19.417 [java] [DEBUG] Found Navigate to Browser in current project scope.
11-12-2022 21:38:19.417 [java] [DEBUG] Comparing 'StepDefinition.RegisterUserStepImplementation.logout' and 'StepDefinition.RegisterUserStepImplementation.logout'
11-12-2022 21:38:19.417 [java] [DEBUG] Found Logout in current project scope.
11-12-2022 21:38:19.417 [java] [DEBUG] Comparing 'StepDefinition.RegisterUserStepImplementation.signupButton' and 'StepDefinition.RegisterUserStepImplementation.signupButton'
11-12-2022 21:38:19.417 [java] [DEBUG] Found Click Signup button in current project scope.
11-12-2022 21:38:19.417 [java] [DEBUG] Comparing 'StepDefinition.RegisterUserStepImplementation.nameAndEmailAndAddress' and 'StepDefinition.RegisterUserStepImplementation.nameAndEmailAndAddress'
11-12-2022 21:38:19.417 [java] [DEBUG] Found Enter name and email address in current project scope.
11-12-2022 21:38:19.417 [java] [DEBUG] Comparing 'StepDefinition.RegisterUserStepImplementation.loginButton' and 'StepDefinition.RegisterUserStepImplementation.loginButton'
11-12-2022 21:38:19.417 [java] [DEBUG] Found Click on Signup Login button in current project scope.
11-12-2022 21:38:19.417 [java] [DEBUG] Comparing 'StepDefinition.RegisterUserStepImplementation.fiildeatails' and 'StepDefinition.RegisterUserStepImplementation.fiildeatails'
11-12-2022 21:38:19.417 [java] [DEBUG] Found Fill details Title, Name, Email, Password, Date of birth in current project scope.
11-12-2022 21:38:19.417 [java] [DEBUG] Comparing 'StepDefinition.RegisterUserStepImplementation.verifyEATVisible' and 'StepDefinition.RegisterUserStepImplementation.verifyEATVisible'
11-12-2022 21:38:19.417 [java] [DEBUG] Found Verify that ENTER ACCOUNT INFORMATION is visible in current project scope.
11-12-2022 21:38:19.418 [java] [DEBUG] Comparing 'StepDefinition.RegisterUserStepImplementation.close' and 'StepDefinition.RegisterUserStepImplementation.close'
11-12-2022 21:38:19.418 [java] [DEBUG] Found Close in current project scope.
11-12-2022 21:38:19.418 [java] [DEBUG] Comparing 'StepDefinition.RegisterUserStepImplementation.createAccountButtun' and 'StepDefinition.RegisterUserStepImplementation.createAccountButtun'
11-12-2022 21:38:19.418 [java] [DEBUG] Found Click Create Account button in current project scope.
11-12-2022 21:38:19.418 [java] [DEBUG] Comparing 'StepDefinition.RegisterUserStepImplementation.continueButton' and 'StepDefinition.RegisterUserStepImplementation.continueButton'
11-12-2022 21:38:19.418 [java] [DEBUG] Found Click Continue button in current project scope.
11-12-2022 21:38:19.418 [java] [DEBUG] Comparing 'StepDefinition.RegisterUserStepImplementation.verifyACVisible' and 'StepDefinition.RegisterUserStepImplementation.verifyACVisible'
11-12-2022 21:38:19.418 [java] [DEBUG] Found Verify that ACCOUNT CREATED is visible in current project scope.
11-12-2022 21:38:19.418 [java] [DEBUG] Comparing 'StepDefinition.RegisterUserStepImplementation.url' and 'StepDefinition.RegisterUserStepImplementation.url'
11-12-2022 21:38:19.418 [java] [DEBUG] Found Navigate to Url in current project scope.
11-12-2022 21:38:19.418 [java] [DEBUG] Comparing 'StepDefinition.RegisterUserStepImplementation.VerifyNewUser' and 'StepDefinition.RegisterUserStepImplementation.VerifyNewUser'
11-12-2022 21:38:19.418 [java] [DEBUG] Found Verify New User Signup is visible in current project scope.
11-12-2022 21:38:19.418 [java] [DEBUG] Scanning packages for hooks
11-12-2022 21:38:19.422 [java] [DEBUG] Scanned steps (using static parsing + reflections): 
11-12-2022 21:38:19.422 [java] [DEBUG] 	Click Create Account button : public void createAccountButtun()
11-12-2022 21:38:19.422 [java] [DEBUG] 	Navigate to Url : public void url()
11-12-2022 21:38:19.422 [java] [DEBUG] 	Click Signup button : public void signupButton()
11-12-2022 21:38:19.422 [java] [DEBUG] 	Fill details Title, Name, Email, Password, Date of birth : public void fiildeatails() throws InterruptedException
11-12-2022 21:38:19.422 [java] [DEBUG] 	Enter name and email address : public void nameAndEmailAndAddress()
11-12-2022 21:38:19.422 [java] [DEBUG] 	Navigate to Browser : public void browser()
11-12-2022 21:38:19.422 [java] [DEBUG] 	Click Continue button : public void continueButton()
11-12-2022 21:38:19.422 [java] [DEBUG] 	Verify New User Signup is visible : public void VerifyNewUser()
11-12-2022 21:38:19.422 [java] [DEBUG] 	Click on Signup Login button : public void loginButton()
11-12-2022 21:38:19.422 [java] [DEBUG] 	Verify that ACCOUNT CREATED is visible : public void verifyACVisible()
11-12-2022 21:38:19.422 [java] [DEBUG] 	Logout : public void logout()
11-12-2022 21:38:19.422 [java] [DEBUG] 	Close : public void close()
11-12-2022 21:38:19.422 [java] [DEBUG] 	Verify that ENTER ACCOUNT INFORMATION is visible : public void verifyEATVisible()
11-12-2022 21:38:19.826 [Gauge] [DEBUG] Validation completed.
11-12-2022 21:38:19.826 [Gauge] [DEBUG] Run started
11-12-2022 21:38:19.827 [Gauge] [DEBUG] Starting Html Report plugin
11-12-2022 21:38:19.838 [html-report] [DEBUG] Setting MaxRecvMsgSize = 1024 MB
11-12-2022 21:38:19.838 [Gauge] [DEBUG] Attempting to connect to grpc server at port: 65270
11-12-2022 21:38:19.840 [Gauge] [DEBUG] Successfully made the connection with plugin with port: 65270
11-12-2022 21:38:19.840 [Gauge] [DEBUG] Initialising suite data store.
11-12-2022 21:38:19.861 [java] [DEBUG] Executing 'Navigate to Browser' using 'class StepDefinition.RegisterUserStepImplementation.browser
11-12-2022 21:38:20.267 [java] [ERROR] Starting ChromeDriver 108.0.5359.71 (1e0e3868ee06e91ad636a874420e3ca3ae3756ac-refs/branch-heads/5359@{#1016}) on port 55645
11-12-2022 21:38:20.267 [java] [ERROR] Only local connections are allowed.
11-12-2022 21:38:20.267 [java] [ERROR] Please see https://chromedriver.chromium.org/security-considerations for suggestions on keeping ChromeDriver safe.
11-12-2022 21:38:20.270 [java] [ERROR] ChromeDriver was started successfully.
11-12-2022 21:38:20.941 [java] [ERROR] Ara 11, 2022 9:38:20 ÖS org.openqa.selenium.remote.ProtocolHandshake createSession
11-12-2022 21:38:20.941 [java] [ERROR] INFO: Detected upstream dialect: W3C
11-12-2022 21:38:20.975 [java] [ERROR] Ara 11, 2022 9:38:20 ÖS org.openqa.selenium.devtools.CdpVersionFinder findNearestMatch
11-12-2022 21:38:20.975 [java] [ERROR] WARNING: Unable to find an exact match for CDP version 108, so returning the closest version found: 104
11-12-2022 21:38:20.975 [java] [ERROR] Ara 11, 2022 9:38:20 ÖS org.openqa.selenium.devtools.CdpVersionFinder findNearestMatch
11-12-2022 21:38:20.975 [java] [ERROR] INFO: Found CDP implementation for version 108 of 104
11-12-2022 21:38:21.106 [java] [DEBUG] Executing 'Navigate to Url' using 'class StepDefinition.RegisterUserStepImplementation.url
11-12-2022 21:38:25.225 [java] [DEBUG] Executing 'Click on Signup Login button' using 'class StepDefinition.RegisterUserStepImplementation.loginButton
11-12-2022 21:38:27.832 [java] [DEBUG] Executing 'Verify New User Signup is visible' using 'class StepDefinition.RegisterUserStepImplementation.VerifyNewUser
11-12-2022 21:38:27.851 [java] [DEBUG] Executing 'Enter name and email address' using 'class StepDefinition.RegisterUserStepImplementation.nameAndEmailAndAddress
11-12-2022 21:38:27.930 [java] [DEBUG] Executing 'Click Signup button' using 'class StepDefinition.RegisterUserStepImplementation.signupButton
11-12-2022 21:38:29.349 [java] [DEBUG] Executing 'Verify that ENTER ACCOUNT INFORMATION is visible' using 'class StepDefinition.RegisterUserStepImplementation.verifyEATVisible
11-12-2022 21:38:29.376 [java] [DEBUG] Executing 'Fill details Title, Name, Email, Password, Date of birth' using 'class StepDefinition.RegisterUserStepImplementation.fiildeatails
11-12-2022 21:38:36.931 [java] [DEBUG] Executing 'Click Create Account button' using 'class StepDefinition.RegisterUserStepImplementation.createAccountButtun
11-12-2022 21:38:38.307 [java] [DEBUG] Executing 'Close' using 'class StepDefinition.RegisterUserStepImplementation.close
11-12-2022 21:38:38.437 [html-report] [DEBUG] Transformed SuiteResult to report structure
11-12-2022 21:38:38.454 [html-report] [INFO] Successfully generated html-report to => C:\Users\mmete\IdeaProjects\gaugeExample\reports\html-report\index.html
11-12-2022 21:38:38.454 [html-report] [DEBUG] Done generating HTML report using theme from C:\Users\mmete\AppData\Roaming\gauge\plugins\html-report\4.2.0\themes\default
11-12-2022 21:38:38.454 [Gauge] [DEBUG] Sending kill message to Html Report plugin.
11-12-2022 21:38:38.456 [java] [DEBUG] Killing Java runner...
11-12-2022 21:38:38.456 [java] [DEBUG] Stopping execution pool...
11-12-2022 21:38:38.457 [java] [DEBUG] Shutting down grpc server...
11-12-2022 21:38:38.460 [java] [DEBUG] Runner killed gracefully.
11-12-2022 21:38:39.232 [Gauge] [DEBUG] Runner with PID:14836 has exited
11-12-2022 21:38:39.232 [Gauge] [INFO] Specifications:	1 executed	0 passed	1 failed	0 skipped
11-12-2022 21:38:39.232 [Gauge] [INFO] Scenarios:	1 executed	0 passed	1 failed	0 skipped
11-12-2022 21:38:39.232 [Gauge] [INFO] 
Total time taken: 18.61s
11-12-2022 21:40:40.867 [Gauge] [DEBUG] Created gauge_screenshots_dir at C:\Users\mmete\IdeaProjects\gaugeExample\.gauge\screenshots
11-12-2022 21:40:40.868 [Gauge] [DEBUG] Plugin java is already installed.
11-12-2022 21:40:40.868 [Gauge] [DEBUG] Plugin html-report is already installed.
11-12-2022 21:40:40.868 [Gauge] [DEBUG] Parsing started.
11-12-2022 21:40:40.868 [Gauge] [DEBUG] Started concepts parsing.
11-12-2022 21:40:40.872 [Gauge] [DEBUG] 0 concepts parsing completed.
11-12-2022 21:40:40.872 [Gauge] [DEBUG] Started specifications parsing.
11-12-2022 21:40:40.872 [Gauge] [DEBUG] 1 specifications parsing completed.
11-12-2022 21:40:40.872 [Gauge] [DEBUG] Parsing completed.
11-12-2022 21:40:40.886 [java] [DEBUG] ***** Printing Properties/Env Values *****
11-12-2022 21:40:40.886 [java] [DEBUG] PATH: C:\Program Files\Common Files\Oracle\Java\javapath;C:\WINDOWS\system32;C:\WINDOWS;C:\WINDOWS\System32\Wbem;C:\WINDOWS\System32\WindowsPowerShell\v1.0\;C:\WINDOWS\System32\OpenSSH\;C:\Program Files\Git\cmd;C:\Program Files\Gauge\bin;C:\Users\mmete\AppData\Local\Microsoft\WindowsApps;;C:\Program Files\JetBrains\IntelliJ IDEA Community Edition 2022.2.3\bin;;C:\Users\mmete\AppData\Roaming\gauge\plugins\screenshot\0.1.0
11-12-2022 21:40:40.886 [java] [DEBUG] JAVA_HOME: 
11-12-2022 21:40:40.886 [java] [DEBUG] gauge_project_root: C:\Users\mmete\IdeaProjects\gaugeExample
11-12-2022 21:40:40.886 [java] [DEBUG] gauge_parallel_streams_count: 12
11-12-2022 21:40:40.886 [java] [DEBUG] gauge_reports_dir: reports
11-12-2022 21:40:40.886 [java] [DEBUG] overwrite_reports: true
11-12-2022 21:40:40.886 [java] [DEBUG] logs_directory: logs
11-12-2022 21:40:40.886 [java] [DEBUG] enable_multithreading: 
11-12-2022 21:40:40.886 [java] [DEBUG] gauge_specs_dir: specs
11-12-2022 21:40:40.886 [java] [DEBUG] csv_delimiter: ,
11-12-2022 21:40:40.886 [java] [DEBUG] gauge_java_home: 
11-12-2022 21:40:40.886 [java] [DEBUG] gauge_custom_build_path: 
11-12-2022 21:40:40.886 [java] [DEBUG] gauge_additional_libs: libs/*
11-12-2022 21:40:40.886 [java] [DEBUG] gauge_jvm_args: 
11-12-2022 21:40:40.886 [java] [DEBUG] gauge_custom_compile_dir: 
11-12-2022 21:40:40.886 [java] [DEBUG] gauge_clear_state_level: scenario
11-12-2022 21:40:40.886 [java] [DEBUG] ***** END *****
11-12-2022 21:40:40.889 [java] [ERROR] exec: "mvn": executable file not found in %!P(MISSING)ATH%!(NOVERB)
11-12-2022 21:40:40.889 [java] [ERROR] Installed version of gauge-java (0.9.1) does not match with dependency gauge-java () specified in pom.xml file
11-12-2022 21:40:40.890 [java] [DEBUG] classpath set to C:\Program Files\Java\jdk-19!\java.base;C:\Program Files\Java\jdk-19!\java.compiler;C:\Program Files\Java\jdk-19!\java.datatransfer;C:\Program Files\Java\jdk-19!\java.desktop;C:\Program Files\Java\jdk-19!\java.instrument;C:\Program Files\Java\jdk-19!\java.logging;C:\Program Files\Java\jdk-19!\java.management;C:\Program Files\Java\jdk-19!\java.management.rmi;C:\Program Files\Java\jdk-19!\java.naming;C:\Program Files\Java\jdk-19!\java.net.http;C:\Program Files\Java\jdk-19!\java.prefs;C:\Program Files\Java\jdk-19!\java.rmi;C:\Program Files\Java\jdk-19!\java.scripting;C:\Program Files\Java\jdk-19!\java.se;C:\Program Files\Java\jdk-19!\java.security.jgss;C:\Program Files\Java\jdk-19!\java.security.sasl;C:\Program Files\Java\jdk-19!\java.smartcardio;C:\Program Files\Java\jdk-19!\java.sql;C:\Program Files\Java\jdk-19!\java.sql.rowset;C:\Program Files\Java\jdk-19!\java.transaction.xa;C:\Program Files\Java\jdk-19!\java.xml;C:\Program Files\Java\jdk-19!\java.xml.crypto;C:\Program Files\Java\jdk-19!\jdk.accessibility;C:\Program Files\Java\jdk-19!\jdk.attach;C:\Program Files\Java\jdk-19!\jdk.charsets;C:\Program Files\Java\jdk-19!\jdk.compiler;C:\Program Files\Java\jdk-19!\jdk.crypto.cryptoki;C:\Program Files\Java\jdk-19!\jdk.crypto.ec;C:\Program Files\Java\jdk-19!\jdk.crypto.mscapi;C:\Program Files\Java\jdk-19!\jdk.dynalink;C:\Program Files\Java\jdk-19!\jdk.editpad;C:\Program Files\Java\jdk-19!\jdk.hotspot.agent;C:\Program Files\Java\jdk-19!\jdk.httpserver;C:\Program Files\Java\jdk-19!\jdk.incubator.concurrent;C:\Program Files\Java\jdk-19!\jdk.incubator.vector;C:\Program Files\Java\jdk-19!\jdk.internal.ed;C:\Program Files\Java\jdk-19!\jdk.internal.jvmstat;C:\Program Files\Java\jdk-19!\jdk.internal.le;C:\Program Files\Java\jdk-19!\jdk.internal.opt;C:\Program Files\Java\jdk-19!\jdk.internal.vm.ci;C:\Program Files\Java\jdk-19!\jdk.internal.vm.compiler;C:\Program Files\Java\jdk-19!\jdk.internal.vm.compiler.management;C:\Program Files\Java\jdk-19!\jdk.jartool;C:\Program Files\Java\jdk-19!\jdk.javadoc;C:\Program Files\Java\jdk-19!\jdk.jcmd;C:\Program Files\Java\jdk-19!\jdk.jconsole;C:\Program Files\Java\jdk-19!\jdk.jdeps;C:\Program Files\Java\jdk-19!\jdk.jdi;C:\Program Files\Java\jdk-19!\jdk.jdwp.agent;C:\Program Files\Java\jdk-19!\jdk.jfr;C:\Program Files\Java\jdk-19!\jdk.jlink;C:\Program Files\Java\jdk-19!\jdk.jpackage;C:\Program Files\Java\jdk-19!\jdk.jshell;C:\Program Files\Java\jdk-19!\jdk.jsobject;C:\Program Files\Java\jdk-19!\jdk.jstatd;C:\Program Files\Java\jdk-19!\jdk.localedata;C:\Program Files\Java\jdk-19!\jdk.management;C:\Program Files\Java\jdk-19!\jdk.management.agent;C:\Program Files\Java\jdk-19!\jdk.management.jfr;C:\Program Files\Java\jdk-19!\jdk.naming.dns;C:\Program Files\Java\jdk-19!\jdk.naming.rmi;C:\Program Files\Java\jdk-19!\jdk.net;C:\Program Files\Java\jdk-19!\jdk.nio.mapmode;C:\Program Files\Java\jdk-19!\jdk.random;C:\Program Files\Java\jdk-19!\jdk.sctp;C:\Program Files\Java\jdk-19!\jdk.security.auth;C:\Program Files\Java\jdk-19!\jdk.security.jgss;C:\Program Files\Java\jdk-19!\jdk.unsupported;C:\Program Files\Java\jdk-19!\jdk.unsupported.desktop;C:\Program Files\Java\jdk-19!\jdk.xml.dom;C:\Program Files\Java\jdk-19!\jdk.zipfs;C:\Users\mmete\IdeaProjects\gaugeExample\target\test-classes;C:\Users\mmete\.m2\repository\com\thoughtworks\gauge\gauge-java\0.9.1\gauge-java-0.9.1.jar;C:\Users\mmete\.m2\repository\org\assertj\assertj-core\3.22.0\assertj-core-3.22.0.jar;C:\Users\mmete\.m2\repository\org\reflections\reflections\0.10.2\reflections-0.10.2.jar;C:\Users\mmete\.m2\repository\org\javassist\javassist\3.28.0-GA\javassist-3.28.0-GA.jar;C:\Users\mmete\.m2\repository\com\github\javaparser\javaparser-core\3.16.3\javaparser-core-3.16.3.jar;C:\Users\mmete\.m2\repository\commons-io\commons-io\2.11.0\commons-io-2.11.0.jar;C:\Users\mmete\.m2\repository\commons-lang\commons-lang\2.6\commons-lang-2.6.jar;C:\Users\mmete\.m2\repository\org\json\json\20220320\json-20220320.jar;C:\Users\mmete\.m2\repository\com\google\protobuf\protobuf-java\3.19.4\protobuf-java-3.19.4.jar;C:\Users\mmete\.m2\repository\com\google\guava\guava\31.0.1-jre\guava-31.0.1-jre.jar;C:\Users\mmete\.m2\repository\com\google\guava\failureaccess\1.0.1\failureaccess-1.0.1.jar;C:\Users\mmete\.m2\repository\com\google\guava\listenablefuture\9999.0-empty-to-avoid-conflict-with-guava\listenablefuture-9999.0-empty-to-avoid-conflict-with-guava.jar;C:\Users\mmete\.m2\repository\org\checkerframework\checker-qual\3.12.0\checker-qual-3.12.0.jar;C:\Users\mmete\.m2\repository\com\google\errorprone\error_prone_annotations\2.7.1\error_prone_annotations-2.7.1.jar;C:\Users\mmete\.m2\repository\com\google\j2objc\j2objc-annotations\1.3\j2objc-annotations-1.3.jar;C:\Users\mmete\.m2\repository\io\grpc\grpc-netty-shaded\1.41.2\grpc-netty-shaded-1.41.2.jar;C:\Users\mmete\.m2\repository\io\perfmark\perfmark-api\0.23.0\perfmark-api-0.23.0.jar;C:\Users\mmete\.m2\repository\io\grpc\grpc-core\1.41.2\grpc-core-1.41.2.jar;C:\Users\mmete\.m2\repository\com\google\android\annotations\4.1.1.4\annotations-4.1.1.4.jar;C:\Users\mmete\.m2\repository\org\codehaus\mojo\animal-sniffer-annotations\1.19\animal-sniffer-annotations-1.19.jar;C:\Users\mmete\.m2\repository\io\grpc\grpc-protobuf\1.41.2\grpc-protobuf-1.41.2.jar;C:\Users\mmete\.m2\repository\io\grpc\grpc-api\1.41.2\grpc-api-1.41.2.jar;C:\Users\mmete\.m2\repository\io\grpc\grpc-context\1.41.2\grpc-context-1.41.2.jar;C:\Users\mmete\.m2\repository\com\google\api\grpc\proto-google-common-protos\2.0.1\proto-google-common-protos-2.0.1.jar;C:\Users\mmete\.m2\repository\io\grpc\grpc-protobuf-lite\1.41.2\grpc-protobuf-lite-1.41.2.jar;C:\Users\mmete\.m2\repository\io\grpc\grpc-stub\1.41.2\grpc-stub-1.41.2.jar;C:\Users\mmete\.m2\repository\javax\annotation\javax.annotation-api\1.3.2\javax.annotation-api-1.3.2.jar;C:\Users\mmete\.m2\repository\org\seleniumhq\selenium\selenium-java\4.4.0\selenium-java-4.4.0.jar;C:\Users\mmete\.m2\repository\org\seleniumhq\selenium\selenium-api\4.4.0\selenium-api-4.4.0.jar;C:\Users\mmete\.m2\repository\org\seleniumhq\selenium\selenium-chrome-driver\4.4.0\selenium-chrome-driver-4.4.0.jar;C:\Users\mmete\.m2\repository\com\google\auto\service\auto-service-annotations\1.0.1\auto-service-annotations-1.0.1.jar;C:\Users\mmete\.m2\repository\com\google\auto\service\auto-service\1.0.1\auto-service-1.0.1.jar;C:\Users\mmete\.m2\repository\com\google\auto\auto-common\1.2\auto-common-1.2.jar;C:\Users\mmete\.m2\repository\org\seleniumhq\selenium\selenium-chromium-driver\4.4.0\selenium-chromium-driver-4.4.0.jar;C:\Users\mmete\.m2\repository\org\seleniumhq\selenium\selenium-json\4.4.0\selenium-json-4.4.0.jar;C:\Users\mmete\.m2\repository\org\seleniumhq\selenium\selenium-devtools-v102\4.4.0\selenium-devtools-v102-4.4.0.jar;C:\Users\mmete\.m2\repository\org\seleniumhq\selenium\selenium-devtools-v103\4.4.0\selenium-devtools-v103-4.4.0.jar;C:\Users\mmete\.m2\repository\org\seleniumhq\selenium\selenium-devtools-v104\4.4.0\selenium-devtools-v104-4.4.0.jar;C:\Users\mmete\.m2\repository\org\seleniumhq\selenium\selenium-devtools-v85\4.4.0\selenium-devtools-v85-4.4.0.jar;C:\Users\mmete\.m2\repository\org\seleniumhq\selenium\selenium-edge-driver\4.4.0\selenium-edge-driver-4.4.0.jar;C:\Users\mmete\.m2\repository\org\seleniumhq\selenium\selenium-firefox-driver\4.4.0\selenium-firefox-driver-4.4.0.jar;C:\Users\mmete\.m2\repository\org\seleniumhq\selenium\selenium-ie-driver\4.4.0\selenium-ie-driver-4.4.0.jar;C:\Users\mmete\.m2\repository\org\seleniumhq\selenium\selenium-opera-driver\4.4.0\selenium-opera-driver-4.4.0.jar;C:\Users\mmete\.m2\repository\org\seleniumhq\selenium\selenium-remote-driver\4.4.0\selenium-remote-driver-4.4.0.jar;C:\Users\mmete\.m2\repository\io\netty\netty-buffer\4.1.78.Final\netty-buffer-4.1.78.Final.jar;C:\Users\mmete\.m2\repository\io\netty\netty-codec-http\4.1.78.Final\netty-codec-http-4.1.78.Final.jar;C:\Users\mmete\.m2\repository\io\netty\netty-codec\4.1.78.Final\netty-codec-4.1.78.Final.jar;C:\Users\mmete\.m2\repository\io\netty\netty-handler\4.1.78.Final\netty-handler-4.1.78.Final.jar;C:\Users\mmete\.m2\repository\io\netty\netty-common\4.1.78.Final\netty-common-4.1.78.Final.jar;C:\Users\mmete\.m2\repository\io\netty\netty-transport-classes-epoll\4.1.78.Final\netty-transport-classes-epoll-4.1.78.Final.jar;C:\Users\mmete\.m2\repository\io\netty\netty-transport-classes-kqueue\4.1.78.Final\netty-transport-classes-kqueue-4.1.78.Final.jar;C:\Users\mmete\.m2\repository\io\netty\netty-transport-native-epoll\4.1.78.Final\netty-transport-native-epoll-4.1.78.Final.jar;C:\Users\mmete\.m2\repository\io\netty\netty-transport-native-kqueue\4.1.78.Final\netty-transport-native-kqueue-4.1.78.Final.jar;C:\Users\mmete\.m2\repository\io\netty\netty-transport-native-unix-common\4.1.78.Final\netty-transport-native-unix-common-4.1.78.Final.jar;C:\Users\mmete\.m2\repository\io\netty\netty-transport\4.1.78.Final\netty-transport-4.1.78.Final.jar;C:\Users\mmete\.m2\repository\io\netty\netty-resolver\4.1.78.Final\netty-resolver-4.1.78.Final.jar;C:\Users\mmete\.m2\repository\io\opentelemetry\opentelemetry-api\1.16.0\opentelemetry-api-1.16.0.jar;C:\Users\mmete\.m2\repository\io\opentelemetry\opentelemetry-context\1.16.0\opentelemetry-context-1.16.0.jar;C:\Users\mmete\.m2\repository\io\opentelemetry\opentelemetry-exporter-logging\1.16.0\opentelemetry-exporter-logging-1.16.0.jar;C:\Users\mmete\.m2\repository\io\opentelemetry\opentelemetry-sdk-metrics\1.16.0\opentelemetry-sdk-metrics-1.16.0.jar;C:\Users\mmete\.m2\repository\io\opentelemetry\opentelemetry-sdk-logs\1.16.0-alpha\opentelemetry-sdk-logs-1.16.0-alpha.jar;C:\Users\mmete\.m2\repository\io\opentelemetry\opentelemetry-sdk-common\1.16.0\opentelemetry-sdk-common-1.16.0.jar;C:\Users\mmete\.m2\repository\io\opentelemetry\opentelemetry-sdk-extension-autoconfigure-spi\1.16.0\opentelemetry-sdk-extension-autoconfigure-spi-1.16.0.jar;C:\Users\mmete\.m2\repository\io\opentelemetry\opentelemetry-sdk-extension-autoconfigure\1.16.0-alpha\opentelemetry-sdk-extension-autoconfigure-1.16.0-alpha.jar;C:\Users\mmete\.m2\repository\io\opentelemetry\opentelemetry-sdk-trace\1.16.0\opentelemetry-sdk-trace-1.16.0.jar;C:\Users\mmete\.m2\repository\io\opentelemetry\opentelemetry-sdk\1.16.0\opentelemetry-sdk-1.16.0.jar;C:\Users\mmete\.m2\repository\io\opentelemetry\opentelemetry-semconv\1.16.0-alpha\opentelemetry-semconv-1.16.0-alpha.jar;C:\Users\mmete\.m2\repository\io\ous\jtoml\2.0.0\jtoml-2.0.0.jar;C:\Users\mmete\.m2\repository\net\bytebuddy\byte-buddy\1.12.10\byte-buddy-1.12.10.jar;C:\Users\mmete\.m2\repository\org\apache\commons\commons-exec\1.3\commons-exec-1.3.jar;C:\Users\mmete\.m2\repository\org\asynchttpclient\async-http-client\2.12.3\async-http-client-2.12.3.jar;C:\Users\mmete\.m2\repository\org\asynchttpclient\async-http-client-netty-utils\2.12.3\async-http-client-netty-utils-2.12.3.jar;C:\Users\mmete\.m2\repository\io\netty\netty-codec-socks\4.1.60.Final\netty-codec-socks-4.1.60.Final.jar;C:\Users\mmete\.m2\repository\io\netty\netty-handler-proxy\4.1.60.Final\netty-handler-proxy-4.1.60.Final.jar;C:\Users\mmete\.m2\repository\io\netty\netty-transport-native-epoll\4.1.60.Final\netty-transport-native-epoll-4.1.60.Final-linux-x86_64.jar;C:\Users\mmete\.m2\repository\io\netty\netty-transport-native-kqueue\4.1.60.Final\netty-transport-native-kqueue-4.1.60.Final-osx-x86_64.jar;C:\Users\mmete\.m2\repository\org\reactivestreams\reactive-streams\1.0.3\reactive-streams-1.0.3.jar;C:\Users\mmete\.m2\repository\com\typesafe\netty\netty-reactive-streams\2.0.4\netty-reactive-streams-2.0.4.jar;C:\Users\mmete\.m2\repository\com\sun\activation\jakarta.activation\1.2.2\jakarta.activation-1.2.2.jar;C:\Users\mmete\.m2\repository\org\seleniumhq\selenium\selenium-http\4.4.0\selenium-http-4.4.0.jar;C:\Users\mmete\.m2\repository\dev\failsafe\failsafe\3.2.4\failsafe-3.2.4.jar;C:\Users\mmete\.m2\repository\org\seleniumhq\selenium\selenium-safari-driver\4.4.0\selenium-safari-driver-4.4.0.jar;C:\Users\mmete\.m2\repository\org\seleniumhq\selenium\selenium-support\4.4.0\selenium-support-4.4.0.jar;C:\Users\mmete\.m2\repository\io\github\bonigarcia\webdrivermanager\5.3.0\webdrivermanager-5.3.0.jar;C:\Users\mmete\.m2\repository\org\slf4j\slf4j-api\1.7.36\slf4j-api-1.7.36.jar;C:\Users\mmete\.m2\repository\com\google\code\gson\gson\2.9.1\gson-2.9.1.jar;C:\Users\mmete\.m2\repository\com\github\docker-java\docker-java\3.2.13\docker-java-3.2.13.jar;C:\Users\mmete\.m2\repository\com\github\docker-java\docker-java-core\3.2.13\docker-java-core-3.2.13.jar;C:\Users\mmete\.m2\repository\com\github\docker-java\docker-java-api\3.2.13\docker-java-api-3.2.13.jar;C:\Users\mmete\.m2\repository\com\fasterxml\jackson\core\jackson-annotations\2.10.3\jackson-annotations-2.10.3.jar;C:\Users\mmete\.m2\repository\org\apache\commons\commons-compress\1.21\commons-compress-1.21.jar;C:\Users\mmete\.m2\repository\com\fasterxml\jackson\core\jackson-databind\2.10.3\jackson-databind-2.10.3.jar;C:\Users\mmete\.m2\repository\com\fasterxml\jackson\core\jackson-core\2.10.3\jackson-core-2.10.3.jar;C:\Users\mmete\.m2\repository\org\bouncycastle\bcpkix-jdk15on\1.64\bcpkix-jdk15on-1.64.jar;C:\Users\mmete\.m2\repository\org\bouncycastle\bcprov-jdk15on\1.64\bcprov-jdk15on-1.64.jar;C:\Users\mmete\.m2\repository\org\slf4j\jcl-over-slf4j\1.7.30\jcl-over-slf4j-1.7.30.jar;C:\Users\mmete\.m2\repository\com\github\docker-java\docker-java-transport-httpclient5\3.2.13\docker-java-transport-httpclient5-3.2.13.jar;C:\Users\mmete\.m2\repository\com\github\docker-java\docker-java-transport\3.2.13\docker-java-transport-3.2.13.jar;C:\Users\mmete\.m2\repository\net\java\dev\jna\jna\5.8.0\jna-5.8.0.jar;C:\Users\mmete\.m2\repository\org\brotli\dec\0.1.2\dec-0.1.2.jar;C:\Users\mmete\.m2\repository\org\apache\commons\commons-lang3\3.12.0\commons-lang3-3.12.0.jar;C:\Users\mmete\.m2\repository\org\apache\httpcomponents\client5\httpclient5\5.1.3\httpclient5-5.1.3.jar;C:\Users\mmete\.m2\repository\org\apache\httpcomponents\core5\httpcore5\5.1.3\httpcore5-5.1.3.jar;C:\Users\mmete\.m2\repository\org\apache\httpcomponents\core5\httpcore5-h2\5.1.3\httpcore5-h2-5.1.3.jar;C:\Users\mmete\.m2\repository\commons-codec\commons-codec\1.15\commons-codec-1.15.jar;C:\Users\mmete\.m2\repository\org\testng\testng\7.6.1\testng-7.6.1.jar;C:\Users\mmete\.m2\repository\com\google\code\findbugs\jsr305\3.0.2\jsr305-3.0.2.jar;C:\Users\mmete\.m2\repository\com\beust\jcommander\1.82\jcommander-1.82.jar;C:\Users\mmete\.m2\repository\org\webjars\jquery\3.6.0\jquery-3.6.0.jar
11-12-2022 21:40:40.890 [java] [DEBUG] found java executable in java.exe
11-12-2022 21:40:40.890 [java] [DEBUG] running - java.exe [-Dfile.encoding=UTF-8 com.thoughtworks.gauge.GaugeRuntime --start]
11-12-2022 21:40:40.890 [java] [DEBUG] stdout/stderr is logged to logs\14560-java.exe.out
11-12-2022 21:40:41.033 [java] [DEBUG] multithreading is set to false
11-12-2022 21:40:41.215 [Gauge] [DEBUG] Checking updates...
11-12-2022 21:40:41.216 [Gauge] [DEBUG] Downloading https://downloads.gauge.org/plugin/html-report?l=java&p=html-report,java,screenshot,spectacle&o=windows&a=amd64
11-12-2022 21:40:41.263 [java] [DEBUG] Using reflection to scan dependencies for gauge implementations...
11-12-2022 21:40:41.320 [java] [ERROR] SLF4J: Failed to load class "org.slf4j.impl.StaticLoggerBinder".
11-12-2022 21:40:41.320 [java] [ERROR] SLF4J: Defaulting to no-operation (NOP) logger implementation
11-12-2022 21:40:41.320 [java] [ERROR] SLF4J: See http://www.slf4j.org/codes.html#StaticLoggerBinder for further details.
11-12-2022 21:40:41.595 [Gauge] [DEBUG] Downloading https://downloads.gauge.org/plugin/java?l=java&p=html-report,java,screenshot,spectacle&o=windows&a=amd64
11-12-2022 21:40:41.751 [Gauge] [DEBUG] Downloading https://downloads.gauge.org/plugin/screenshot?l=java&p=html-report,java,screenshot,spectacle&o=windows&a=amd64
11-12-2022 21:40:41.897 [Gauge] [DEBUG] Downloading https://downloads.gauge.org/plugin/spectacle?l=java&p=html-report,java,screenshot,spectacle&o=windows&a=amd64
11-12-2022 21:40:42.038 [java] [DEBUG] gauge-java took 1005milliseconds to load and scan. This should be less than 'runner_connection_timeout' config value.
11-12-2022 21:40:42.038 [java] [DEBUG] run 'gauge config runner_connection_timeout' and verify that it is < 1005
11-12-2022 21:40:42.038 [java] [DEBUG] starting gRPC server...
11-12-2022 21:40:42.141 [java] [DEBUG] started gRPC server on port 50981
11-12-2022 21:40:42.141 [Gauge] [DEBUG] Attempting to connect to grpc server at port: 50981
11-12-2022 21:40:42.215 [Gauge] [DEBUG] Successfully made the connection with runner with port: 50981
11-12-2022 21:40:42.215 [Gauge] [DEBUG] Validation started.
11-12-2022 21:40:42.683 [java] [DEBUG] Scanning packages for steps
11-12-2022 21:40:42.687 [java] [DEBUG] Comparing 'StepDefinition.RegisterUserStepImplementation.browser' and 'StepDefinition.RegisterUserStepImplementation.browser'
11-12-2022 21:40:42.688 [java] [DEBUG] Found Navigate to Browser in current project scope.
11-12-2022 21:40:42.688 [java] [DEBUG] Comparing 'StepDefinition.RegisterUserStepImplementation.logout' and 'StepDefinition.RegisterUserStepImplementation.logout'
11-12-2022 21:40:42.688 [java] [DEBUG] Found Logout in current project scope.
11-12-2022 21:40:42.688 [java] [DEBUG] Comparing 'StepDefinition.RegisterUserStepImplementation.signupButton' and 'StepDefinition.RegisterUserStepImplementation.signupButton'
11-12-2022 21:40:42.688 [java] [DEBUG] Found Click Signup button in current project scope.
11-12-2022 21:40:42.688 [java] [DEBUG] Comparing 'StepDefinition.RegisterUserStepImplementation.nameAndEmailAndAddress' and 'StepDefinition.RegisterUserStepImplementation.nameAndEmailAndAddress'
11-12-2022 21:40:42.688 [java] [DEBUG] Found Enter name and email address in current project scope.
11-12-2022 21:40:42.688 [java] [DEBUG] Comparing 'StepDefinition.RegisterUserStepImplementation.loginButton' and 'StepDefinition.RegisterUserStepImplementation.loginButton'
11-12-2022 21:40:42.688 [java] [DEBUG] Found Click on Signup Login button in current project scope.
11-12-2022 21:40:42.688 [java] [DEBUG] Comparing 'StepDefinition.RegisterUserStepImplementation.fiildeatails' and 'StepDefinition.RegisterUserStepImplementation.fiildeatails'
11-12-2022 21:40:42.688 [java] [DEBUG] Found Fill details Title, Name, Email, Password, Date of birth in current project scope.
11-12-2022 21:40:42.688 [java] [DEBUG] Comparing 'StepDefinition.RegisterUserStepImplementation.verifyEATVisible' and 'StepDefinition.RegisterUserStepImplementation.verifyEATVisible'
11-12-2022 21:40:42.688 [java] [DEBUG] Found Verify that ENTER ACCOUNT INFORMATION is visible in current project scope.
11-12-2022 21:40:42.688 [java] [DEBUG] Comparing 'StepDefinition.RegisterUserStepImplementation.close' and 'StepDefinition.RegisterUserStepImplementation.close'
11-12-2022 21:40:42.688 [java] [DEBUG] Found Close in current project scope.
11-12-2022 21:40:42.688 [java] [DEBUG] Comparing 'StepDefinition.RegisterUserStepImplementation.createAccountButtun' and 'StepDefinition.RegisterUserStepImplementation.createAccountButtun'
11-12-2022 21:40:42.688 [java] [DEBUG] Found Click Create Account button in current project scope.
11-12-2022 21:40:42.688 [java] [DEBUG] Comparing 'StepDefinition.RegisterUserStepImplementation.continueButton' and 'StepDefinition.RegisterUserStepImplementation.continueButton'
11-12-2022 21:40:42.688 [java] [DEBUG] Found Click Continue button in current project scope.
11-12-2022 21:40:42.688 [java] [DEBUG] Comparing 'StepDefinition.RegisterUserStepImplementation.verifyACVisible' and 'StepDefinition.RegisterUserStepImplementation.verifyACVisible'
11-12-2022 21:40:42.689 [java] [DEBUG] Found Verify that ACCOUNT CREATED is visible in current project scope.
11-12-2022 21:40:42.689 [java] [DEBUG] Comparing 'StepDefinition.RegisterUserStepImplementation.url' and 'StepDefinition.RegisterUserStepImplementation.url'
11-12-2022 21:40:42.689 [java] [DEBUG] Found Navigate to Url in current project scope.
11-12-2022 21:40:42.689 [java] [DEBUG] Comparing 'StepDefinition.RegisterUserStepImplementation.VerifyNewUser' and 'StepDefinition.RegisterUserStepImplementation.VerifyNewUser'
11-12-2022 21:40:42.689 [java] [DEBUG] Found Verify New User Signup is visible in current project scope.
11-12-2022 21:40:42.689 [java] [DEBUG] Scanning packages for hooks
11-12-2022 21:40:42.692 [java] [DEBUG] Scanned steps (using static parsing + reflections): 
11-12-2022 21:40:42.692 [java] [DEBUG] 	Click Create Account button : public void createAccountButtun()
11-12-2022 21:40:42.692 [java] [DEBUG] 	Navigate to Url : public void url()
11-12-2022 21:40:42.692 [java] [DEBUG] 	Click Signup button : public void signupButton()
11-12-2022 21:40:42.692 [java] [DEBUG] 	Fill details Title, Name, Email, Password, Date of birth : public void fiildeatails() throws InterruptedException
11-12-2022 21:40:42.692 [java] [DEBUG] 	Enter name and email address : public void nameAndEmailAndAddress()
11-12-2022 21:40:42.692 [java] [DEBUG] 	Navigate to Browser : public void browser()
11-12-2022 21:40:42.692 [java] [DEBUG] 	Click Continue button : public void continueButton()
11-12-2022 21:40:42.692 [java] [DEBUG] 	Verify New User Signup is visible : public void VerifyNewUser()
11-12-2022 21:40:42.692 [java] [DEBUG] 	Click on Signup Login button : public void loginButton()
11-12-2022 21:40:42.692 [java] [DEBUG] 	Verify that ACCOUNT CREATED is visible : public void verifyACVisible()
11-12-2022 21:40:42.692 [java] [DEBUG] 	Logout : public void logout()
11-12-2022 21:40:42.692 [java] [DEBUG] 	Close : public void close()
11-12-2022 21:40:42.692 [java] [DEBUG] 	Verify that ENTER ACCOUNT INFORMATION is visible : public void verifyEATVisible()
11-12-2022 21:40:43.084 [Gauge] [DEBUG] Validation completed.
11-12-2022 21:40:43.084 [Gauge] [DEBUG] Run started
11-12-2022 21:40:43.085 [Gauge] [DEBUG] Starting Html Report plugin
11-12-2022 21:40:43.096 [html-report] [DEBUG] Setting MaxRecvMsgSize = 1024 MB
11-12-2022 21:40:43.097 [Gauge] [DEBUG] Attempting to connect to grpc server at port: 65436
11-12-2022 21:40:43.097 [Gauge] [DEBUG] Successfully made the connection with plugin with port: 65436
11-12-2022 21:40:43.097 [Gauge] [DEBUG] Initialising suite data store.
11-12-2022 21:40:43.121 [java] [DEBUG] Executing 'Navigate to Browser' using 'class StepDefinition.RegisterUserStepImplementation.browser
11-12-2022 21:40:43.548 [java] [ERROR] Starting ChromeDriver 108.0.5359.71 (1e0e3868ee06e91ad636a874420e3ca3ae3756ac-refs/branch-heads/5359@{#1016}) on port 56661
11-12-2022 21:40:43.548 [java] [ERROR] Only local connections are allowed.
11-12-2022 21:40:43.548 [java] [ERROR] Please see https://chromedriver.chromium.org/security-considerations for suggestions on keeping ChromeDriver safe.
11-12-2022 21:40:43.552 [java] [ERROR] ChromeDriver was started successfully.
11-12-2022 21:40:44.234 [java] [ERROR] Ara 11, 2022 9:40:44 ÖS org.openqa.selenium.remote.ProtocolHandshake createSession
11-12-2022 21:40:44.234 [java] [ERROR] INFO: Detected upstream dialect: W3C
11-12-2022 21:40:44.270 [java] [ERROR] Ara 11, 2022 9:40:44 ÖS org.openqa.selenium.devtools.CdpVersionFinder findNearestMatch
11-12-2022 21:40:44.270 [java] [ERROR] WARNING: Unable to find an exact match for CDP version 108, so returning the closest version found: 104
11-12-2022 21:40:44.270 [java] [ERROR] Ara 11, 2022 9:40:44 ÖS org.openqa.selenium.devtools.CdpVersionFinder findNearestMatch
11-12-2022 21:40:44.270 [java] [ERROR] INFO: Found CDP implementation for version 108 of 104
11-12-2022 21:40:44.406 [java] [DEBUG] Executing 'Navigate to Url' using 'class StepDefinition.RegisterUserStepImplementation.url
11-12-2022 21:40:49.737 [java] [DEBUG] Executing 'Click on Signup Login button' using 'class StepDefinition.RegisterUserStepImplementation.loginButton
11-12-2022 21:40:52.496 [java] [DEBUG] Executing 'Verify New User Signup is visible' using 'class StepDefinition.RegisterUserStepImplementation.VerifyNewUser
11-12-2022 21:40:52.514 [java] [DEBUG] Executing 'Enter name and email address' using 'class StepDefinition.RegisterUserStepImplementation.nameAndEmailAndAddress
11-12-2022 21:40:52.584 [java] [DEBUG] Executing 'Click Signup button' using 'class StepDefinition.RegisterUserStepImplementation.signupButton
11-12-2022 21:40:55.212 [java] [DEBUG] Executing 'Verify that ENTER ACCOUNT INFORMATION is visible' using 'class StepDefinition.RegisterUserStepImplementation.verifyEATVisible
11-12-2022 21:40:55.230 [java] [DEBUG] Executing 'Fill details Title, Name, Email, Password, Date of birth' using 'class StepDefinition.RegisterUserStepImplementation.fiildeatails
11-12-2022 21:41:02.805 [java] [DEBUG] Executing 'Click Create Account button' using 'class StepDefinition.RegisterUserStepImplementation.createAccountButtun
11-12-2022 21:41:04.174 [java] [DEBUG] Executing 'Close' using 'class StepDefinition.RegisterUserStepImplementation.close
11-12-2022 21:41:04.312 [html-report] [DEBUG] Transformed SuiteResult to report structure
11-12-2022 21:41:04.327 [html-report] [INFO] Successfully generated html-report to => C:\Users\mmete\IdeaProjects\gaugeExample\reports\html-report\index.html
11-12-2022 21:41:04.327 [html-report] [DEBUG] Done generating HTML report using theme from C:\Users\mmete\AppData\Roaming\gauge\plugins\html-report\4.2.0\themes\default
11-12-2022 21:41:04.327 [Gauge] [DEBUG] Sending kill message to Html Report plugin.
11-12-2022 21:41:04.329 [java] [DEBUG] Killing Java runner...
11-12-2022 21:41:04.330 [java] [DEBUG] Stopping execution pool...
11-12-2022 21:41:04.330 [java] [DEBUG] Shutting down grpc server...
11-12-2022 21:41:04.334 [java] [DEBUG] Runner killed gracefully.
11-12-2022 21:41:05.099 [Gauge] [DEBUG] Runner with PID:14560 has exited
11-12-2022 21:41:05.099 [Gauge] [INFO] Specifications:	1 executed	0 passed	1 failed	0 skipped
11-12-2022 21:41:05.099 [Gauge] [INFO] Scenarios:	1 executed	0 passed	1 failed	0 skipped
11-12-2022 21:41:05.099 [Gauge] [INFO] 
Total time taken: 21.226s
11-12-2022 21:44:09.303 [Gauge] [DEBUG] Created gauge_screenshots_dir at C:\Users\mmete\IdeaProjects\gaugeExample\.gauge\screenshots
11-12-2022 21:44:09.304 [Gauge] [DEBUG] Plugin java is already installed.
11-12-2022 21:44:09.304 [Gauge] [DEBUG] Plugin html-report is already installed.
11-12-2022 21:44:09.304 [Gauge] [DEBUG] Parsing started.
11-12-2022 21:44:09.305 [Gauge] [DEBUG] Started concepts parsing.
11-12-2022 21:44:09.308 [Gauge] [DEBUG] 0 concepts parsing completed.
11-12-2022 21:44:09.308 [Gauge] [DEBUG] Started specifications parsing.
11-12-2022 21:44:09.309 [Gauge] [DEBUG] 1 specifications parsing completed.
11-12-2022 21:44:09.309 [Gauge] [DEBUG] Parsing completed.
11-12-2022 21:44:09.321 [java] [DEBUG] ***** Printing Properties/Env Values *****
11-12-2022 21:44:09.322 [java] [DEBUG] PATH: C:\Program Files\Common Files\Oracle\Java\javapath;C:\WINDOWS\system32;C:\WINDOWS;C:\WINDOWS\System32\Wbem;C:\WINDOWS\System32\WindowsPowerShell\v1.0\;C:\WINDOWS\System32\OpenSSH\;C:\Program Files\Git\cmd;C:\Program Files\Gauge\bin;C:\Users\mmete\AppData\Local\Microsoft\WindowsApps;;C:\Program Files\JetBrains\IntelliJ IDEA Community Edition 2022.2.3\bin;;C:\Users\mmete\AppData\Roaming\gauge\plugins\screenshot\0.1.0
11-12-2022 21:44:09.322 [java] [DEBUG] JAVA_HOME: 
11-12-2022 21:44:09.322 [java] [DEBUG] gauge_project_root: C:\Users\mmete\IdeaProjects\gaugeExample
11-12-2022 21:44:09.322 [java] [DEBUG] gauge_parallel_streams_count: 12
11-12-2022 21:44:09.322 [java] [DEBUG] gauge_reports_dir: reports
11-12-2022 21:44:09.322 [java] [DEBUG] overwrite_reports: true
11-12-2022 21:44:09.322 [java] [DEBUG] logs_directory: logs
11-12-2022 21:44:09.322 [java] [DEBUG] enable_multithreading: 
11-12-2022 21:44:09.322 [java] [DEBUG] gauge_specs_dir: specs
11-12-2022 21:44:09.322 [java] [DEBUG] csv_delimiter: ,
11-12-2022 21:44:09.322 [java] [DEBUG] gauge_java_home: 
11-12-2022 21:44:09.322 [java] [DEBUG] gauge_custom_build_path: 
11-12-2022 21:44:09.322 [java] [DEBUG] gauge_additional_libs: libs/*
11-12-2022 21:44:09.322 [java] [DEBUG] gauge_jvm_args: 
11-12-2022 21:44:09.322 [java] [DEBUG] gauge_custom_compile_dir: 
11-12-2022 21:44:09.322 [java] [DEBUG] gauge_clear_state_level: scenario
11-12-2022 21:44:09.322 [java] [DEBUG] ***** END *****
11-12-2022 21:44:09.324 [java] [ERROR] exec: "mvn": executable file not found in %!P(MISSING)ATH%!(NOVERB)
11-12-2022 21:44:09.324 [java] [ERROR] Installed version of gauge-java (0.9.1) does not match with dependency gauge-java () specified in pom.xml file
11-12-2022 21:44:09.324 [java] [DEBUG] classpath set to C:\Program Files\Java\jdk-19!\java.base;C:\Program Files\Java\jdk-19!\java.compiler;C:\Program Files\Java\jdk-19!\java.datatransfer;C:\Program Files\Java\jdk-19!\java.desktop;C:\Program Files\Java\jdk-19!\java.instrument;C:\Program Files\Java\jdk-19!\java.logging;C:\Program Files\Java\jdk-19!\java.management;C:\Program Files\Java\jdk-19!\java.management.rmi;C:\Program Files\Java\jdk-19!\java.naming;C:\Program Files\Java\jdk-19!\java.net.http;C:\Program Files\Java\jdk-19!\java.prefs;C:\Program Files\Java\jdk-19!\java.rmi;C:\Program Files\Java\jdk-19!\java.scripting;C:\Program Files\Java\jdk-19!\java.se;C:\Program Files\Java\jdk-19!\java.security.jgss;C:\Program Files\Java\jdk-19!\java.security.sasl;C:\Program Files\Java\jdk-19!\java.smartcardio;C:\Program Files\Java\jdk-19!\java.sql;C:\Program Files\Java\jdk-19!\java.sql.rowset;C:\Program Files\Java\jdk-19!\java.transaction.xa;C:\Program Files\Java\jdk-19!\java.xml;C:\Program Files\Java\jdk-19!\java.xml.crypto;C:\Program Files\Java\jdk-19!\jdk.accessibility;C:\Program Files\Java\jdk-19!\jdk.attach;C:\Program Files\Java\jdk-19!\jdk.charsets;C:\Program Files\Java\jdk-19!\jdk.compiler;C:\Program Files\Java\jdk-19!\jdk.crypto.cryptoki;C:\Program Files\Java\jdk-19!\jdk.crypto.ec;C:\Program Files\Java\jdk-19!\jdk.crypto.mscapi;C:\Program Files\Java\jdk-19!\jdk.dynalink;C:\Program Files\Java\jdk-19!\jdk.editpad;C:\Program Files\Java\jdk-19!\jdk.hotspot.agent;C:\Program Files\Java\jdk-19!\jdk.httpserver;C:\Program Files\Java\jdk-19!\jdk.incubator.concurrent;C:\Program Files\Java\jdk-19!\jdk.incubator.vector;C:\Program Files\Java\jdk-19!\jdk.internal.ed;C:\Program Files\Java\jdk-19!\jdk.internal.jvmstat;C:\Program Files\Java\jdk-19!\jdk.internal.le;C:\Program Files\Java\jdk-19!\jdk.internal.opt;C:\Program Files\Java\jdk-19!\jdk.internal.vm.ci;C:\Program Files\Java\jdk-19!\jdk.internal.vm.compiler;C:\Program Files\Java\jdk-19!\jdk.internal.vm.compiler.management;C:\Program Files\Java\jdk-19!\jdk.jartool;C:\Program Files\Java\jdk-19!\jdk.javadoc;C:\Program Files\Java\jdk-19!\jdk.jcmd;C:\Program Files\Java\jdk-19!\jdk.jconsole;C:\Program Files\Java\jdk-19!\jdk.jdeps;C:\Program Files\Java\jdk-19!\jdk.jdi;C:\Program Files\Java\jdk-19!\jdk.jdwp.agent;C:\Program Files\Java\jdk-19!\jdk.jfr;C:\Program Files\Java\jdk-19!\jdk.jlink;C:\Program Files\Java\jdk-19!\jdk.jpackage;C:\Program Files\Java\jdk-19!\jdk.jshell;C:\Program Files\Java\jdk-19!\jdk.jsobject;C:\Program Files\Java\jdk-19!\jdk.jstatd;C:\Program Files\Java\jdk-19!\jdk.localedata;C:\Program Files\Java\jdk-19!\jdk.management;C:\Program Files\Java\jdk-19!\jdk.management.agent;C:\Program Files\Java\jdk-19!\jdk.management.jfr;C:\Program Files\Java\jdk-19!\jdk.naming.dns;C:\Program Files\Java\jdk-19!\jdk.naming.rmi;C:\Program Files\Java\jdk-19!\jdk.net;C:\Program Files\Java\jdk-19!\jdk.nio.mapmode;C:\Program Files\Java\jdk-19!\jdk.random;C:\Program Files\Java\jdk-19!\jdk.sctp;C:\Program Files\Java\jdk-19!\jdk.security.auth;C:\Program Files\Java\jdk-19!\jdk.security.jgss;C:\Program Files\Java\jdk-19!\jdk.unsupported;C:\Program Files\Java\jdk-19!\jdk.unsupported.desktop;C:\Program Files\Java\jdk-19!\jdk.xml.dom;C:\Program Files\Java\jdk-19!\jdk.zipfs;C:\Users\mmete\IdeaProjects\gaugeExample\target\test-classes;C:\Users\mmete\.m2\repository\com\thoughtworks\gauge\gauge-java\0.9.1\gauge-java-0.9.1.jar;C:\Users\mmete\.m2\repository\org\assertj\assertj-core\3.22.0\assertj-core-3.22.0.jar;C:\Users\mmete\.m2\repository\org\reflections\reflections\0.10.2\reflections-0.10.2.jar;C:\Users\mmete\.m2\repository\org\javassist\javassist\3.28.0-GA\javassist-3.28.0-GA.jar;C:\Users\mmete\.m2\repository\com\github\javaparser\javaparser-core\3.16.3\javaparser-core-3.16.3.jar;C:\Users\mmete\.m2\repository\commons-io\commons-io\2.11.0\commons-io-2.11.0.jar;C:\Users\mmete\.m2\repository\commons-lang\commons-lang\2.6\commons-lang-2.6.jar;C:\Users\mmete\.m2\repository\org\json\json\20220320\json-20220320.jar;C:\Users\mmete\.m2\repository\com\google\protobuf\protobuf-java\3.19.4\protobuf-java-3.19.4.jar;C:\Users\mmete\.m2\repository\com\google\guava\guava\31.0.1-jre\guava-31.0.1-jre.jar;C:\Users\mmete\.m2\repository\com\google\guava\failureaccess\1.0.1\failureaccess-1.0.1.jar;C:\Users\mmete\.m2\repository\com\google\guava\listenablefuture\9999.0-empty-to-avoid-conflict-with-guava\listenablefuture-9999.0-empty-to-avoid-conflict-with-guava.jar;C:\Users\mmete\.m2\repository\org\checkerframework\checker-qual\3.12.0\checker-qual-3.12.0.jar;C:\Users\mmete\.m2\repository\com\google\errorprone\error_prone_annotations\2.7.1\error_prone_annotations-2.7.1.jar;C:\Users\mmete\.m2\repository\com\google\j2objc\j2objc-annotations\1.3\j2objc-annotations-1.3.jar;C:\Users\mmete\.m2\repository\io\grpc\grpc-netty-shaded\1.41.2\grpc-netty-shaded-1.41.2.jar;C:\Users\mmete\.m2\repository\io\perfmark\perfmark-api\0.23.0\perfmark-api-0.23.0.jar;C:\Users\mmete\.m2\repository\io\grpc\grpc-core\1.41.2\grpc-core-1.41.2.jar;C:\Users\mmete\.m2\repository\com\google\android\annotations\4.1.1.4\annotations-4.1.1.4.jar;C:\Users\mmete\.m2\repository\org\codehaus\mojo\animal-sniffer-annotations\1.19\animal-sniffer-annotations-1.19.jar;C:\Users\mmete\.m2\repository\io\grpc\grpc-protobuf\1.41.2\grpc-protobuf-1.41.2.jar;C:\Users\mmete\.m2\repository\io\grpc\grpc-api\1.41.2\grpc-api-1.41.2.jar;C:\Users\mmete\.m2\repository\io\grpc\grpc-context\1.41.2\grpc-context-1.41.2.jar;C:\Users\mmete\.m2\repository\com\google\api\grpc\proto-google-common-protos\2.0.1\proto-google-common-protos-2.0.1.jar;C:\Users\mmete\.m2\repository\io\grpc\grpc-protobuf-lite\1.41.2\grpc-protobuf-lite-1.41.2.jar;C:\Users\mmete\.m2\repository\io\grpc\grpc-stub\1.41.2\grpc-stub-1.41.2.jar;C:\Users\mmete\.m2\repository\javax\annotation\javax.annotation-api\1.3.2\javax.annotation-api-1.3.2.jar;C:\Users\mmete\.m2\repository\org\seleniumhq\selenium\selenium-java\4.4.0\selenium-java-4.4.0.jar;C:\Users\mmete\.m2\repository\org\seleniumhq\selenium\selenium-api\4.4.0\selenium-api-4.4.0.jar;C:\Users\mmete\.m2\repository\org\seleniumhq\selenium\selenium-chrome-driver\4.4.0\selenium-chrome-driver-4.4.0.jar;C:\Users\mmete\.m2\repository\com\google\auto\service\auto-service-annotations\1.0.1\auto-service-annotations-1.0.1.jar;C:\Users\mmete\.m2\repository\com\google\auto\service\auto-service\1.0.1\auto-service-1.0.1.jar;C:\Users\mmete\.m2\repository\com\google\auto\auto-common\1.2\auto-common-1.2.jar;C:\Users\mmete\.m2\repository\org\seleniumhq\selenium\selenium-chromium-driver\4.4.0\selenium-chromium-driver-4.4.0.jar;C:\Users\mmete\.m2\repository\org\seleniumhq\selenium\selenium-json\4.4.0\selenium-json-4.4.0.jar;C:\Users\mmete\.m2\repository\org\seleniumhq\selenium\selenium-devtools-v102\4.4.0\selenium-devtools-v102-4.4.0.jar;C:\Users\mmete\.m2\repository\org\seleniumhq\selenium\selenium-devtools-v103\4.4.0\selenium-devtools-v103-4.4.0.jar;C:\Users\mmete\.m2\repository\org\seleniumhq\selenium\selenium-devtools-v104\4.4.0\selenium-devtools-v104-4.4.0.jar;C:\Users\mmete\.m2\repository\org\seleniumhq\selenium\selenium-devtools-v85\4.4.0\selenium-devtools-v85-4.4.0.jar;C:\Users\mmete\.m2\repository\org\seleniumhq\selenium\selenium-edge-driver\4.4.0\selenium-edge-driver-4.4.0.jar;C:\Users\mmete\.m2\repository\org\seleniumhq\selenium\selenium-firefox-driver\4.4.0\selenium-firefox-driver-4.4.0.jar;C:\Users\mmete\.m2\repository\org\seleniumhq\selenium\selenium-ie-driver\4.4.0\selenium-ie-driver-4.4.0.jar;C:\Users\mmete\.m2\repository\org\seleniumhq\selenium\selenium-opera-driver\4.4.0\selenium-opera-driver-4.4.0.jar;C:\Users\mmete\.m2\repository\org\seleniumhq\selenium\selenium-remote-driver\4.4.0\selenium-remote-driver-4.4.0.jar;C:\Users\mmete\.m2\repository\io\netty\netty-buffer\4.1.78.Final\netty-buffer-4.1.78.Final.jar;C:\Users\mmete\.m2\repository\io\netty\netty-codec-http\4.1.78.Final\netty-codec-http-4.1.78.Final.jar;C:\Users\mmete\.m2\repository\io\netty\netty-codec\4.1.78.Final\netty-codec-4.1.78.Final.jar;C:\Users\mmete\.m2\repository\io\netty\netty-handler\4.1.78.Final\netty-handler-4.1.78.Final.jar;C:\Users\mmete\.m2\repository\io\netty\netty-common\4.1.78.Final\netty-common-4.1.78.Final.jar;C:\Users\mmete\.m2\repository\io\netty\netty-transport-classes-epoll\4.1.78.Final\netty-transport-classes-epoll-4.1.78.Final.jar;C:\Users\mmete\.m2\repository\io\netty\netty-transport-classes-kqueue\4.1.78.Final\netty-transport-classes-kqueue-4.1.78.Final.jar;C:\Users\mmete\.m2\repository\io\netty\netty-transport-native-epoll\4.1.78.Final\netty-transport-native-epoll-4.1.78.Final.jar;C:\Users\mmete\.m2\repository\io\netty\netty-transport-native-kqueue\4.1.78.Final\netty-transport-native-kqueue-4.1.78.Final.jar;C:\Users\mmete\.m2\repository\io\netty\netty-transport-native-unix-common\4.1.78.Final\netty-transport-native-unix-common-4.1.78.Final.jar;C:\Users\mmete\.m2\repository\io\netty\netty-transport\4.1.78.Final\netty-transport-4.1.78.Final.jar;C:\Users\mmete\.m2\repository\io\netty\netty-resolver\4.1.78.Final\netty-resolver-4.1.78.Final.jar;C:\Users\mmete\.m2\repository\io\opentelemetry\opentelemetry-api\1.16.0\opentelemetry-api-1.16.0.jar;C:\Users\mmete\.m2\repository\io\opentelemetry\opentelemetry-context\1.16.0\opentelemetry-context-1.16.0.jar;C:\Users\mmete\.m2\repository\io\opentelemetry\opentelemetry-exporter-logging\1.16.0\opentelemetry-exporter-logging-1.16.0.jar;C:\Users\mmete\.m2\repository\io\opentelemetry\opentelemetry-sdk-metrics\1.16.0\opentelemetry-sdk-metrics-1.16.0.jar;C:\Users\mmete\.m2\repository\io\opentelemetry\opentelemetry-sdk-logs\1.16.0-alpha\opentelemetry-sdk-logs-1.16.0-alpha.jar;C:\Users\mmete\.m2\repository\io\opentelemetry\opentelemetry-sdk-common\1.16.0\opentelemetry-sdk-common-1.16.0.jar;C:\Users\mmete\.m2\repository\io\opentelemetry\opentelemetry-sdk-extension-autoconfigure-spi\1.16.0\opentelemetry-sdk-extension-autoconfigure-spi-1.16.0.jar;C:\Users\mmete\.m2\repository\io\opentelemetry\opentelemetry-sdk-extension-autoconfigure\1.16.0-alpha\opentelemetry-sdk-extension-autoconfigure-1.16.0-alpha.jar;C:\Users\mmete\.m2\repository\io\opentelemetry\opentelemetry-sdk-trace\1.16.0\opentelemetry-sdk-trace-1.16.0.jar;C:\Users\mmete\.m2\repository\io\opentelemetry\opentelemetry-sdk\1.16.0\opentelemetry-sdk-1.16.0.jar;C:\Users\mmete\.m2\repository\io\opentelemetry\opentelemetry-semconv\1.16.0-alpha\opentelemetry-semconv-1.16.0-alpha.jar;C:\Users\mmete\.m2\repository\io\ous\jtoml\2.0.0\jtoml-2.0.0.jar;C:\Users\mmete\.m2\repository\net\bytebuddy\byte-buddy\1.12.10\byte-buddy-1.12.10.jar;C:\Users\mmete\.m2\repository\org\apache\commons\commons-exec\1.3\commons-exec-1.3.jar;C:\Users\mmete\.m2\repository\org\asynchttpclient\async-http-client\2.12.3\async-http-client-2.12.3.jar;C:\Users\mmete\.m2\repository\org\asynchttpclient\async-http-client-netty-utils\2.12.3\async-http-client-netty-utils-2.12.3.jar;C:\Users\mmete\.m2\repository\io\netty\netty-codec-socks\4.1.60.Final\netty-codec-socks-4.1.60.Final.jar;C:\Users\mmete\.m2\repository\io\netty\netty-handler-proxy\4.1.60.Final\netty-handler-proxy-4.1.60.Final.jar;C:\Users\mmete\.m2\repository\io\netty\netty-transport-native-epoll\4.1.60.Final\netty-transport-native-epoll-4.1.60.Final-linux-x86_64.jar;C:\Users\mmete\.m2\repository\io\netty\netty-transport-native-kqueue\4.1.60.Final\netty-transport-native-kqueue-4.1.60.Final-osx-x86_64.jar;C:\Users\mmete\.m2\repository\org\reactivestreams\reactive-streams\1.0.3\reactive-streams-1.0.3.jar;C:\Users\mmete\.m2\repository\com\typesafe\netty\netty-reactive-streams\2.0.4\netty-reactive-streams-2.0.4.jar;C:\Users\mmete\.m2\repository\com\sun\activation\jakarta.activation\1.2.2\jakarta.activation-1.2.2.jar;C:\Users\mmete\.m2\repository\org\seleniumhq\selenium\selenium-http\4.4.0\selenium-http-4.4.0.jar;C:\Users\mmete\.m2\repository\dev\failsafe\failsafe\3.2.4\failsafe-3.2.4.jar;C:\Users\mmete\.m2\repository\org\seleniumhq\selenium\selenium-safari-driver\4.4.0\selenium-safari-driver-4.4.0.jar;C:\Users\mmete\.m2\repository\org\seleniumhq\selenium\selenium-support\4.4.0\selenium-support-4.4.0.jar;C:\Users\mmete\.m2\repository\io\github\bonigarcia\webdrivermanager\5.3.0\webdrivermanager-5.3.0.jar;C:\Users\mmete\.m2\repository\org\slf4j\slf4j-api\1.7.36\slf4j-api-1.7.36.jar;C:\Users\mmete\.m2\repository\com\google\code\gson\gson\2.9.1\gson-2.9.1.jar;C:\Users\mmete\.m2\repository\com\github\docker-java\docker-java\3.2.13\docker-java-3.2.13.jar;C:\Users\mmete\.m2\repository\com\github\docker-java\docker-java-core\3.2.13\docker-java-core-3.2.13.jar;C:\Users\mmete\.m2\repository\com\github\docker-java\docker-java-api\3.2.13\docker-java-api-3.2.13.jar;C:\Users\mmete\.m2\repository\com\fasterxml\jackson\core\jackson-annotations\2.10.3\jackson-annotations-2.10.3.jar;C:\Users\mmete\.m2\repository\org\apache\commons\commons-compress\1.21\commons-compress-1.21.jar;C:\Users\mmete\.m2\repository\com\fasterxml\jackson\core\jackson-databind\2.10.3\jackson-databind-2.10.3.jar;C:\Users\mmete\.m2\repository\com\fasterxml\jackson\core\jackson-core\2.10.3\jackson-core-2.10.3.jar;C:\Users\mmete\.m2\repository\org\bouncycastle\bcpkix-jdk15on\1.64\bcpkix-jdk15on-1.64.jar;C:\Users\mmete\.m2\repository\org\bouncycastle\bcprov-jdk15on\1.64\bcprov-jdk15on-1.64.jar;C:\Users\mmete\.m2\repository\org\slf4j\jcl-over-slf4j\1.7.30\jcl-over-slf4j-1.7.30.jar;C:\Users\mmete\.m2\repository\com\github\docker-java\docker-java-transport-httpclient5\3.2.13\docker-java-transport-httpclient5-3.2.13.jar;C:\Users\mmete\.m2\repository\com\github\docker-java\docker-java-transport\3.2.13\docker-java-transport-3.2.13.jar;C:\Users\mmete\.m2\repository\net\java\dev\jna\jna\5.8.0\jna-5.8.0.jar;C:\Users\mmete\.m2\repository\org\brotli\dec\0.1.2\dec-0.1.2.jar;C:\Users\mmete\.m2\repository\org\apache\commons\commons-lang3\3.12.0\commons-lang3-3.12.0.jar;C:\Users\mmete\.m2\repository\org\apache\httpcomponents\client5\httpclient5\5.1.3\httpclient5-5.1.3.jar;C:\Users\mmete\.m2\repository\org\apache\httpcomponents\core5\httpcore5\5.1.3\httpcore5-5.1.3.jar;C:\Users\mmete\.m2\repository\org\apache\httpcomponents\core5\httpcore5-h2\5.1.3\httpcore5-h2-5.1.3.jar;C:\Users\mmete\.m2\repository\commons-codec\commons-codec\1.15\commons-codec-1.15.jar;C:\Users\mmete\.m2\repository\org\testng\testng\7.6.1\testng-7.6.1.jar;C:\Users\mmete\.m2\repository\com\google\code\findbugs\jsr305\3.0.2\jsr305-3.0.2.jar;C:\Users\mmete\.m2\repository\com\beust\jcommander\1.82\jcommander-1.82.jar;C:\Users\mmete\.m2\repository\org\webjars\jquery\3.6.0\jquery-3.6.0.jar
11-12-2022 21:44:09.324 [java] [DEBUG] found java executable in java.exe
11-12-2022 21:44:09.324 [java] [DEBUG] running - java.exe [-Dfile.encoding=UTF-8 com.thoughtworks.gauge.GaugeRuntime --start]
11-12-2022 21:44:09.324 [java] [DEBUG] stdout/stderr is logged to logs\14832-java.exe.out
11-12-2022 21:44:09.472 [java] [DEBUG] multithreading is set to false
11-12-2022 21:44:09.646 [Gauge] [DEBUG] Checking updates...
11-12-2022 21:44:09.647 [Gauge] [DEBUG] Downloading https://downloads.gauge.org/plugin/html-report?l=java&p=html-report,java,screenshot,spectacle&o=windows&a=amd64
11-12-2022 21:44:09.687 [java] [DEBUG] Using reflection to scan dependencies for gauge implementations...
11-12-2022 21:44:09.747 [java] [ERROR] SLF4J: Failed to load class "org.slf4j.impl.StaticLoggerBinder".
11-12-2022 21:44:09.747 [java] [ERROR] SLF4J: Defaulting to no-operation (NOP) logger implementation
11-12-2022 21:44:09.747 [java] [ERROR] SLF4J: See http://www.slf4j.org/codes.html#StaticLoggerBinder for further details.
11-12-2022 21:44:09.962 [Gauge] [DEBUG] Downloading https://downloads.gauge.org/plugin/java?l=java&p=html-report,java,screenshot,spectacle&o=windows&a=amd64
11-12-2022 21:44:10.107 [Gauge] [DEBUG] Downloading https://downloads.gauge.org/plugin/screenshot?l=java&p=html-report,java,screenshot,spectacle&o=windows&a=amd64
11-12-2022 21:44:10.207 [Gauge] [DEBUG] Downloading https://downloads.gauge.org/plugin/spectacle?l=java&p=html-report,java,screenshot,spectacle&o=windows&a=amd64
11-12-2022 21:44:10.361 [java] [DEBUG] gauge-java took 889milliseconds to load and scan. This should be less than 'runner_connection_timeout' config value.
11-12-2022 21:44:10.361 [java] [DEBUG] run 'gauge config runner_connection_timeout' and verify that it is < 889
11-12-2022 21:44:10.363 [java] [DEBUG] starting gRPC server...
11-12-2022 21:44:10.462 [java] [DEBUG] started gRPC server on port 49810
11-12-2022 21:44:10.462 [Gauge] [DEBUG] Attempting to connect to grpc server at port: 49810
11-12-2022 21:44:10.533 [Gauge] [DEBUG] Successfully made the connection with runner with port: 49810
11-12-2022 21:44:10.533 [Gauge] [DEBUG] Validation started.
11-12-2022 21:44:10.990 [java] [DEBUG] Scanning packages for steps
11-12-2022 21:44:10.995 [java] [DEBUG] Comparing 'StepDefinition.RegisterUserStepImplementation.browser' and 'StepDefinition.RegisterUserStepImplementation.browser'
11-12-2022 21:44:10.995 [java] [DEBUG] Found Navigate to Browser in current project scope.
11-12-2022 21:44:10.995 [java] [DEBUG] Comparing 'StepDefinition.RegisterUserStepImplementation.logout' and 'StepDefinition.RegisterUserStepImplementation.logout'
11-12-2022 21:44:10.995 [java] [DEBUG] Found Logout in current project scope.
11-12-2022 21:44:10.995 [java] [DEBUG] Comparing 'StepDefinition.RegisterUserStepImplementation.signupButton' and 'StepDefinition.RegisterUserStepImplementation.signupButton'
11-12-2022 21:44:10.995 [java] [DEBUG] Found Click Signup button in current project scope.
11-12-2022 21:44:10.995 [java] [DEBUG] Comparing 'StepDefinition.RegisterUserStepImplementation.nameAndEmailAndAddress' and 'StepDefinition.RegisterUserStepImplementation.nameAndEmailAndAddress'
11-12-2022 21:44:10.995 [java] [DEBUG] Found Enter name and email address in current project scope.
11-12-2022 21:44:10.995 [java] [DEBUG] Comparing 'StepDefinition.RegisterUserStepImplementation.loginButton' and 'StepDefinition.RegisterUserStepImplementation.loginButton'
11-12-2022 21:44:10.995 [java] [DEBUG] Found Click on Signup Login button in current project scope.
11-12-2022 21:44:10.995 [java] [DEBUG] Comparing 'StepDefinition.RegisterUserStepImplementation.fiildeatails' and 'StepDefinition.RegisterUserStepImplementation.fiildeatails'
11-12-2022 21:44:10.995 [java] [DEBUG] Found Fill details Title, Name, Email, Password, Date of birth in current project scope.
11-12-2022 21:44:10.995 [java] [DEBUG] Comparing 'StepDefinition.RegisterUserStepImplementation.verifyEATVisible' and 'StepDefinition.RegisterUserStepImplementation.verifyEATVisible'
11-12-2022 21:44:10.995 [java] [DEBUG] Found Verify that ENTER ACCOUNT INFORMATION is visible in current project scope.
11-12-2022 21:44:10.995 [java] [DEBUG] Comparing 'StepDefinition.RegisterUserStepImplementation.close' and 'StepDefinition.RegisterUserStepImplementation.close'
11-12-2022 21:44:10.995 [java] [DEBUG] Found Close in current project scope.
11-12-2022 21:44:10.995 [java] [DEBUG] Comparing 'StepDefinition.RegisterUserStepImplementation.createAccountButtun' and 'StepDefinition.RegisterUserStepImplementation.createAccountButtun'
11-12-2022 21:44:10.995 [java] [DEBUG] Found Click Create Account button in current project scope.
11-12-2022 21:44:10.995 [java] [DEBUG] Comparing 'StepDefinition.RegisterUserStepImplementation.continueButton' and 'StepDefinition.RegisterUserStepImplementation.continueButton'
11-12-2022 21:44:10.995 [java] [DEBUG] Found Click Continue button in current project scope.
11-12-2022 21:44:10.995 [java] [DEBUG] Comparing 'StepDefinition.RegisterUserStepImplementation.verifyACVisible' and 'StepDefinition.RegisterUserStepImplementation.verifyACVisible'
11-12-2022 21:44:10.995 [java] [DEBUG] Found Verify that ACCOUNT CREATED is visible in current project scope.
11-12-2022 21:44:10.995 [java] [DEBUG] Comparing 'StepDefinition.RegisterUserStepImplementation.url' and 'StepDefinition.RegisterUserStepImplementation.url'
11-12-2022 21:44:10.996 [java] [DEBUG] Found Navigate to Url in current project scope.
11-12-2022 21:44:10.996 [java] [DEBUG] Comparing 'StepDefinition.RegisterUserStepImplementation.VerifyNewUser' and 'StepDefinition.RegisterUserStepImplementation.VerifyNewUser'
11-12-2022 21:44:10.996 [java] [DEBUG] Found Verify New User Signup is visible in current project scope.
11-12-2022 21:44:10.996 [java] [DEBUG] Scanning packages for hooks
11-12-2022 21:44:10.998 [java] [DEBUG] Scanned steps (using static parsing + reflections): 
11-12-2022 21:44:10.998 [java] [DEBUG] 	Click Create Account button : public void createAccountButtun()
11-12-2022 21:44:10.998 [java] [DEBUG] 	Navigate to Url : public void url()
11-12-2022 21:44:10.998 [java] [DEBUG] 	Click Signup button : public void signupButton()
11-12-2022 21:44:10.998 [java] [DEBUG] 	Fill details Title, Name, Email, Password, Date of birth : public void fiildeatails() throws InterruptedException
11-12-2022 21:44:10.998 [java] [DEBUG] 	Enter name and email address : public void nameAndEmailAndAddress()
11-12-2022 21:44:10.998 [java] [DEBUG] 	Navigate to Browser : public void browser()
11-12-2022 21:44:10.998 [java] [DEBUG] 	Click Continue button : public void continueButton()
11-12-2022 21:44:10.998 [java] [DEBUG] 	Verify New User Signup is visible : public void VerifyNewUser()
11-12-2022 21:44:10.998 [java] [DEBUG] 	Click on Signup Login button : public void loginButton()
11-12-2022 21:44:10.998 [java] [DEBUG] 	Verify that ACCOUNT CREATED is visible : public void verifyACVisible()
11-12-2022 21:44:10.998 [java] [DEBUG] 	Logout : public void logout()
11-12-2022 21:44:10.998 [java] [DEBUG] 	Close : public void close()
11-12-2022 21:44:10.998 [java] [DEBUG] 	Verify that ENTER ACCOUNT INFORMATION is visible : public void verifyEATVisible()
11-12-2022 21:44:11.421 [Gauge] [DEBUG] Validation completed.
11-12-2022 21:44:11.422 [Gauge] [DEBUG] Run started
11-12-2022 21:44:11.423 [Gauge] [DEBUG] Starting Html Report plugin
11-12-2022 21:44:11.435 [html-report] [DEBUG] Setting MaxRecvMsgSize = 1024 MB
11-12-2022 21:44:11.435 [Gauge] [DEBUG] Attempting to connect to grpc server at port: 49556
11-12-2022 21:44:11.436 [Gauge] [DEBUG] Successfully made the connection with plugin with port: 49556
11-12-2022 21:44:11.436 [Gauge] [DEBUG] Initialising suite data store.
11-12-2022 21:44:11.464 [java] [DEBUG] Executing 'Navigate to Browser' using 'class StepDefinition.RegisterUserStepImplementation.browser
11-12-2022 21:44:11.870 [java] [ERROR] Starting ChromeDriver 108.0.5359.71 (1e0e3868ee06e91ad636a874420e3ca3ae3756ac-refs/branch-heads/5359@{#1016}) on port 62619
11-12-2022 21:44:11.870 [java] [ERROR] Only local connections are allowed.
11-12-2022 21:44:11.870 [java] [ERROR] Please see https://chromedriver.chromium.org/security-considerations for suggestions on keeping ChromeDriver safe.
11-12-2022 21:44:11.873 [java] [ERROR] ChromeDriver was started successfully.
11-12-2022 21:44:12.536 [java] [ERROR] Ara 11, 2022 9:44:12 ÖS org.openqa.selenium.remote.ProtocolHandshake createSession
11-12-2022 21:44:12.536 [java] [ERROR] INFO: Detected upstream dialect: W3C
11-12-2022 21:44:12.572 [java] [ERROR] Ara 11, 2022 9:44:12 ÖS org.openqa.selenium.devtools.CdpVersionFinder findNearestMatch
11-12-2022 21:44:12.572 [java] [ERROR] WARNING: Unable to find an exact match for CDP version 108, so returning the closest version found: 104
11-12-2022 21:44:12.572 [java] [ERROR] Ara 11, 2022 9:44:12 ÖS org.openqa.selenium.devtools.CdpVersionFinder findNearestMatch
11-12-2022 21:44:12.572 [java] [ERROR] INFO: Found CDP implementation for version 108 of 104
11-12-2022 21:44:12.710 [java] [DEBUG] Executing 'Navigate to Url' using 'class StepDefinition.RegisterUserStepImplementation.url
11-12-2022 21:44:17.823 [java] [DEBUG] Executing 'Click on Signup Login button' using 'class StepDefinition.RegisterUserStepImplementation.loginButton
11-12-2022 21:44:20.788 [java] [DEBUG] Executing 'Verify New User Signup is visible' using 'class StepDefinition.RegisterUserStepImplementation.VerifyNewUser
11-12-2022 21:44:20.806 [java] [DEBUG] Executing 'Enter name and email address' using 'class StepDefinition.RegisterUserStepImplementation.nameAndEmailAndAddress
11-12-2022 21:44:20.875 [java] [DEBUG] Executing 'Click Signup button' using 'class StepDefinition.RegisterUserStepImplementation.signupButton
11-12-2022 21:44:23.745 [java] [DEBUG] Executing 'Verify that ENTER ACCOUNT INFORMATION is visible' using 'class StepDefinition.RegisterUserStepImplementation.verifyEATVisible
11-12-2022 21:44:23.763 [java] [DEBUG] Executing 'Fill details Title, Name, Email, Password, Date of birth' using 'class StepDefinition.RegisterUserStepImplementation.fiildeatails
11-12-2022 21:44:39.405 [java] [DEBUG] Executing 'Click Create Account button' using 'class StepDefinition.RegisterUserStepImplementation.createAccountButtun
11-12-2022 21:44:43.269 [java] [DEBUG] Executing 'Verify that ACCOUNT CREATED is visible' using 'class StepDefinition.RegisterUserStepImplementation.verifyACVisible
11-12-2022 21:44:43.288 [java] [DEBUG] Executing 'Click Continue button' using 'class StepDefinition.RegisterUserStepImplementation.continueButton
11-12-2022 21:44:46.600 [java] [DEBUG] Executing 'Logout' using 'class StepDefinition.RegisterUserStepImplementation.logout
11-12-2022 21:44:48.113 [java] [DEBUG] Executing 'Close' using 'class StepDefinition.RegisterUserStepImplementation.close
11-12-2022 21:44:48.249 [html-report] [DEBUG] Transformed SuiteResult to report structure
11-12-2022 21:44:48.261 [html-report] [INFO] Successfully generated html-report to => C:\Users\mmete\IdeaProjects\gaugeExample\reports\html-report\index.html
11-12-2022 21:44:48.261 [html-report] [DEBUG] Done generating HTML report using theme from C:\Users\mmete\AppData\Roaming\gauge\plugins\html-report\4.2.0\themes\default
11-12-2022 21:44:48.261 [Gauge] [DEBUG] Sending kill message to Html Report plugin.
11-12-2022 21:44:48.262 [java] [DEBUG] Killing Java runner...
11-12-2022 21:44:48.263 [java] [DEBUG] Stopping execution pool...
11-12-2022 21:44:48.263 [java] [DEBUG] Shutting down grpc server...
11-12-2022 21:44:48.267 [java] [DEBUG] Runner killed gracefully.
11-12-2022 21:44:48.903 [Gauge] [DEBUG] Runner with PID:14832 has exited
11-12-2022 21:44:48.903 [Gauge] [INFO] Specifications:	1 executed	1 passed	0 failed	0 skipped
11-12-2022 21:44:48.903 [Gauge] [INFO] Scenarios:	1 executed	1 passed	0 failed	0 skipped
11-12-2022 21:44:48.903 [Gauge] [INFO] 
Total time taken: 36.826s
